::1 - - [28/Oct/2019:14:40:34 +0000] "OPTIONS /search HTTP/1.1" 200 20 "http://localhost:4200/search" "Mozilla/5.0 (Windows NT 10.0; Win64; x64) AppleWebKit/537.36 (KHTML, like Gecko) Chrome/77.0.3865.120 Safari/537.36"
::1 - - [28/Oct/2019:14:40:42 +0000] "POST /search HTTP/1.1" 200 559815 "http://localhost:4200/search" "Mozilla/5.0 (Windows NT 10.0; Win64; x64) AppleWebKit/537.36 (KHTML, like Gecko) Chrome/77.0.3865.120 Safari/537.36"
::1 - - [28/Oct/2019:17:05:27 +0000] "OPTIONS /profile/user-profile-data HTTP/1.1" 200 20 "http://localhost:4200/" "Mozilla/5.0 (Windows NT 10.0; Win64; x64) AppleWebKit/537.36 (KHTML, like Gecko) Chrome/77.0.3865.120 Safari/537.36"
::1 - - [28/Oct/2019:17:05:29 +0000] "GET /profile/user-profile-data HTTP/1.1" 200 250 "http://localhost:4200/" "Mozilla/5.0 (Windows NT 10.0; Win64; x64) AppleWebKit/537.36 (KHTML, like Gecko) Chrome/77.0.3865.120 Safari/537.36"
::1 - - [28/Oct/2019:17:05:55 +0000] "OPTIONS /profile/user-address HTTP/1.1" 200 20 "http://localhost:4200/prod_reg" "Mozilla/5.0 (Windows NT 10.0; Win64; x64) AppleWebKit/537.36 (KHTML, like Gecko) Chrome/77.0.3865.120 Safari/537.36"
::1 - - [28/Oct/2019:17:05:57 +0000] "GET /profile/user-address HTTP/1.1" 200 133 "http://localhost:4200/prod_reg" "Mozilla/5.0 (Windows NT 10.0; Win64; x64) AppleWebKit/537.36 (KHTML, like Gecko) Chrome/77.0.3865.120 Safari/537.36"
::1 - - [28/Oct/2019:17:06:12 +0000] "OPTIONS /prodregistration HTTP/1.1" 200 20 "http://localhost:4200/prod_reg" "Mozilla/5.0 (Windows NT 10.0; Win64; x64) AppleWebKit/537.36 (KHTML, like Gecko) Chrome/77.0.3865.120 Safari/537.36"
::1 - - [28/Oct/2019:17:06:18 +0000] "POST /prodregistration HTTP/1.1" 200 128 "http://localhost:4200/prod_reg" "Mozilla/5.0 (Windows NT 10.0; Win64; x64) AppleWebKit/537.36 (KHTML, like Gecko) Chrome/77.0.3865.120 Safari/537.36"
::1 - - [28/Oct/2019:17:06:22 +0000] "OPTIONS /search HTTP/1.1" 200 20 "http://localhost:4200/search" "Mozilla/5.0 (Windows NT 10.0; Win64; x64) AppleWebKit/537.36 (KHTML, like Gecko) Chrome/77.0.3865.120 Safari/537.36"
::1 - - [28/Oct/2019:17:06:23 +0000] "POST /search HTTP/1.1" 200 591344 "http://localhost:4200/search" "Mozilla/5.0 (Windows NT 10.0; Win64; x64) AppleWebKit/537.36 (KHTML, like Gecko) Chrome/77.0.3865.120 Safari/537.36"
::1 - - [28/Oct/2019:17:06:28 +0000] "OPTIONS /prod-page HTTP/1.1" 200 20 "http://localhost:4200/search" "Mozilla/5.0 (Windows NT 10.0; Win64; x64) AppleWebKit/537.36 (KHTML, like Gecko) Chrome/77.0.3865.120 Safari/537.36"
::1 - - [28/Oct/2019:17:06:28 +0000] "POST /prod-page HTTP/1.1" 200 31530 "http://localhost:4200/search" "Mozilla/5.0 (Windows NT 10.0; Win64; x64) AppleWebKit/537.36 (KHTML, like Gecko) Chrome/77.0.3865.120 Safari/537.36"
::1 - - [28/Oct/2019:17:08:47 +0000] "OPTIONS /profile/user-profile-data HTTP/1.1" 200 20 "http://localhost:4200/prod_page/4/1" "Mozilla/5.0 (Windows NT 10.0; Win64; x64) AppleWebKit/537.36 (KHTML, like Gecko) Chrome/77.0.3865.120 Safari/537.36"
::1 - - [28/Oct/2019:17:08:47 +0000] "GET /profile/user-profile-data HTTP/1.1" 304 - "http://localhost:4200/prod_page/4/1" "Mozilla/5.0 (Windows NT 10.0; Win64; x64) AppleWebKit/537.36 (KHTML, like Gecko) Chrome/77.0.3865.120 Safari/537.36"
::1 - - [28/Oct/2019:21:38:26 +0000] "OPTIONS /profile/user-profile-data HTTP/1.1" 200 20 "http://localhost:4200/user_page/buyed" "Mozilla/5.0 (Windows NT 10.0; Win64; x64) AppleWebKit/537.36 (KHTML, like Gecko) Chrome/77.0.3865.120 Safari/537.36"
::1 - - [28/Oct/2019:21:38:27 +0000] "GET /profile/user-profile-data HTTP/1.1" 304 - "http://localhost:4200/user_page/buyed" "Mozilla/5.0 (Windows NT 10.0; Win64; x64) AppleWebKit/537.36 (KHTML, like Gecko) Chrome/77.0.3865.120 Safari/537.36"
::1 - - [28/Oct/2019:21:49:42 +0000] "OPTIONS /profile/user-profile-data HTTP/1.1" 200 20 "http://localhost:4200/user_page/buyed" "Mozilla/5.0 (Windows NT 10.0; Win64; x64) AppleWebKit/537.36 (KHTML, like Gecko) Chrome/77.0.3865.120 Safari/537.36"
::1 - - [28/Oct/2019:21:49:45 +0000] "GET /profile/user-profile-data HTTP/1.1" 304 - "http://localhost:4200/user_page/buyed" "Mozilla/5.0 (Windows NT 10.0; Win64; x64) AppleWebKit/537.36 (KHTML, like Gecko) Chrome/77.0.3865.120 Safari/537.36"
::1 - - [28/Oct/2019:21:50:07 +0000] "OPTIONS /search HTTP/1.1" 200 20 "http://localhost:4200/search" "Mozilla/5.0 (Windows NT 10.0; Win64; x64) AppleWebKit/537.36 (KHTML, like Gecko) Chrome/77.0.3865.120 Safari/537.36"
::1 - - [28/Oct/2019:21:50:08 +0000] "POST /search HTTP/1.1" 200 591344 "http://localhost:4200/search" "Mozilla/5.0 (Windows NT 10.0; Win64; x64) AppleWebKit/537.36 (KHTML, like Gecko) Chrome/77.0.3865.120 Safari/537.36"
::1 - - [28/Oct/2019:21:50:13 +0000] "OPTIONS /profile/user-profile-data HTTP/1.1" 200 20 "http://localhost:4200/user_page/buyed" "Mozilla/5.0 (Windows NT 10.0; Win64; x64) AppleWebKit/537.36 (KHTML, like Gecko) Chrome/77.0.3865.120 Safari/537.36"
::1 - - [28/Oct/2019:21:50:13 +0000] "GET /profile/user-profile-data HTTP/1.1" 304 - "http://localhost:4200/user_page/buyed" "Mozilla/5.0 (Windows NT 10.0; Win64; x64) AppleWebKit/537.36 (KHTML, like Gecko) Chrome/77.0.3865.120 Safari/537.36"
::1 - - [28/Oct/2019:21:50:29 +0000] "OPTIONS /profile/update-profile-pic HTTP/1.1" 200 20 "http://localhost:4200/user_page/buyed" "Mozilla/5.0 (Windows NT 10.0; Win64; x64) AppleWebKit/537.36 (KHTML, like Gecko) Chrome/77.0.3865.120 Safari/537.36"
::1 - - [28/Oct/2019:21:53:53 +0000] "OPTIONS /profile/update-profile-pic HTTP/1.1" 200 20 "http://localhost:4200/user_page/buyed" "Mozilla/5.0 (Windows NT 10.0; Win64; x64) AppleWebKit/537.36 (KHTML, like Gecko) Chrome/77.0.3865.120 Safari/537.36"
::1 - - [28/Oct/2019:21:54:53 +0000] "OPTIONS /profile/user-profile-data HTTP/1.1" 200 20 "http://localhost:4200/user_page/buyed" "Mozilla/5.0 (Windows NT 10.0; Win64; x64) AppleWebKit/537.36 (KHTML, like Gecko) Chrome/77.0.3865.120 Safari/537.36"
::1 - - [28/Oct/2019:21:54:53 +0000] "GET /profile/user-profile-data HTTP/1.1" 304 - "http://localhost:4200/user_page/buyed" "Mozilla/5.0 (Windows NT 10.0; Win64; x64) AppleWebKit/537.36 (KHTML, like Gecko) Chrome/77.0.3865.120 Safari/537.36"
::1 - - [28/Oct/2019:21:54:59 +0000] "OPTIONS /profile/update-profile-pic HTTP/1.1" 200 20 "http://localhost:4200/user_page/buyed" "Mozilla/5.0 (Windows NT 10.0; Win64; x64) AppleWebKit/537.36 (KHTML, like Gecko) Chrome/77.0.3865.120 Safari/537.36"
::1 - - [28/Oct/2019:21:55:00 +0000] "PATCH /profile/update-profile-pic HTTP/1.1" 200 28022 "http://localhost:4200/user_page/buyed" "Mozilla/5.0 (Windows NT 10.0; Win64; x64) AppleWebKit/537.36 (KHTML, like Gecko) Chrome/77.0.3865.120 Safari/537.36"
::1 - - [28/Oct/2019:21:57:41 +0000] "OPTIONS /profile/user-profile-data HTTP/1.1" 200 20 "http://localhost:4200/user_page/buyed" "Mozilla/5.0 (Windows NT 10.0; Win64; x64) AppleWebKit/537.36 (KHTML, like Gecko) Chrome/77.0.3865.120 Safari/537.36"
::1 - - [28/Oct/2019:21:57:41 +0000] "GET /profile/user-profile-data HTTP/1.1" 304 - "http://localhost:4200/user_page/buyed" "Mozilla/5.0 (Windows NT 10.0; Win64; x64) AppleWebKit/537.36 (KHTML, like Gecko) Chrome/77.0.3865.120 Safari/537.36"
::1 - - [28/Oct/2019:21:57:49 +0000] "OPTIONS /profile/update-profile-pic HTTP/1.1" 200 20 "http://localhost:4200/user_page/buyed" "Mozilla/5.0 (Windows NT 10.0; Win64; x64) AppleWebKit/537.36 (KHTML, like Gecko) Chrome/77.0.3865.120 Safari/537.36"
::1 - - [28/Oct/2019:21:58:29 +0000] "OPTIONS /profile/user-profile-data HTTP/1.1" 200 20 "http://localhost:4200/user_page/buyed" "Mozilla/5.0 (Windows NT 10.0; Win64; x64) AppleWebKit/537.36 (KHTML, like Gecko) Chrome/77.0.3865.120 Safari/537.36"
::1 - - [28/Oct/2019:21:58:29 +0000] "GET /profile/user-profile-data HTTP/1.1" 304 - "http://localhost:4200/user_page/buyed" "Mozilla/5.0 (Windows NT 10.0; Win64; x64) AppleWebKit/537.36 (KHTML, like Gecko) Chrome/77.0.3865.120 Safari/537.36"
::1 - - [28/Oct/2019:21:58:36 +0000] "OPTIONS /profile/update-profile-pic HTTP/1.1" 200 20 "http://localhost:4200/user_page/buyed" "Mozilla/5.0 (Windows NT 10.0; Win64; x64) AppleWebKit/537.36 (KHTML, like Gecko) Chrome/77.0.3865.120 Safari/537.36"
::1 - - [28/Oct/2019:21:58:36 +0000] "PATCH /profile/update-profile-pic HTTP/1.1" 200 28022 "http://localhost:4200/user_page/buyed" "Mozilla/5.0 (Windows NT 10.0; Win64; x64) AppleWebKit/537.36 (KHTML, like Gecko) Chrome/77.0.3865.120 Safari/537.36"
::1 - - [28/Oct/2019:21:59:21 +0000] "OPTIONS /profile/user-profile-data HTTP/1.1" 200 20 "http://localhost:4200/user_page/buyed" "Mozilla/5.0 (Windows NT 10.0; Win64; x64) AppleWebKit/537.36 (KHTML, like Gecko) Chrome/77.0.3865.120 Safari/537.36"
::1 - - [28/Oct/2019:21:59:21 +0000] "GET /profile/user-profile-data HTTP/1.1" 304 - "http://localhost:4200/user_page/buyed" "Mozilla/5.0 (Windows NT 10.0; Win64; x64) AppleWebKit/537.36 (KHTML, like Gecko) Chrome/77.0.3865.120 Safari/537.36"
::1 - - [28/Oct/2019:21:59:26 +0000] "OPTIONS /profile/update-profile-pic HTTP/1.1" 200 20 "http://localhost:4200/user_page/buyed" "Mozilla/5.0 (Windows NT 10.0; Win64; x64) AppleWebKit/537.36 (KHTML, like Gecko) Chrome/77.0.3865.120 Safari/537.36"
::1 - - [28/Oct/2019:21:59:27 +0000] "PATCH /profile/update-profile-pic HTTP/1.1" 200 31314 "http://localhost:4200/user_page/buyed" "Mozilla/5.0 (Windows NT 10.0; Win64; x64) AppleWebKit/537.36 (KHTML, like Gecko) Chrome/77.0.3865.120 Safari/537.36"
::1 - - [28/Oct/2019:21:59:53 +0000] "OPTIONS /profile/user-profile-data HTTP/1.1" 200 20 "http://localhost:4200/user_page/buyed" "Mozilla/5.0 (Windows NT 10.0; Win64; x64) AppleWebKit/537.36 (KHTML, like Gecko) Chrome/77.0.3865.120 Safari/537.36"
::1 - - [28/Oct/2019:21:59:53 +0000] "GET /profile/user-profile-data HTTP/1.1" 304 - "http://localhost:4200/user_page/buyed" "Mozilla/5.0 (Windows NT 10.0; Win64; x64) AppleWebKit/537.36 (KHTML, like Gecko) Chrome/77.0.3865.120 Safari/537.36"
::1 - - [28/Oct/2019:21:59:58 +0000] "OPTIONS /profile/update-profile-pic HTTP/1.1" 200 20 "http://localhost:4200/user_page/buyed" "Mozilla/5.0 (Windows NT 10.0; Win64; x64) AppleWebKit/537.36 (KHTML, like Gecko) Chrome/77.0.3865.120 Safari/537.36"
::1 - - [28/Oct/2019:21:59:58 +0000] "PATCH /profile/update-profile-pic HTTP/1.1" 200 28022 "http://localhost:4200/user_page/buyed" "Mozilla/5.0 (Windows NT 10.0; Win64; x64) AppleWebKit/537.36 (KHTML, like Gecko) Chrome/77.0.3865.120 Safari/537.36"
::1 - - [28/Oct/2019:22:01:09 +0000] "OPTIONS /profile/user-profile-data HTTP/1.1" 200 20 "http://localhost:4200/user_page/buyed" "Mozilla/5.0 (Windows NT 10.0; Win64; x64) AppleWebKit/537.36 (KHTML, like Gecko) Chrome/77.0.3865.120 Safari/537.36"
::1 - - [28/Oct/2019:22:01:09 +0000] "GET /profile/user-profile-data HTTP/1.1" 304 - "http://localhost:4200/user_page/buyed" "Mozilla/5.0 (Windows NT 10.0; Win64; x64) AppleWebKit/537.36 (KHTML, like Gecko) Chrome/77.0.3865.120 Safari/537.36"
::1 - - [28/Oct/2019:22:02:25 +0000] "OPTIONS /profile/user-profile-data HTTP/1.1" 200 20 "http://localhost:4200/user_page/buyed" "Mozilla/5.0 (Windows NT 10.0; Win64; x64) AppleWebKit/537.36 (KHTML, like Gecko) Chrome/77.0.3865.120 Safari/537.36"
::1 - - [28/Oct/2019:22:02:26 +0000] "GET /profile/user-profile-data HTTP/1.1" 304 - "http://localhost:4200/user_page/buyed" "Mozilla/5.0 (Windows NT 10.0; Win64; x64) AppleWebKit/537.36 (KHTML, like Gecko) Chrome/77.0.3865.120 Safari/537.36"
::1 - - [28/Oct/2019:22:02:39 +0000] "OPTIONS /profile/update-profile-pic HTTP/1.1" 200 20 "http://localhost:4200/user_page/buyed" "Mozilla/5.0 (Windows NT 10.0; Win64; x64) AppleWebKit/537.36 (KHTML, like Gecko) Chrome/77.0.3865.120 Safari/537.36"
::1 - - [28/Oct/2019:22:02:39 +0000] "PATCH /profile/update-profile-pic HTTP/1.1" 200 59454 "http://localhost:4200/user_page/buyed" "Mozilla/5.0 (Windows NT 10.0; Win64; x64) AppleWebKit/537.36 (KHTML, like Gecko) Chrome/77.0.3865.120 Safari/537.36"
::1 - - [28/Oct/2019:22:03:02 +0000] "OPTIONS /profile/user-profile-data HTTP/1.1" 200 20 "http://localhost:4200/user_page/buyed" "Mozilla/5.0 (Windows NT 10.0; Win64; x64) AppleWebKit/537.36 (KHTML, like Gecko) Chrome/77.0.3865.120 Safari/537.36"
::1 - - [28/Oct/2019:22:03:02 +0000] "GET /profile/user-profile-data HTTP/1.1" 304 - "http://localhost:4200/user_page/buyed" "Mozilla/5.0 (Windows NT 10.0; Win64; x64) AppleWebKit/537.36 (KHTML, like Gecko) Chrome/77.0.3865.120 Safari/537.36"
::1 - - [28/Oct/2019:22:41:07 +0000] "OPTIONS /profile/user-profile-data HTTP/1.1" 200 20 "http://localhost:4200/user_page/buyed" "Mozilla/5.0 (Windows NT 10.0; Win64; x64) AppleWebKit/537.36 (KHTML, like Gecko) Chrome/77.0.3865.120 Safari/537.36"
::1 - - [28/Oct/2019:22:41:07 +0000] "GET /profile/user-profile-data HTTP/1.1" 304 - "http://localhost:4200/user_page/buyed" "Mozilla/5.0 (Windows NT 10.0; Win64; x64) AppleWebKit/537.36 (KHTML, like Gecko) Chrome/77.0.3865.120 Safari/537.36"
::1 - - [28/Oct/2019:22:41:17 +0000] "OPTIONS /profile/update-profile-pic HTTP/1.1" 200 20 "http://localhost:4200/user_page/buyed" "Mozilla/5.0 (Windows NT 10.0; Win64; x64) AppleWebKit/537.36 (KHTML, like Gecko) Chrome/77.0.3865.120 Safari/537.36"
::1 - - [28/Oct/2019:22:41:17 +0000] "PATCH /profile/update-profile-pic HTTP/1.1" 200 31314 "http://localhost:4200/user_page/buyed" "Mozilla/5.0 (Windows NT 10.0; Win64; x64) AppleWebKit/537.36 (KHTML, like Gecko) Chrome/77.0.3865.120 Safari/537.36"
::1 - - [28/Oct/2019:22:42:00 +0000] "OPTIONS /profile/user-profile-data HTTP/1.1" 200 20 "http://localhost:4200/user_page/buyed" "Mozilla/5.0 (Windows NT 10.0; Win64; x64) AppleWebKit/537.36 (KHTML, like Gecko) Chrome/77.0.3865.120 Safari/537.36"
::1 - - [28/Oct/2019:22:42:00 +0000] "GET /profile/user-profile-data HTTP/1.1" 304 - "http://localhost:4200/user_page/buyed" "Mozilla/5.0 (Windows NT 10.0; Win64; x64) AppleWebKit/537.36 (KHTML, like Gecko) Chrome/77.0.3865.120 Safari/537.36"
::1 - - [28/Oct/2019:22:42:07 +0000] "OPTIONS /profile/update-profile-pic HTTP/1.1" 200 20 "http://localhost:4200/user_page/buyed" "Mozilla/5.0 (Windows NT 10.0; Win64; x64) AppleWebKit/537.36 (KHTML, like Gecko) Chrome/77.0.3865.120 Safari/537.36"
::1 - - [28/Oct/2019:22:42:07 +0000] "PATCH /profile/update-profile-pic HTTP/1.1" 200 28022 "http://localhost:4200/user_page/buyed" "Mozilla/5.0 (Windows NT 10.0; Win64; x64) AppleWebKit/537.36 (KHTML, like Gecko) Chrome/77.0.3865.120 Safari/537.36"
::1 - - [28/Oct/2019:22:43:07 +0000] "OPTIONS /profile/update-profile-pic HTTP/1.1" 200 20 "http://localhost:4200/user_page/buyed" "Mozilla/5.0 (Windows NT 10.0; Win64; x64) AppleWebKit/537.36 (KHTML, like Gecko) Chrome/77.0.3865.120 Safari/537.36"
::1 - - [28/Oct/2019:22:43:07 +0000] "PATCH /profile/update-profile-pic HTTP/1.1" 200 182994 "http://localhost:4200/user_page/buyed" "Mozilla/5.0 (Windows NT 10.0; Win64; x64) AppleWebKit/537.36 (KHTML, like Gecko) Chrome/77.0.3865.120 Safari/537.36"
::1 - - [28/Oct/2019:22:44:41 +0000] "OPTIONS /profile/user-profile-data HTTP/1.1" 200 20 "http://localhost:4200/user_page/buyed" "Mozilla/5.0 (Windows NT 10.0; Win64; x64) AppleWebKit/537.36 (KHTML, like Gecko) Chrome/77.0.3865.120 Safari/537.36"
::1 - - [28/Oct/2019:22:44:41 +0000] "GET /profile/user-profile-data HTTP/1.1" 304 - "http://localhost:4200/user_page/buyed" "Mozilla/5.0 (Windows NT 10.0; Win64; x64) AppleWebKit/537.36 (KHTML, like Gecko) Chrome/77.0.3865.120 Safari/537.36"
::1 - - [28/Oct/2019:22:44:55 +0000] "OPTIONS /profile/update-profile-pic HTTP/1.1" 200 20 "http://localhost:4200/user_page/buyed" "Mozilla/5.0 (Windows NT 10.0; Win64; x64) AppleWebKit/537.36 (KHTML, like Gecko) Chrome/77.0.3865.120 Safari/537.36"
::1 - - [28/Oct/2019:22:44:55 +0000] "PATCH /profile/update-profile-pic HTTP/1.1" 200 31314 "http://localhost:4200/user_page/buyed" "Mozilla/5.0 (Windows NT 10.0; Win64; x64) AppleWebKit/537.36 (KHTML, like Gecko) Chrome/77.0.3865.120 Safari/537.36"
::1 - - [28/Oct/2019:22:45:19 +0000] "OPTIONS /profile/user-profile-data HTTP/1.1" 200 20 "http://localhost:4200/user_page/buyed" "Mozilla/5.0 (Windows NT 10.0; Win64; x64) AppleWebKit/537.36 (KHTML, like Gecko) Chrome/77.0.3865.120 Safari/537.36"
::1 - - [28/Oct/2019:22:45:19 +0000] "GET /profile/user-profile-data HTTP/1.1" 304 - "http://localhost:4200/user_page/buyed" "Mozilla/5.0 (Windows NT 10.0; Win64; x64) AppleWebKit/537.36 (KHTML, like Gecko) Chrome/77.0.3865.120 Safari/537.36"
::1 - - [28/Oct/2019:22:45:46 +0000] "OPTIONS /profile/signin HTTP/1.1" 200 20 "http://localhost:4200/user_page/buyed" "Mozilla/5.0 (Windows NT 10.0; Win64; x64) AppleWebKit/537.36 (KHTML, like Gecko) Chrome/77.0.3865.120 Safari/537.36"
::1 - - [28/Oct/2019:22:45:46 +0000] "POST /profile/signin HTTP/1.1" 200 31638 "http://localhost:4200/user_page/buyed" "Mozilla/5.0 (Windows NT 10.0; Win64; x64) AppleWebKit/537.36 (KHTML, like Gecko) Chrome/77.0.3865.120 Safari/537.36"
::1 - - [28/Oct/2019:22:45:53 +0000] "OPTIONS /profile/user-profile-data HTTP/1.1" 200 20 "http://localhost:4200/user_page/buyed" "Mozilla/5.0 (Windows NT 10.0; Win64; x64) AppleWebKit/537.36 (KHTML, like Gecko) Chrome/77.0.3865.120 Safari/537.36"
::1 - - [28/Oct/2019:22:45:53 +0000] "GET /profile/user-profile-data HTTP/1.1" 304 - "http://localhost:4200/user_page/buyed" "Mozilla/5.0 (Windows NT 10.0; Win64; x64) AppleWebKit/537.36 (KHTML, like Gecko) Chrome/77.0.3865.120 Safari/537.36"
::1 - - [28/Oct/2019:22:47:16 +0000] "OPTIONS /profile/user-profile-data HTTP/1.1" 200 20 "http://localhost:4200/user_page/buyed" "Mozilla/5.0 (Windows NT 10.0; Win64; x64) AppleWebKit/537.36 (KHTML, like Gecko) Chrome/77.0.3865.120 Safari/537.36"
::1 - - [28/Oct/2019:22:47:16 +0000] "GET /profile/user-profile-data HTTP/1.1" 304 - "http://localhost:4200/user_page/buyed" "Mozilla/5.0 (Windows NT 10.0; Win64; x64) AppleWebKit/537.36 (KHTML, like Gecko) Chrome/77.0.3865.120 Safari/537.36"
::1 - - [29/Oct/2019:02:11:19 +0000] "OPTIONS /profile/user-profile-data HTTP/1.1" 200 20 "http://localhost:4200/user_page/buyed" "Mozilla/5.0 (Windows NT 10.0; Win64; x64) AppleWebKit/537.36 (KHTML, like Gecko) Chrome/77.0.3865.120 Safari/537.36"
::1 - - [29/Oct/2019:02:16:13 +0000] "OPTIONS /profile/signup HTTP/1.1" 200 20 "http://localhost:4200/" "Mozilla/5.0 (Windows NT 10.0; Win64; x64) AppleWebKit/537.36 (KHTML, like Gecko) Chrome/77.0.3865.120 Safari/537.36"
::1 - - [29/Oct/2019:02:16:15 +0000] "POST /profile/signup HTTP/1.1" 200 384 "http://localhost:4200/" "Mozilla/5.0 (Windows NT 10.0; Win64; x64) AppleWebKit/537.36 (KHTML, like Gecko) Chrome/77.0.3865.120 Safari/537.36"
::1 - - [29/Oct/2019:02:16:17 +0000] "OPTIONS /profile/user-profile-data HTTP/1.1" 200 20 "http://localhost:4200/" "Mozilla/5.0 (Windows NT 10.0; Win64; x64) AppleWebKit/537.36 (KHTML, like Gecko) Chrome/77.0.3865.120 Safari/537.36"
::1 - - [29/Oct/2019:02:16:17 +0000] "GET /profile/user-profile-data HTTP/1.1" 200 268 "http://localhost:4200/" "Mozilla/5.0 (Windows NT 10.0; Win64; x64) AppleWebKit/537.36 (KHTML, like Gecko) Chrome/77.0.3865.120 Safari/537.36"
::1 - - [29/Oct/2019:02:17:41 +0000] "OPTIONS /profile/user-profile-data HTTP/1.1" 200 20 "http://localhost:4200/user_page/buyed" "Mozilla/5.0 (Windows NT 10.0; Win64; x64) AppleWebKit/537.36 (KHTML, like Gecko) Chrome/77.0.3865.120 Safari/537.36"
::1 - - [29/Oct/2019:02:17:41 +0000] "GET /profile/user-profile-data HTTP/1.1" 304 - "http://localhost:4200/user_page/buyed" "Mozilla/5.0 (Windows NT 10.0; Win64; x64) AppleWebKit/537.36 (KHTML, like Gecko) Chrome/77.0.3865.120 Safari/537.36"
::1 - - [29/Oct/2019:02:18:50 +0000] "OPTIONS /profile/user-profile-data HTTP/1.1" 200 20 "http://localhost:4200/user_page/buyed" "Mozilla/5.0 (Windows NT 10.0; Win64; x64) AppleWebKit/537.36 (KHTML, like Gecko) Chrome/77.0.3865.120 Safari/537.36"
::1 - - [29/Oct/2019:02:18:50 +0000] "GET /profile/user-profile-data HTTP/1.1" 304 - "http://localhost:4200/user_page/buyed" "Mozilla/5.0 (Windows NT 10.0; Win64; x64) AppleWebKit/537.36 (KHTML, like Gecko) Chrome/77.0.3865.120 Safari/537.36"
::1 - - [29/Oct/2019:02:20:46 +0000] "OPTIONS /profile/user-profile-data HTTP/1.1" 200 20 "http://localhost:4200/user_page/buyed" "Mozilla/5.0 (Windows NT 10.0; Win64; x64) AppleWebKit/537.36 (KHTML, like Gecko) Chrome/77.0.3865.120 Safari/537.36"
::1 - - [29/Oct/2019:02:20:46 +0000] "GET /profile/user-profile-data HTTP/1.1" 304 - "http://localhost:4200/user_page/buyed" "Mozilla/5.0 (Windows NT 10.0; Win64; x64) AppleWebKit/537.36 (KHTML, like Gecko) Chrome/77.0.3865.120 Safari/537.36"
::1 - - [29/Oct/2019:02:21:37 +0000] "OPTIONS /profile/user-profile-data HTTP/1.1" 200 20 "http://localhost:4200/user_page/buyed" "Mozilla/5.0 (Windows NT 10.0; Win64; x64) AppleWebKit/537.36 (KHTML, like Gecko) Chrome/77.0.3865.120 Safari/537.36"
::1 - - [29/Oct/2019:02:21:38 +0000] "GET /profile/user-profile-data HTTP/1.1" 304 - "http://localhost:4200/user_page/buyed" "Mozilla/5.0 (Windows NT 10.0; Win64; x64) AppleWebKit/537.36 (KHTML, like Gecko) Chrome/77.0.3865.120 Safari/537.36"
::1 - - [29/Oct/2019:02:22:00 +0000] "OPTIONS /profile/user-profile-data HTTP/1.1" 200 20 "http://localhost:4200/user_page/buyed" "Mozilla/5.0 (Windows NT 10.0; Win64; x64) AppleWebKit/537.36 (KHTML, like Gecko) Chrome/77.0.3865.120 Safari/537.36"
::1 - - [29/Oct/2019:02:22:00 +0000] "GET /profile/user-profile-data HTTP/1.1" 304 - "http://localhost:4200/user_page/buyed" "Mozilla/5.0 (Windows NT 10.0; Win64; x64) AppleWebKit/537.36 (KHTML, like Gecko) Chrome/77.0.3865.120 Safari/537.36"
::1 - - [29/Oct/2019:02:22:29 +0000] "OPTIONS /profile/user-profile-data HTTP/1.1" 200 20 "http://localhost:4200/user_page/buyed" "Mozilla/5.0 (Windows NT 10.0; Win64; x64) AppleWebKit/537.36 (KHTML, like Gecko) Chrome/77.0.3865.120 Safari/537.36"
::1 - - [29/Oct/2019:02:22:29 +0000] "GET /profile/user-profile-data HTTP/1.1" 304 - "http://localhost:4200/user_page/buyed" "Mozilla/5.0 (Windows NT 10.0; Win64; x64) AppleWebKit/537.36 (KHTML, like Gecko) Chrome/77.0.3865.120 Safari/537.36"
::1 - - [29/Oct/2019:02:23:35 +0000] "OPTIONS /profile/user-profile-data HTTP/1.1" 200 20 "http://localhost:4200/user_page/buyed" "Mozilla/5.0 (Windows NT 10.0; Win64; x64) AppleWebKit/537.36 (KHTML, like Gecko) Chrome/77.0.3865.120 Safari/537.36"
::1 - - [29/Oct/2019:02:23:35 +0000] "GET /profile/user-profile-data HTTP/1.1" 304 - "http://localhost:4200/user_page/buyed" "Mozilla/5.0 (Windows NT 10.0; Win64; x64) AppleWebKit/537.36 (KHTML, like Gecko) Chrome/77.0.3865.120 Safari/537.36"
::1 - - [29/Oct/2019:02:23:45 +0000] "OPTIONS /profile/user-profile-data HTTP/1.1" 200 20 "http://localhost:4200/user_page/buyed" "Mozilla/5.0 (Windows NT 10.0; Win64; x64) AppleWebKit/537.36 (KHTML, like Gecko) Chrome/77.0.3865.120 Safari/537.36"
::1 - - [29/Oct/2019:02:23:45 +0000] "GET /profile/user-profile-data HTTP/1.1" 304 - "http://localhost:4200/user_page/buyed" "Mozilla/5.0 (Windows NT 10.0; Win64; x64) AppleWebKit/537.36 (KHTML, like Gecko) Chrome/77.0.3865.120 Safari/537.36"
