::1 - - [01/Nov/2019:03:00:08 +0000] "OPTIONS /profile/user-profile-data HTTP/1.1" 200 20 "http://localhost:4200/user_page/buyed" "Mozilla/5.0 (Windows NT 10.0; Win64; x64) AppleWebKit/537.36 (KHTML, like Gecko) Chrome/77.0.3865.120 Safari/537.36"
::1 - - [01/Nov/2019:03:00:08 +0000] "GET /profile/user-profile-data HTTP/1.1" 304 - "http://localhost:4200/user_page/buyed" "Mozilla/5.0 (Windows NT 10.0; Win64; x64) AppleWebKit/537.36 (KHTML, like Gecko) Chrome/77.0.3865.120 Safari/537.36"
::1 - - [01/Nov/2019:03:00:09 +0000] "GET /profile/user-profile-data HTTP/1.1" 304 - "http://localhost:4200/user_page/selled" "Mozilla/5.0 (Windows NT 10.0; Win64; x64) AppleWebKit/537.36 (KHTML, like Gecko) Chrome/77.0.3865.120 Safari/537.36"
::1 - - [01/Nov/2019:03:00:10 +0000] "GET /profile/user-profile-data HTTP/1.1" 304 - "http://localhost:4200/user_page/finished" "Mozilla/5.0 (Windows NT 10.0; Win64; x64) AppleWebKit/537.36 (KHTML, like Gecko) Chrome/77.0.3865.120 Safari/537.36"
::1 - - [01/Nov/2019:03:00:11 +0000] "GET /profile/user-profile-data HTTP/1.1" 304 - "http://localhost:4200/user_page/on-going" "Mozilla/5.0 (Windows NT 10.0; Win64; x64) AppleWebKit/537.36 (KHTML, like Gecko) Chrome/77.0.3865.120 Safari/537.36"
::1 - - [01/Nov/2019:03:00:13 +0000] "GET /profile/user-profile-data HTTP/1.1" 304 - "http://localhost:4200/user_page/selled" "Mozilla/5.0 (Windows NT 10.0; Win64; x64) AppleWebKit/537.36 (KHTML, like Gecko) Chrome/77.0.3865.120 Safari/537.36"
::1 - - [01/Nov/2019:03:00:13 +0000] "OPTIONS /user-profile-page/buyed HTTP/1.1" 200 20 "http://localhost:4200/user_page/selled" "Mozilla/5.0 (Windows NT 10.0; Win64; x64) AppleWebKit/537.36 (KHTML, like Gecko) Chrome/77.0.3865.120 Safari/537.36"
::1 - - [01/Nov/2019:03:00:14 +0000] "GET /user-profile-page/buyed HTTP/1.1" 304 - "http://localhost:4200/user_page/selled" "Mozilla/5.0 (Windows NT 10.0; Win64; x64) AppleWebKit/537.36 (KHTML, like Gecko) Chrome/77.0.3865.120 Safari/537.36"
::1 - - [01/Nov/2019:03:00:15 +0000] "OPTIONS /profile/user-profile-data HTTP/1.1" 200 20 "http://localhost:4200/" "Mozilla/5.0 (Windows NT 10.0; Win64; x64) AppleWebKit/537.36 (KHTML, like Gecko) Chrome/77.0.3865.120 Safari/537.36"
::1 - - [01/Nov/2019:03:00:15 +0000] "GET /profile/user-profile-data HTTP/1.1" 304 - "http://localhost:4200/" "Mozilla/5.0 (Windows NT 10.0; Win64; x64) AppleWebKit/537.36 (KHTML, like Gecko) Chrome/77.0.3865.120 Safari/537.36"
::1 - - [01/Nov/2019:03:00:16 +0000] "GET /user-profile-page/buyed HTTP/1.1" 304 - "http://localhost:4200/" "Mozilla/5.0 (Windows NT 10.0; Win64; x64) AppleWebKit/537.36 (KHTML, like Gecko) Chrome/77.0.3865.120 Safari/537.36"
::1 - - [01/Nov/2019:03:00:57 +0000] "OPTIONS /profile/user-address HTTP/1.1" 200 20 "http://localhost:4200/prod_reg" "Mozilla/5.0 (Windows NT 10.0; Win64; x64) AppleWebKit/537.36 (KHTML, like Gecko) Chrome/77.0.3865.120 Safari/537.36"
::1 - - [01/Nov/2019:03:00:57 +0000] "GET /profile/user-address HTTP/1.1" 304 - "http://localhost:4200/prod_reg" "Mozilla/5.0 (Windows NT 10.0; Win64; x64) AppleWebKit/537.36 (KHTML, like Gecko) Chrome/77.0.3865.120 Safari/537.36"
::1 - - [01/Nov/2019:03:01:14 +0000] "OPTIONS /prodregistration HTTP/1.1" 200 20 "http://localhost:4200/prod_reg" "Mozilla/5.0 (Windows NT 10.0; Win64; x64) AppleWebKit/537.36 (KHTML, like Gecko) Chrome/77.0.3865.120 Safari/537.36"
::1 - - [01/Nov/2019:03:01:15 +0000] "POST /prodregistration HTTP/1.1" 200 128 "http://localhost:4200/prod_reg" "Mozilla/5.0 (Windows NT 10.0; Win64; x64) AppleWebKit/537.36 (KHTML, like Gecko) Chrome/77.0.3865.120 Safari/537.36"
::1 - - [01/Nov/2019:03:01:19 +0000] "OPTIONS /search HTTP/1.1" 200 20 "http://localhost:4200/prod_reg" "Mozilla/5.0 (Windows NT 10.0; Win64; x64) AppleWebKit/537.36 (KHTML, like Gecko) Chrome/77.0.3865.120 Safari/537.36"
::1 - - [01/Nov/2019:03:01:19 +0000] "OPTIONS /search HTTP/1.1" 200 20 "http://localhost:4200/search" "Mozilla/5.0 (Windows NT 10.0; Win64; x64) AppleWebKit/537.36 (KHTML, like Gecko) Chrome/77.0.3865.120 Safari/537.36"
::1 - - [01/Nov/2019:03:01:20 +0000] "POST /search HTTP/1.1" 200 63211 "http://localhost:4200/search" "Mozilla/5.0 (Windows NT 10.0; Win64; x64) AppleWebKit/537.36 (KHTML, like Gecko) Chrome/77.0.3865.120 Safari/537.36"
::1 - - [01/Nov/2019:03:01:20 +0000] "POST /search HTTP/1.1" 200 63211 "http://localhost:4200/search" "Mozilla/5.0 (Windows NT 10.0; Win64; x64) AppleWebKit/537.36 (KHTML, like Gecko) Chrome/77.0.3865.120 Safari/537.36"
::1 - - [01/Nov/2019:03:01:22 +0000] "OPTIONS /prod-page HTTP/1.1" 200 20 "http://localhost:4200/search" "Mozilla/5.0 (Windows NT 10.0; Win64; x64) AppleWebKit/537.36 (KHTML, like Gecko) Chrome/77.0.3865.120 Safari/537.36"
::1 - - [01/Nov/2019:03:01:22 +0000] "POST /prod-page HTTP/1.1" 200 63211 "http://localhost:4200/search" "Mozilla/5.0 (Windows NT 10.0; Win64; x64) AppleWebKit/537.36 (KHTML, like Gecko) Chrome/77.0.3865.120 Safari/537.36"
::1 - - [01/Nov/2019:03:12:08 +0000] "OPTIONS /profile/user-profile-data HTTP/1.1" 200 20 "http://localhost:4200/prod_page/1/1" "Mozilla/5.0 (Windows NT 10.0; Win64; x64) AppleWebKit/537.36 (KHTML, like Gecko) Chrome/77.0.3865.120 Safari/537.36"
::1 - - [01/Nov/2019:03:12:08 +0000] "GET /profile/user-profile-data HTTP/1.1" 304 - "http://localhost:4200/prod_page/1/1" "Mozilla/5.0 (Windows NT 10.0; Win64; x64) AppleWebKit/537.36 (KHTML, like Gecko) Chrome/77.0.3865.120 Safari/537.36"
::1 - - [01/Nov/2019:03:12:08 +0000] "OPTIONS /user-profile-page/buyed HTTP/1.1" 200 20 "http://localhost:4200/prod_page/1/1" "Mozilla/5.0 (Windows NT 10.0; Win64; x64) AppleWebKit/537.36 (KHTML, like Gecko) Chrome/77.0.3865.120 Safari/537.36"
::1 - - [01/Nov/2019:03:12:08 +0000] "GET /user-profile-page/buyed HTTP/1.1" 304 - "http://localhost:4200/prod_page/1/1" "Mozilla/5.0 (Windows NT 10.0; Win64; x64) AppleWebKit/537.36 (KHTML, like Gecko) Chrome/77.0.3865.120 Safari/537.36"
::1 - - [01/Nov/2019:03:28:03 +0000] "OPTIONS /search HTTP/1.1" 200 20 "http://localhost:4200/user_page/buyed" "Mozilla/5.0 (Windows NT 10.0; Win64; x64) AppleWebKit/537.36 (KHTML, like Gecko) Chrome/77.0.3865.120 Safari/537.36"
::1 - - [01/Nov/2019:03:28:03 +0000] "OPTIONS /search HTTP/1.1" 200 20 "http://localhost:4200/user_page/buyed" "Mozilla/5.0 (Windows NT 10.0; Win64; x64) AppleWebKit/537.36 (KHTML, like Gecko) Chrome/77.0.3865.120 Safari/537.36"
::1 - - [01/Nov/2019:03:28:03 +0000] "OPTIONS /search HTTP/1.1" 200 20 "http://localhost:4200/search" "Mozilla/5.0 (Windows NT 10.0; Win64; x64) AppleWebKit/537.36 (KHTML, like Gecko) Chrome/77.0.3865.120 Safari/537.36"
::1 - - [01/Nov/2019:03:28:03 +0000] "POST /search HTTP/1.1" 200 63211 "http://localhost:4200/search" "Mozilla/5.0 (Windows NT 10.0; Win64; x64) AppleWebKit/537.36 (KHTML, like Gecko) Chrome/77.0.3865.120 Safari/537.36"
::1 - - [01/Nov/2019:03:28:03 +0000] "POST /search HTTP/1.1" 200 63211 "http://localhost:4200/search" "Mozilla/5.0 (Windows NT 10.0; Win64; x64) AppleWebKit/537.36 (KHTML, like Gecko) Chrome/77.0.3865.120 Safari/537.36"
::1 - - [01/Nov/2019:03:28:04 +0000] "POST /search HTTP/1.1" 200 63211 "http://localhost:4200/search" "Mozilla/5.0 (Windows NT 10.0; Win64; x64) AppleWebKit/537.36 (KHTML, like Gecko) Chrome/77.0.3865.120 Safari/537.36"
::1 - - [01/Nov/2019:03:28:05 +0000] "OPTIONS /prod-page HTTP/1.1" 200 20 "http://localhost:4200/search" "Mozilla/5.0 (Windows NT 10.0; Win64; x64) AppleWebKit/537.36 (KHTML, like Gecko) Chrome/77.0.3865.120 Safari/537.36"
::1 - - [01/Nov/2019:03:28:05 +0000] "POST /prod-page HTTP/1.1" 200 63211 "http://localhost:4200/search" "Mozilla/5.0 (Windows NT 10.0; Win64; x64) AppleWebKit/537.36 (KHTML, like Gecko) Chrome/77.0.3865.120 Safari/537.36"
::1 - - [01/Nov/2019:03:29:01 +0000] "OPTIONS /prod-page HTTP/1.1" 200 20 "http://localhost:4200/prod_page/1/1" "Mozilla/5.0 (Windows NT 10.0; Win64; x64) AppleWebKit/537.36 (KHTML, like Gecko) Chrome/77.0.3865.120 Safari/537.36"
::1 - - [01/Nov/2019:03:29:01 +0000] "POST /prod-page HTTP/1.1" 200 63211 "http://localhost:4200/prod_page/1/1" "Mozilla/5.0 (Windows NT 10.0; Win64; x64) AppleWebKit/537.36 (KHTML, like Gecko) Chrome/77.0.3865.120 Safari/537.36"
::1 - - [01/Nov/2019:03:29:36 +0000] "OPTIONS /prod-page HTTP/1.1" 200 20 "http://localhost:4200/prod_page/1/1" "Mozilla/5.0 (Windows NT 10.0; Win64; x64) AppleWebKit/537.36 (KHTML, like Gecko) Chrome/77.0.3865.120 Safari/537.36"
::1 - - [01/Nov/2019:03:29:36 +0000] "POST /prod-page HTTP/1.1" 200 63211 "http://localhost:4200/prod_page/1/1" "Mozilla/5.0 (Windows NT 10.0; Win64; x64) AppleWebKit/537.36 (KHTML, like Gecko) Chrome/77.0.3865.120 Safari/537.36"
::1 - - [01/Nov/2019:03:30:00 +0000] "OPTIONS /prod-page HTTP/1.1" 200 20 "http://localhost:4200/prod_page/1/1" "Mozilla/5.0 (Windows NT 10.0; Win64; x64) AppleWebKit/537.36 (KHTML, like Gecko) Chrome/77.0.3865.120 Safari/537.36"
::1 - - [01/Nov/2019:03:30:01 +0000] "POST /prod-page HTTP/1.1" 200 63211 "http://localhost:4200/prod_page/1/1" "Mozilla/5.0 (Windows NT 10.0; Win64; x64) AppleWebKit/537.36 (KHTML, like Gecko) Chrome/77.0.3865.120 Safari/537.36"
::1 - - [01/Nov/2019:03:30:41 +0000] "OPTIONS /prod-page HTTP/1.1" 200 20 "http://localhost:4200/prod_page/1/1" "Mozilla/5.0 (Windows NT 10.0; Win64; x64) AppleWebKit/537.36 (KHTML, like Gecko) Chrome/77.0.3865.120 Safari/537.36"
::1 - - [01/Nov/2019:03:30:42 +0000] "POST /prod-page HTTP/1.1" 200 63211 "http://localhost:4200/prod_page/1/1" "Mozilla/5.0 (Windows NT 10.0; Win64; x64) AppleWebKit/537.36 (KHTML, like Gecko) Chrome/77.0.3865.120 Safari/537.36"
::1 - - [01/Nov/2019:03:30:45 +0000] "OPTIONS /profile/user-profile-data HTTP/1.1" 200 20 "http://localhost:4200/prod_page/1/1" "Mozilla/5.0 (Windows NT 10.0; Win64; x64) AppleWebKit/537.36 (KHTML, like Gecko) Chrome/77.0.3865.120 Safari/537.36"
::1 - - [01/Nov/2019:03:30:45 +0000] "GET /profile/user-profile-data HTTP/1.1" 304 - "http://localhost:4200/prod_page/1/1" "Mozilla/5.0 (Windows NT 10.0; Win64; x64) AppleWebKit/537.36 (KHTML, like Gecko) Chrome/77.0.3865.120 Safari/537.36"
::1 - - [01/Nov/2019:03:30:45 +0000] "OPTIONS /user-profile-page/buyed HTTP/1.1" 200 20 "http://localhost:4200/prod_page/1/1" "Mozilla/5.0 (Windows NT 10.0; Win64; x64) AppleWebKit/537.36 (KHTML, like Gecko) Chrome/77.0.3865.120 Safari/537.36"
::1 - - [01/Nov/2019:03:30:46 +0000] "GET /user-profile-page/buyed HTTP/1.1" 304 - "http://localhost:4200/prod_page/1/1" "Mozilla/5.0 (Windows NT 10.0; Win64; x64) AppleWebKit/537.36 (KHTML, like Gecko) Chrome/77.0.3865.120 Safari/537.36"
::1 - - [01/Nov/2019:03:30:50 +0000] "OPTIONS /search HTTP/1.1" 200 20 "http://localhost:4200/search" "Mozilla/5.0 (Windows NT 10.0; Win64; x64) AppleWebKit/537.36 (KHTML, like Gecko) Chrome/77.0.3865.120 Safari/537.36"
::1 - - [01/Nov/2019:03:30:51 +0000] "POST /search HTTP/1.1" 200 63211 "http://localhost:4200/search" "Mozilla/5.0 (Windows NT 10.0; Win64; x64) AppleWebKit/537.36 (KHTML, like Gecko) Chrome/77.0.3865.120 Safari/537.36"
::1 - - [01/Nov/2019:03:30:52 +0000] "OPTIONS /prod-page HTTP/1.1" 200 20 "http://localhost:4200/search" "Mozilla/5.0 (Windows NT 10.0; Win64; x64) AppleWebKit/537.36 (KHTML, like Gecko) Chrome/77.0.3865.120 Safari/537.36"
::1 - - [01/Nov/2019:03:30:52 +0000] "POST /prod-page HTTP/1.1" 200 63211 "http://localhost:4200/search" "Mozilla/5.0 (Windows NT 10.0; Win64; x64) AppleWebKit/537.36 (KHTML, like Gecko) Chrome/77.0.3865.120 Safari/537.36"
::1 - - [01/Nov/2019:03:32:06 +0000] "OPTIONS /prod-page HTTP/1.1" 200 20 "http://localhost:4200/prod_page/1/1" "Mozilla/5.0 (Windows NT 10.0; Win64; x64) AppleWebKit/537.36 (KHTML, like Gecko) Chrome/77.0.3865.120 Safari/537.36"
::1 - - [01/Nov/2019:03:32:07 +0000] "POST /prod-page HTTP/1.1" 200 63211 "http://localhost:4200/prod_page/1/1" "Mozilla/5.0 (Windows NT 10.0; Win64; x64) AppleWebKit/537.36 (KHTML, like Gecko) Chrome/77.0.3865.120 Safari/537.36"
::1 - - [01/Nov/2019:03:32:43 +0000] "OPTIONS /prod-page HTTP/1.1" 200 20 "http://localhost:4200/prod_page/1/1" "Mozilla/5.0 (Windows NT 10.0; Win64; x64) AppleWebKit/537.36 (KHTML, like Gecko) Chrome/77.0.3865.120 Safari/537.36"
::1 - - [01/Nov/2019:03:32:44 +0000] "POST /prod-page HTTP/1.1" 200 63211 "http://localhost:4200/prod_page/1/1" "Mozilla/5.0 (Windows NT 10.0; Win64; x64) AppleWebKit/537.36 (KHTML, like Gecko) Chrome/77.0.3865.120 Safari/537.36"
::1 - - [01/Nov/2019:03:33:22 +0000] "OPTIONS /prod-page HTTP/1.1" 200 20 "http://localhost:4200/prod_page/1/1" "Mozilla/5.0 (Windows NT 10.0; Win64; x64) AppleWebKit/537.36 (KHTML, like Gecko) Chrome/77.0.3865.120 Safari/537.36"
::1 - - [01/Nov/2019:03:33:23 +0000] "POST /prod-page HTTP/1.1" 200 63211 "http://localhost:4200/prod_page/1/1" "Mozilla/5.0 (Windows NT 10.0; Win64; x64) AppleWebKit/537.36 (KHTML, like Gecko) Chrome/77.0.3865.120 Safari/537.36"
::1 - - [01/Nov/2019:03:33:31 +0000] "OPTIONS /profile/user-profile-data HTTP/1.1" 200 20 "http://localhost:4200/prod_page/1/1" "Mozilla/5.0 (Windows NT 10.0; Win64; x64) AppleWebKit/537.36 (KHTML, like Gecko) Chrome/77.0.3865.120 Safari/537.36"
::1 - - [01/Nov/2019:03:33:32 +0000] "GET /profile/user-profile-data HTTP/1.1" 304 - "http://localhost:4200/prod_page/1/1" "Mozilla/5.0 (Windows NT 10.0; Win64; x64) AppleWebKit/537.36 (KHTML, like Gecko) Chrome/77.0.3865.120 Safari/537.36"
::1 - - [01/Nov/2019:03:33:32 +0000] "OPTIONS /user-profile-page/buyed HTTP/1.1" 200 20 "http://localhost:4200/prod_page/1/1" "Mozilla/5.0 (Windows NT 10.0; Win64; x64) AppleWebKit/537.36 (KHTML, like Gecko) Chrome/77.0.3865.120 Safari/537.36"
::1 - - [01/Nov/2019:03:33:32 +0000] "GET /user-profile-page/buyed HTTP/1.1" 304 - "http://localhost:4200/prod_page/1/1" "Mozilla/5.0 (Windows NT 10.0; Win64; x64) AppleWebKit/537.36 (KHTML, like Gecko) Chrome/77.0.3865.120 Safari/537.36"
::1 - - [01/Nov/2019:03:33:35 +0000] "OPTIONS /search HTTP/1.1" 200 20 "http://localhost:4200/search" "Mozilla/5.0 (Windows NT 10.0; Win64; x64) AppleWebKit/537.36 (KHTML, like Gecko) Chrome/77.0.3865.120 Safari/537.36"
::1 - - [01/Nov/2019:03:33:35 +0000] "POST /search HTTP/1.1" 200 63211 "http://localhost:4200/search" "Mozilla/5.0 (Windows NT 10.0; Win64; x64) AppleWebKit/537.36 (KHTML, like Gecko) Chrome/77.0.3865.120 Safari/537.36"
::1 - - [01/Nov/2019:03:33:37 +0000] "OPTIONS /prod-page HTTP/1.1" 200 20 "http://localhost:4200/search" "Mozilla/5.0 (Windows NT 10.0; Win64; x64) AppleWebKit/537.36 (KHTML, like Gecko) Chrome/77.0.3865.120 Safari/537.36"
::1 - - [01/Nov/2019:03:33:37 +0000] "POST /prod-page HTTP/1.1" 200 63211 "http://localhost:4200/search" "Mozilla/5.0 (Windows NT 10.0; Win64; x64) AppleWebKit/537.36 (KHTML, like Gecko) Chrome/77.0.3865.120 Safari/537.36"
::1 - - [01/Nov/2019:03:33:38 +0000] "OPTIONS /prod-page/reg-favorite HTTP/1.1" 200 20 "http://localhost:4200/prod_page/1/1" "Mozilla/5.0 (Windows NT 10.0; Win64; x64) AppleWebKit/537.36 (KHTML, like Gecko) Chrome/77.0.3865.120 Safari/537.36"
::1 - - [01/Nov/2019:03:33:38 +0000] "POST /prod-page/reg-favorite HTTP/1.1" 500 82 "http://localhost:4200/prod_page/1/1" "Mozilla/5.0 (Windows NT 10.0; Win64; x64) AppleWebKit/537.36 (KHTML, like Gecko) Chrome/77.0.3865.120 Safari/537.36"
::1 - - [01/Nov/2019:03:34:19 +0000] "OPTIONS /prod-page/reg-favorite HTTP/1.1" 200 20 "http://localhost:4200/prod_page/1/1" "Mozilla/5.0 (Windows NT 10.0; Win64; x64) AppleWebKit/537.36 (KHTML, like Gecko) Chrome/77.0.3865.120 Safari/537.36"
::1 - - [01/Nov/2019:03:36:19 +0000] "POST /prod-page/reg-favorite HTTP/1.1" - - "http://localhost:4200/prod_page/1/1" "Mozilla/5.0 (Windows NT 10.0; Win64; x64) AppleWebKit/537.36 (KHTML, like Gecko) Chrome/77.0.3865.120 Safari/537.36"
::1 - - [01/Nov/2019:03:38:19 +0000] "POST /prod-page/reg-favorite HTTP/1.1" - - "http://localhost:4200/prod_page/1/1" "Mozilla/5.0 (Windows NT 10.0; Win64; x64) AppleWebKit/537.36 (KHTML, like Gecko) Chrome/77.0.3865.120 Safari/537.36"
::1 - - [01/Nov/2019:04:14:09 +0000] "OPTIONS /search HTTP/1.1" 200 20 "http://localhost:4200/prod_page/1/1" "Mozilla/5.0 (Windows NT 10.0; Win64; x64) AppleWebKit/537.36 (KHTML, like Gecko) Chrome/77.0.3865.120 Safari/537.36"
::1 - - [01/Nov/2019:04:14:09 +0000] "OPTIONS /search HTTP/1.1" 200 20 "http://localhost:4200/search" "Mozilla/5.0 (Windows NT 10.0; Win64; x64) AppleWebKit/537.36 (KHTML, like Gecko) Chrome/77.0.3865.120 Safari/537.36"
::1 - - [01/Nov/2019:04:14:38 +0000] "OPTIONS /profile/signup HTTP/1.1" 200 20 "http://localhost:4200/search" "Mozilla/5.0 (Windows NT 10.0; Win64; x64) AppleWebKit/537.36 (KHTML, like Gecko) Chrome/77.0.3865.120 Safari/537.36"
::1 - - [01/Nov/2019:04:14:39 +0000] "POST /profile/signup HTTP/1.1" 200 5014 "http://localhost:4200/search" "Mozilla/5.0 (Windows NT 10.0; Win64; x64) AppleWebKit/537.36 (KHTML, like Gecko) Chrome/77.0.3865.120 Safari/537.36"
::1 - - [01/Nov/2019:04:14:42 +0000] "OPTIONS /profile/user-profile-data HTTP/1.1" 200 20 "http://localhost:4200/search" "Mozilla/5.0 (Windows NT 10.0; Win64; x64) AppleWebKit/537.36 (KHTML, like Gecko) Chrome/77.0.3865.120 Safari/537.36"
::1 - - [01/Nov/2019:04:14:42 +0000] "GET /profile/user-profile-data HTTP/1.1" 200 250 "http://localhost:4200/search" "Mozilla/5.0 (Windows NT 10.0; Win64; x64) AppleWebKit/537.36 (KHTML, like Gecko) Chrome/77.0.3865.120 Safari/537.36"
::1 - - [01/Nov/2019:04:14:43 +0000] "OPTIONS /user-profile-page/buyed HTTP/1.1" 200 20 "http://localhost:4200/search" "Mozilla/5.0 (Windows NT 10.0; Win64; x64) AppleWebKit/537.36 (KHTML, like Gecko) Chrome/77.0.3865.120 Safari/537.36"
::1 - - [01/Nov/2019:04:14:43 +0000] "GET /user-profile-page/buyed HTTP/1.1" 304 - "http://localhost:4200/search" "Mozilla/5.0 (Windows NT 10.0; Win64; x64) AppleWebKit/537.36 (KHTML, like Gecko) Chrome/77.0.3865.120 Safari/537.36"
::1 - - [01/Nov/2019:04:14:47 +0000] "GET /profile/user-profile-data HTTP/1.1" 304 - "http://localhost:4200/prod_reg" "Mozilla/5.0 (Windows NT 10.0; Win64; x64) AppleWebKit/537.36 (KHTML, like Gecko) Chrome/77.0.3865.120 Safari/537.36"
::1 - - [01/Nov/2019:04:14:47 +0000] "GET /user-profile-page/buyed HTTP/1.1" 304 - "http://localhost:4200/prod_reg" "Mozilla/5.0 (Windows NT 10.0; Win64; x64) AppleWebKit/537.36 (KHTML, like Gecko) Chrome/77.0.3865.120 Safari/537.36"
::1 - - [01/Nov/2019:04:15:27 +0000] "OPTIONS /profile/user-address HTTP/1.1" 200 20 "http://localhost:4200/prod_reg" "Mozilla/5.0 (Windows NT 10.0; Win64; x64) AppleWebKit/537.36 (KHTML, like Gecko) Chrome/77.0.3865.120 Safari/537.36"
::1 - - [01/Nov/2019:04:15:27 +0000] "GET /profile/user-address HTTP/1.1" 304 - "http://localhost:4200/prod_reg" "Mozilla/5.0 (Windows NT 10.0; Win64; x64) AppleWebKit/537.36 (KHTML, like Gecko) Chrome/77.0.3865.120 Safari/537.36"
::1 - - [01/Nov/2019:04:15:37 +0000] "OPTIONS /prodregistration HTTP/1.1" 200 20 "http://localhost:4200/prod_reg" "Mozilla/5.0 (Windows NT 10.0; Win64; x64) AppleWebKit/537.36 (KHTML, like Gecko) Chrome/77.0.3865.120 Safari/537.36"
::1 - - [01/Nov/2019:04:15:40 +0000] "POST /prodregistration HTTP/1.1" 200 128 "http://localhost:4200/prod_reg" "Mozilla/5.0 (Windows NT 10.0; Win64; x64) AppleWebKit/537.36 (KHTML, like Gecko) Chrome/77.0.3865.120 Safari/537.36"
::1 - - [01/Nov/2019:04:15:40 +0000] "OPTIONS /search HTTP/1.1" 200 20 "http://localhost:4200/prod_reg" "Mozilla/5.0 (Windows NT 10.0; Win64; x64) AppleWebKit/537.36 (KHTML, like Gecko) Chrome/77.0.3865.120 Safari/537.36"
::1 - - [01/Nov/2019:04:15:41 +0000] "OPTIONS /search HTTP/1.1" 200 20 "http://localhost:4200/prod_reg" "Mozilla/5.0 (Windows NT 10.0; Win64; x64) AppleWebKit/537.36 (KHTML, like Gecko) Chrome/77.0.3865.120 Safari/537.36"
::1 - - [01/Nov/2019:04:15:41 +0000] "OPTIONS /search HTTP/1.1" 200 20 "http://localhost:4200/search" "Mozilla/5.0 (Windows NT 10.0; Win64; x64) AppleWebKit/537.36 (KHTML, like Gecko) Chrome/77.0.3865.120 Safari/537.36"
::1 - - [01/Nov/2019:04:15:42 +0000] "POST /search HTTP/1.1" 200 31912 "http://localhost:4200/search" "Mozilla/5.0 (Windows NT 10.0; Win64; x64) AppleWebKit/537.36 (KHTML, like Gecko) Chrome/77.0.3865.120 Safari/537.36"
::1 - - [01/Nov/2019:04:15:42 +0000] "POST /search HTTP/1.1" 200 31912 "http://localhost:4200/search" "Mozilla/5.0 (Windows NT 10.0; Win64; x64) AppleWebKit/537.36 (KHTML, like Gecko) Chrome/77.0.3865.120 Safari/537.36"
::1 - - [01/Nov/2019:04:15:43 +0000] "POST /search HTTP/1.1" 200 31912 "http://localhost:4200/search" "Mozilla/5.0 (Windows NT 10.0; Win64; x64) AppleWebKit/537.36 (KHTML, like Gecko) Chrome/77.0.3865.120 Safari/537.36"
::1 - - [01/Nov/2019:04:15:43 +0000] "OPTIONS /prod-page HTTP/1.1" 200 20 "http://localhost:4200/search" "Mozilla/5.0 (Windows NT 10.0; Win64; x64) AppleWebKit/537.36 (KHTML, like Gecko) Chrome/77.0.3865.120 Safari/537.36"
::1 - - [01/Nov/2019:04:15:44 +0000] "POST /prod-page HTTP/1.1" 200 31912 "http://localhost:4200/search" "Mozilla/5.0 (Windows NT 10.0; Win64; x64) AppleWebKit/537.36 (KHTML, like Gecko) Chrome/77.0.3865.120 Safari/537.36"
::1 - - [01/Nov/2019:04:15:46 +0000] "OPTIONS /prod-page/reg-favorite HTTP/1.1" 200 20 "http://localhost:4200/prod_page/1/1" "Mozilla/5.0 (Windows NT 10.0; Win64; x64) AppleWebKit/537.36 (KHTML, like Gecko) Chrome/77.0.3865.120 Safari/537.36"
::1 - - [01/Nov/2019:04:15:55 +0000] "OPTIONS /profile/user-profile-data HTTP/1.1" 200 20 "http://localhost:4200/prod_page/1/1" "Mozilla/5.0 (Windows NT 10.0; Win64; x64) AppleWebKit/537.36 (KHTML, like Gecko) Chrome/77.0.3865.120 Safari/537.36"
::1 - - [01/Nov/2019:04:15:55 +0000] "GET /profile/user-profile-data HTTP/1.1" 304 - "http://localhost:4200/prod_page/1/1" "Mozilla/5.0 (Windows NT 10.0; Win64; x64) AppleWebKit/537.36 (KHTML, like Gecko) Chrome/77.0.3865.120 Safari/537.36"
::1 - - [01/Nov/2019:04:15:55 +0000] "OPTIONS /user-profile-page/buyed HTTP/1.1" 200 20 "http://localhost:4200/prod_page/1/1" "Mozilla/5.0 (Windows NT 10.0; Win64; x64) AppleWebKit/537.36 (KHTML, like Gecko) Chrome/77.0.3865.120 Safari/537.36"
::1 - - [01/Nov/2019:04:15:55 +0000] "GET /user-profile-page/buyed HTTP/1.1" 304 - "http://localhost:4200/prod_page/1/1" "Mozilla/5.0 (Windows NT 10.0; Win64; x64) AppleWebKit/537.36 (KHTML, like Gecko) Chrome/77.0.3865.120 Safari/537.36"
::1 - - [01/Nov/2019:04:16:09 +0000] "POST /search HTTP/1.1" - - "http://localhost:4200/search" "Mozilla/5.0 (Windows NT 10.0; Win64; x64) AppleWebKit/537.36 (KHTML, like Gecko) Chrome/77.0.3865.120 Safari/537.36"
::1 - - [01/Nov/2019:04:16:10 +0000] "POST /search HTTP/1.1" 200 31912 "http://localhost:4200/search" "Mozilla/5.0 (Windows NT 10.0; Win64; x64) AppleWebKit/537.36 (KHTML, like Gecko) Chrome/77.0.3865.120 Safari/537.36"
::1 - - [01/Nov/2019:04:16:10 +0000] "POST /search HTTP/1.1" - - "http://localhost:4200/search" "Mozilla/5.0 (Windows NT 10.0; Win64; x64) AppleWebKit/537.36 (KHTML, like Gecko) Chrome/77.0.3865.120 Safari/537.36"
::1 - - [01/Nov/2019:04:17:27 +0000] "OPTIONS /profile/user-profile-data HTTP/1.1" 200 20 "http://localhost:4200/user_page/buyed" "Mozilla/5.0 (Windows NT 10.0; Win64; x64) AppleWebKit/537.36 (KHTML, like Gecko) Chrome/77.0.3865.120 Safari/537.36"
::1 - - [01/Nov/2019:04:17:28 +0000] "GET /profile/user-profile-data HTTP/1.1" 304 - "http://localhost:4200/user_page/buyed" "Mozilla/5.0 (Windows NT 10.0; Win64; x64) AppleWebKit/537.36 (KHTML, like Gecko) Chrome/77.0.3865.120 Safari/537.36"
::1 - - [01/Nov/2019:04:17:31 +0000] "GET /profile/user-profile-data HTTP/1.1" 304 - "http://localhost:4200/user_page/buyed" "Mozilla/5.0 (Windows NT 10.0; Win64; x64) AppleWebKit/537.36 (KHTML, like Gecko) Chrome/77.0.3865.120 Safari/537.36"
::1 - - [01/Nov/2019:04:17:46 +0000] "POST /prod-page/reg-favorite HTTP/1.1" - - "http://localhost:4200/prod_page/1/1" "Mozilla/5.0 (Windows NT 10.0; Win64; x64) AppleWebKit/537.36 (KHTML, like Gecko) Chrome/77.0.3865.120 Safari/537.36"
::1 - - [01/Nov/2019:04:18:15 +0000] "OPTIONS /profile/user-profile-data HTTP/1.1" 200 20 "http://localhost:4200/user_page/buyed" "Mozilla/5.0 (Windows NT 10.0; Win64; x64) AppleWebKit/537.36 (KHTML, like Gecko) Chrome/77.0.3865.120 Safari/537.36"
::1 - - [01/Nov/2019:04:18:16 +0000] "GET /profile/user-profile-data HTTP/1.1" 304 - "http://localhost:4200/user_page/buyed" "Mozilla/5.0 (Windows NT 10.0; Win64; x64) AppleWebKit/537.36 (KHTML, like Gecko) Chrome/77.0.3865.120 Safari/537.36"
::1 - - [01/Nov/2019:04:18:16 +0000] "GET /profile/user-profile-data HTTP/1.1" 304 - "http://localhost:4200/user_page/selled" "Mozilla/5.0 (Windows NT 10.0; Win64; x64) AppleWebKit/537.36 (KHTML, like Gecko) Chrome/77.0.3865.120 Safari/537.36"
::1 - - [01/Nov/2019:04:18:16 +0000] "GET /profile/user-profile-data HTTP/1.1" 304 - "http://localhost:4200/user_page/on-going" "Mozilla/5.0 (Windows NT 10.0; Win64; x64) AppleWebKit/537.36 (KHTML, like Gecko) Chrome/77.0.3865.120 Safari/537.36"
::1 - - [01/Nov/2019:04:18:17 +0000] "GET /profile/user-profile-data HTTP/1.1" 304 - "http://localhost:4200/user_page/finished" "Mozilla/5.0 (Windows NT 10.0; Win64; x64) AppleWebKit/537.36 (KHTML, like Gecko) Chrome/77.0.3865.120 Safari/537.36"
::1 - - [01/Nov/2019:04:18:18 +0000] "GET /profile/user-profile-data HTTP/1.1" 304 - "http://localhost:4200/user_page/cancelated" "Mozilla/5.0 (Windows NT 10.0; Win64; x64) AppleWebKit/537.36 (KHTML, like Gecko) Chrome/77.0.3865.120 Safari/537.36"
::1 - - [01/Nov/2019:04:18:18 +0000] "OPTIONS /user-profile-page/buyed HTTP/1.1" 200 20 "http://localhost:4200/user_page/cancelated" "Mozilla/5.0 (Windows NT 10.0; Win64; x64) AppleWebKit/537.36 (KHTML, like Gecko) Chrome/77.0.3865.120 Safari/537.36"
::1 - - [01/Nov/2019:04:18:19 +0000] "GET /user-profile-page/buyed HTTP/1.1" 304 - "http://localhost:4200/user_page/cancelated" "Mozilla/5.0 (Windows NT 10.0; Win64; x64) AppleWebKit/537.36 (KHTML, like Gecko) Chrome/77.0.3865.120 Safari/537.36"
::1 - - [01/Nov/2019:04:18:19 +0000] "GET /profile/user-profile-data HTTP/1.1" 304 - "http://localhost:4200/user_page/cancelated" "Mozilla/5.0 (Windows NT 10.0; Win64; x64) AppleWebKit/537.36 (KHTML, like Gecko) Chrome/77.0.3865.120 Safari/537.36"
::1 - - [01/Nov/2019:04:18:19 +0000] "GET /profile/user-profile-data HTTP/1.1" 304 - "http://localhost:4200/user_page/cancelated" "Mozilla/5.0 (Windows NT 10.0; Win64; x64) AppleWebKit/537.36 (KHTML, like Gecko) Chrome/77.0.3865.120 Safari/537.36"
::1 - - [01/Nov/2019:04:18:45 +0000] "OPTIONS /profile/user-profile-data HTTP/1.1" 200 20 "http://localhost:4200/user_page/on-going" "Mozilla/5.0 (Windows NT 10.0; Win64; x64) AppleWebKit/537.36 (KHTML, like Gecko) Chrome/77.0.3865.120 Safari/537.36"
::1 - - [01/Nov/2019:04:18:45 +0000] "GET /profile/user-profile-data HTTP/1.1" 304 - "http://localhost:4200/user_page/on-going" "Mozilla/5.0 (Windows NT 10.0; Win64; x64) AppleWebKit/537.36 (KHTML, like Gecko) Chrome/77.0.3865.120 Safari/537.36"
::1 - - [01/Nov/2019:04:19:46 +0000] "POST /prod-page/reg-favorite HTTP/1.1" - - "http://localhost:4200/prod_page/1/1" "Mozilla/5.0 (Windows NT 10.0; Win64; x64) AppleWebKit/537.36 (KHTML, like Gecko) Chrome/77.0.3865.120 Safari/537.36"
::1 - - [01/Nov/2019:04:26:48 +0000] "OPTIONS /profile/user-profile-data HTTP/1.1" 200 20 "http://localhost:4200/" "Mozilla/5.0 (Windows NT 10.0; Win64; x64) AppleWebKit/537.36 (KHTML, like Gecko) Chrome/77.0.3865.120 Safari/537.36"
::1 - - [01/Nov/2019:04:26:48 +0000] "GET /profile/user-profile-data HTTP/1.1" 304 - "http://localhost:4200/" "Mozilla/5.0 (Windows NT 10.0; Win64; x64) AppleWebKit/537.36 (KHTML, like Gecko) Chrome/77.0.3865.120 Safari/537.36"
::1 - - [01/Nov/2019:04:26:48 +0000] "OPTIONS /user-profile-page/buyed HTTP/1.1" 200 20 "http://localhost:4200/" "Mozilla/5.0 (Windows NT 10.0; Win64; x64) AppleWebKit/537.36 (KHTML, like Gecko) Chrome/77.0.3865.120 Safari/537.36"
::1 - - [01/Nov/2019:04:26:48 +0000] "GET /user-profile-page/buyed HTTP/1.1" 200 132 "http://localhost:4200/" "Mozilla/5.0 (Windows NT 10.0; Win64; x64) AppleWebKit/537.36 (KHTML, like Gecko) Chrome/77.0.3865.120 Safari/537.36"
::1 - - [01/Nov/2019:04:26:53 +0000] "GET /profile/user-profile-data HTTP/1.1" 304 - "http://localhost:4200/user_page/buyed" "Mozilla/5.0 (Windows NT 10.0; Win64; x64) AppleWebKit/537.36 (KHTML, like Gecko) Chrome/77.0.3865.120 Safari/537.36"
::1 - - [01/Nov/2019:04:26:55 +0000] "OPTIONS /profile/user-profile-data HTTP/1.1" 200 20 "http://localhost:4200/user_page/buyed" "Mozilla/5.0 (Windows NT 10.0; Win64; x64) AppleWebKit/537.36 (KHTML, like Gecko) Chrome/77.0.3865.120 Safari/537.36"
::1 - - [01/Nov/2019:04:26:55 +0000] "GET /profile/user-profile-data HTTP/1.1" 304 - "http://localhost:4200/user_page/buyed" "Mozilla/5.0 (Windows NT 10.0; Win64; x64) AppleWebKit/537.36 (KHTML, like Gecko) Chrome/77.0.3865.120 Safari/537.36"
::1 - - [01/Nov/2019:04:27:06 +0000] "OPTIONS /search HTTP/1.1" 200 20 "http://localhost:4200/user_page/buyed" "Mozilla/5.0 (Windows NT 10.0; Win64; x64) AppleWebKit/537.36 (KHTML, like Gecko) Chrome/77.0.3865.120 Safari/537.36"
::1 - - [01/Nov/2019:04:27:06 +0000] "OPTIONS /search HTTP/1.1" 200 20 "http://localhost:4200/user_page/buyed" "Mozilla/5.0 (Windows NT 10.0; Win64; x64) AppleWebKit/537.36 (KHTML, like Gecko) Chrome/77.0.3865.120 Safari/537.36"
::1 - - [01/Nov/2019:04:27:06 +0000] "OPTIONS /search HTTP/1.1" 200 20 "http://localhost:4200/user_page/buyed" "Mozilla/5.0 (Windows NT 10.0; Win64; x64) AppleWebKit/537.36 (KHTML, like Gecko) Chrome/77.0.3865.120 Safari/537.36"
::1 - - [01/Nov/2019:04:27:06 +0000] "OPTIONS /search HTTP/1.1" 200 20 "http://localhost:4200/search" "Mozilla/5.0 (Windows NT 10.0; Win64; x64) AppleWebKit/537.36 (KHTML, like Gecko) Chrome/77.0.3865.120 Safari/537.36"
::1 - - [01/Nov/2019:04:27:06 +0000] "POST /search HTTP/1.1" 200 31912 "http://localhost:4200/search" "Mozilla/5.0 (Windows NT 10.0; Win64; x64) AppleWebKit/537.36 (KHTML, like Gecko) Chrome/77.0.3865.120 Safari/537.36"
::1 - - [01/Nov/2019:04:27:06 +0000] "POST /search HTTP/1.1" 200 31912 "http://localhost:4200/search" "Mozilla/5.0 (Windows NT 10.0; Win64; x64) AppleWebKit/537.36 (KHTML, like Gecko) Chrome/77.0.3865.120 Safari/537.36"
::1 - - [01/Nov/2019:04:27:06 +0000] "POST /search HTTP/1.1" 200 31912 "http://localhost:4200/search" "Mozilla/5.0 (Windows NT 10.0; Win64; x64) AppleWebKit/537.36 (KHTML, like Gecko) Chrome/77.0.3865.120 Safari/537.36"
::1 - - [01/Nov/2019:04:27:06 +0000] "POST /search HTTP/1.1" 200 31912 "http://localhost:4200/search" "Mozilla/5.0 (Windows NT 10.0; Win64; x64) AppleWebKit/537.36 (KHTML, like Gecko) Chrome/77.0.3865.120 Safari/537.36"
::1 - - [01/Nov/2019:04:34:19 +0000] "OPTIONS /search HTTP/1.1" 200 20 "http://localhost:4200/search" "Mozilla/5.0 (Windows NT 10.0; Win64; x64) AppleWebKit/537.36 (KHTML, like Gecko) Chrome/77.0.3865.120 Safari/537.36"
::1 - - [01/Nov/2019:04:34:20 +0000] "POST /search HTTP/1.1" 200 31912 "http://localhost:4200/search" "Mozilla/5.0 (Windows NT 10.0; Win64; x64) AppleWebKit/537.36 (KHTML, like Gecko) Chrome/77.0.3865.120 Safari/537.36"
::1 - - [01/Nov/2019:04:43:54 +0000] "OPTIONS /profile/user-profile-data HTTP/1.1" 200 20 "http://localhost:4200/" "Mozilla/5.0 (Windows NT 10.0; Win64; x64) AppleWebKit/537.36 (KHTML, like Gecko) Chrome/77.0.3865.120 Safari/537.36"
::1 - - [01/Nov/2019:04:43:55 +0000] "GET /profile/user-profile-data HTTP/1.1" 304 - "http://localhost:4200/" "Mozilla/5.0 (Windows NT 10.0; Win64; x64) AppleWebKit/537.36 (KHTML, like Gecko) Chrome/77.0.3865.120 Safari/537.36"
::1 - - [01/Nov/2019:04:43:55 +0000] "OPTIONS /user-profile-page/buyed HTTP/1.1" 200 20 "http://localhost:4200/" "Mozilla/5.0 (Windows NT 10.0; Win64; x64) AppleWebKit/537.36 (KHTML, like Gecko) Chrome/77.0.3865.120 Safari/537.36"
::1 - - [01/Nov/2019:04:43:56 +0000] "GET /user-profile-page/buyed HTTP/1.1" 304 - "http://localhost:4200/" "Mozilla/5.0 (Windows NT 10.0; Win64; x64) AppleWebKit/537.36 (KHTML, like Gecko) Chrome/77.0.3865.120 Safari/537.36"
::1 - - [01/Nov/2019:04:51:03 +0000] "OPTIONS /profile/user-profile-data HTTP/1.1" 200 20 "http://localhost:4200/" "Mozilla/5.0 (Windows NT 10.0; Win64; x64) AppleWebKit/537.36 (KHTML, like Gecko) Chrome/77.0.3865.120 Safari/537.36"
::1 - - [01/Nov/2019:04:51:03 +0000] "GET /profile/user-profile-data HTTP/1.1" 304 - "http://localhost:4200/" "Mozilla/5.0 (Windows NT 10.0; Win64; x64) AppleWebKit/537.36 (KHTML, like Gecko) Chrome/77.0.3865.120 Safari/537.36"
::1 - - [01/Nov/2019:04:51:03 +0000] "OPTIONS /user-profile-page/buyed HTTP/1.1" 200 20 "http://localhost:4200/" "Mozilla/5.0 (Windows NT 10.0; Win64; x64) AppleWebKit/537.36 (KHTML, like Gecko) Chrome/77.0.3865.120 Safari/537.36"
::1 - - [01/Nov/2019:04:51:04 +0000] "GET /user-profile-page/buyed HTTP/1.1" 304 - "http://localhost:4200/" "Mozilla/5.0 (Windows NT 10.0; Win64; x64) AppleWebKit/537.36 (KHTML, like Gecko) Chrome/77.0.3865.120 Safari/537.36"
::1 - - [01/Nov/2019:04:51:07 +0000] "OPTIONS /search HTTP/1.1" 200 20 "http://localhost:4200/user_page/buyed" "Mozilla/5.0 (Windows NT 10.0; Win64; x64) AppleWebKit/537.36 (KHTML, like Gecko) Chrome/77.0.3865.120 Safari/537.36"
::1 - - [01/Nov/2019:04:51:08 +0000] "OPTIONS /search HTTP/1.1" 200 20 "http://localhost:4200/search" "Mozilla/5.0 (Windows NT 10.0; Win64; x64) AppleWebKit/537.36 (KHTML, like Gecko) Chrome/77.0.3865.120 Safari/537.36"
::1 - - [01/Nov/2019:04:51:08 +0000] "POST /search HTTP/1.1" 200 31912 "http://localhost:4200/search" "Mozilla/5.0 (Windows NT 10.0; Win64; x64) AppleWebKit/537.36 (KHTML, like Gecko) Chrome/77.0.3865.120 Safari/537.36"
::1 - - [01/Nov/2019:04:51:08 +0000] "POST /search HTTP/1.1" 200 31912 "http://localhost:4200/search" "Mozilla/5.0 (Windows NT 10.0; Win64; x64) AppleWebKit/537.36 (KHTML, like Gecko) Chrome/77.0.3865.120 Safari/537.36"
::1 - - [01/Nov/2019:04:51:14 +0000] "OPTIONS /prod-page HTTP/1.1" 200 20 "http://localhost:4200/search" "Mozilla/5.0 (Windows NT 10.0; Win64; x64) AppleWebKit/537.36 (KHTML, like Gecko) Chrome/77.0.3865.120 Safari/537.36"
::1 - - [01/Nov/2019:04:51:14 +0000] "POST /prod-page HTTP/1.1" 200 31912 "http://localhost:4200/search" "Mozilla/5.0 (Windows NT 10.0; Win64; x64) AppleWebKit/537.36 (KHTML, like Gecko) Chrome/77.0.3865.120 Safari/537.36"
::1 - - [01/Nov/2019:04:51:46 +0000] "OPTIONS /prod-page HTTP/1.1" 200 20 "http://localhost:4200/prod_page/1/1" "Mozilla/5.0 (Windows NT 10.0; Win64; x64) AppleWebKit/537.36 (KHTML, like Gecko) Chrome/77.0.3865.120 Safari/537.36"
::1 - - [01/Nov/2019:04:51:47 +0000] "POST /prod-page HTTP/1.1" 200 31912 "http://localhost:4200/prod_page/1/1" "Mozilla/5.0 (Windows NT 10.0; Win64; x64) AppleWebKit/537.36 (KHTML, like Gecko) Chrome/77.0.3865.120 Safari/537.36"
::1 - - [01/Nov/2019:05:01:09 +0000] "OPTIONS /search HTTP/1.1" 200 20 "http://localhost:4200/search" "Mozilla/5.0 (Windows NT 10.0; Win64; x64) AppleWebKit/537.36 (KHTML, like Gecko) Chrome/77.0.3865.120 Safari/537.36"
::1 - - [01/Nov/2019:05:01:09 +0000] "POST /search HTTP/1.1" 200 31912 "http://localhost:4200/search" "Mozilla/5.0 (Windows NT 10.0; Win64; x64) AppleWebKit/537.36 (KHTML, like Gecko) Chrome/77.0.3865.120 Safari/537.36"
::1 - - [01/Nov/2019:05:01:10 +0000] "OPTIONS /prod-page HTTP/1.1" 200 20 "http://localhost:4200/search" "Mozilla/5.0 (Windows NT 10.0; Win64; x64) AppleWebKit/537.36 (KHTML, like Gecko) Chrome/77.0.3865.120 Safari/537.36"
::1 - - [01/Nov/2019:05:01:10 +0000] "POST /prod-page HTTP/1.1" 200 31912 "http://localhost:4200/search" "Mozilla/5.0 (Windows NT 10.0; Win64; x64) AppleWebKit/537.36 (KHTML, like Gecko) Chrome/77.0.3865.120 Safari/537.36"
::1 - - [01/Nov/2019:14:26:46 +0000] "OPTIONS /prod-page HTTP/1.1" 200 20 "http://localhost:4200/prod_page/1/1" "Mozilla/5.0 (Windows NT 10.0; Win64; x64) AppleWebKit/537.36 (KHTML, like Gecko) Chrome/77.0.3865.120 Safari/537.36"
::ffff:127.0.0.1 - - [01/Nov/2019:22:22:02 +0000] "OPTIONS /search HTTP/1.1" 200 20 "http://localhost:4200/" "Mozilla/5.0 (Windows NT 10.0; Win64; x64) AppleWebKit/537.36 (KHTML, like Gecko) Chrome/77.0.3865.120 Safari/537.36"
::ffff:127.0.0.1 - - [01/Nov/2019:22:22:02 +0000] "OPTIONS /search HTTP/1.1" 200 20 "http://localhost:4200/search" "Mozilla/5.0 (Windows NT 10.0; Win64; x64) AppleWebKit/537.36 (KHTML, like Gecko) Chrome/77.0.3865.120 Safari/537.36"
