::1 - - [09/Oct/2019:15:57:11 +0000] "OPTIONS /search HTTP/1.1" 200 20 "http://localhost:4200/search" "Mozilla/5.0 (Windows NT 10.0; Win64; x64) AppleWebKit/537.36 (KHTML, like Gecko) Chrome/77.0.3865.90 Safari/537.36"
::1 - - [09/Oct/2019:15:57:11 +0000] "POST /search HTTP/1.1" 500 64 "http://localhost:4200/search" "Mozilla/5.0 (Windows NT 10.0; Win64; x64) AppleWebKit/537.36 (KHTML, like Gecko) Chrome/77.0.3865.90 Safari/537.36"
::1 - - [09/Oct/2019:16:04:08 +0000] "OPTIONS /search HTTP/1.1" 200 20 "http://localhost:4200/search" "Mozilla/5.0 (Windows NT 10.0; Win64; x64) AppleWebKit/537.36 (KHTML, like Gecko) Chrome/77.0.3865.90 Safari/537.36"
::1 - - [09/Oct/2019:16:04:08 +0000] "POST /search HTTP/1.1" 500 64 "http://localhost:4200/search" "Mozilla/5.0 (Windows NT 10.0; Win64; x64) AppleWebKit/537.36 (KHTML, like Gecko) Chrome/77.0.3865.90 Safari/537.36"
::1 - - [09/Oct/2019:16:04:19 +0000] "OPTIONS /search HTTP/1.1" 200 20 "http://localhost:4200/search" "Mozilla/5.0 (Windows NT 10.0; Win64; x64) AppleWebKit/537.36 (KHTML, like Gecko) Chrome/77.0.3865.90 Safari/537.36"
::1 - - [09/Oct/2019:16:04:20 +0000] "POST /search HTTP/1.1" 500 64 "http://localhost:4200/search" "Mozilla/5.0 (Windows NT 10.0; Win64; x64) AppleWebKit/537.36 (KHTML, like Gecko) Chrome/77.0.3865.90 Safari/537.36"
::1 - - [09/Oct/2019:16:04:34 +0000] "OPTIONS /search HTTP/1.1" 200 20 "http://localhost:4200/prod_reg" "Mozilla/5.0 (Windows NT 10.0; Win64; x64) AppleWebKit/537.36 (KHTML, like Gecko) Chrome/77.0.3865.90 Safari/537.36"
::1 - - [09/Oct/2019:16:04:34 +0000] "OPTIONS /search HTTP/1.1" 200 20 "http://localhost:4200/search" "Mozilla/5.0 (Windows NT 10.0; Win64; x64) AppleWebKit/537.36 (KHTML, like Gecko) Chrome/77.0.3865.90 Safari/537.36"
::1 - - [09/Oct/2019:16:04:34 +0000] "POST /search HTTP/1.1" 500 64 "http://localhost:4200/search" "Mozilla/5.0 (Windows NT 10.0; Win64; x64) AppleWebKit/537.36 (KHTML, like Gecko) Chrome/77.0.3865.90 Safari/537.36"
::1 - - [09/Oct/2019:16:04:34 +0000] "POST /search HTTP/1.1" 500 64 "http://localhost:4200/search" "Mozilla/5.0 (Windows NT 10.0; Win64; x64) AppleWebKit/537.36 (KHTML, like Gecko) Chrome/77.0.3865.90 Safari/537.36"
::1 - - [09/Oct/2019:16:04:41 +0000] "OPTIONS /search HTTP/1.1" 200 20 "http://localhost:4200/search" "Mozilla/5.0 (Windows NT 10.0; Win64; x64) AppleWebKit/537.36 (KHTML, like Gecko) Chrome/77.0.3865.90 Safari/537.36"
::1 - - [09/Oct/2019:16:04:41 +0000] "OPTIONS /search HTTP/1.1" 200 20 "http://localhost:4200/search" "Mozilla/5.0 (Windows NT 10.0; Win64; x64) AppleWebKit/537.36 (KHTML, like Gecko) Chrome/77.0.3865.90 Safari/537.36"
::1 - - [09/Oct/2019:16:04:41 +0000] "POST /search HTTP/1.1" 500 64 "http://localhost:4200/search" "Mozilla/5.0 (Windows NT 10.0; Win64; x64) AppleWebKit/537.36 (KHTML, like Gecko) Chrome/77.0.3865.90 Safari/537.36"
::1 - - [09/Oct/2019:16:04:41 +0000] "POST /search HTTP/1.1" 500 64 "http://localhost:4200/search" "Mozilla/5.0 (Windows NT 10.0; Win64; x64) AppleWebKit/537.36 (KHTML, like Gecko) Chrome/77.0.3865.90 Safari/537.36"
::1 - - [09/Oct/2019:16:05:22 +0000] "OPTIONS /search HTTP/1.1" 200 20 "http://localhost:4200/search" "Mozilla/5.0 (Windows NT 10.0; Win64; x64) AppleWebKit/537.36 (KHTML, like Gecko) Chrome/77.0.3865.90 Safari/537.36"
::1 - - [09/Oct/2019:16:05:22 +0000] "POST /search HTTP/1.1" 500 64 "http://localhost:4200/search" "Mozilla/5.0 (Windows NT 10.0; Win64; x64) AppleWebKit/537.36 (KHTML, like Gecko) Chrome/77.0.3865.90 Safari/537.36"
::1 - - [09/Oct/2019:16:13:56 +0000] "OPTIONS /search HTTP/1.1" 200 20 "http://localhost:4200/search" "Mozilla/5.0 (Windows NT 10.0; Win64; x64) AppleWebKit/537.36 (KHTML, like Gecko) Chrome/77.0.3865.90 Safari/537.36"
::1 - - [09/Oct/2019:16:13:59 +0000] "POST /search HTTP/1.1" 200 - "http://localhost:4200/search" "Mozilla/5.0 (Windows NT 10.0; Win64; x64) AppleWebKit/537.36 (KHTML, like Gecko) Chrome/77.0.3865.90 Safari/537.36"
::1 - - [09/Oct/2019:16:16:04 +0000] "OPTIONS /search HTTP/1.1" 200 20 "http://localhost:4200/search" "Mozilla/5.0 (Windows NT 10.0; Win64; x64) AppleWebKit/537.36 (KHTML, like Gecko) Chrome/77.0.3865.90 Safari/537.36"
::1 - - [09/Oct/2019:16:16:04 +0000] "POST /search HTTP/1.1" 200 - "http://localhost:4200/search" "Mozilla/5.0 (Windows NT 10.0; Win64; x64) AppleWebKit/537.36 (KHTML, like Gecko) Chrome/77.0.3865.90 Safari/537.36"
::1 - - [09/Oct/2019:16:17:32 +0000] "OPTIONS /search HTTP/1.1" 200 20 "http://localhost:4200/search" "Mozilla/5.0 (Windows NT 10.0; Win64; x64) AppleWebKit/537.36 (KHTML, like Gecko) Chrome/77.0.3865.90 Safari/537.36"
::1 - - [09/Oct/2019:16:17:34 +0000] "POST /search HTTP/1.1" 200 2 "http://localhost:4200/search" "Mozilla/5.0 (Windows NT 10.0; Win64; x64) AppleWebKit/537.36 (KHTML, like Gecko) Chrome/77.0.3865.90 Safari/537.36"
::1 - - [09/Oct/2019:16:17:40 +0000] "OPTIONS /search HTTP/1.1" 200 20 "http://localhost:4200/search" "Mozilla/5.0 (Windows NT 10.0; Win64; x64) AppleWebKit/537.36 (KHTML, like Gecko) Chrome/77.0.3865.90 Safari/537.36"
::1 - - [09/Oct/2019:16:17:41 +0000] "POST /search HTTP/1.1" 200 - "http://localhost:4200/search" "Mozilla/5.0 (Windows NT 10.0; Win64; x64) AppleWebKit/537.36 (KHTML, like Gecko) Chrome/77.0.3865.90 Safari/537.36"
::1 - - [09/Oct/2019:16:23:12 +0000] "OPTIONS /search HTTP/1.1" 200 20 "http://localhost:4200/search" "Mozilla/5.0 (Windows NT 10.0; Win64; x64) AppleWebKit/537.36 (KHTML, like Gecko) Chrome/77.0.3865.90 Safari/537.36"
::1 - - [09/Oct/2019:16:23:13 +0000] "POST /search HTTP/1.1" 200 - "http://localhost:4200/search" "Mozilla/5.0 (Windows NT 10.0; Win64; x64) AppleWebKit/537.36 (KHTML, like Gecko) Chrome/77.0.3865.90 Safari/537.36"
::1 - - [09/Oct/2019:16:26:26 +0000] "OPTIONS /search HTTP/1.1" 200 20 "http://localhost:4200/search" "Mozilla/5.0 (Windows NT 10.0; Win64; x64) AppleWebKit/537.36 (KHTML, like Gecko) Chrome/77.0.3865.90 Safari/537.36"
::1 - - [09/Oct/2019:16:26:31 +0000] "POST /search HTTP/1.1" 200 - "http://localhost:4200/search" "Mozilla/5.0 (Windows NT 10.0; Win64; x64) AppleWebKit/537.36 (KHTML, like Gecko) Chrome/77.0.3865.90 Safari/537.36"
::1 - - [09/Oct/2019:16:27:17 +0000] "OPTIONS /search HTTP/1.1" 200 20 "http://localhost:4200/prod_reg" "Mozilla/5.0 (Windows NT 10.0; Win64; x64) AppleWebKit/537.36 (KHTML, like Gecko) Chrome/77.0.3865.90 Safari/537.36"
::1 - - [09/Oct/2019:16:27:17 +0000] "OPTIONS /search HTTP/1.1" 200 20 "http://localhost:4200/search" "Mozilla/5.0 (Windows NT 10.0; Win64; x64) AppleWebKit/537.36 (KHTML, like Gecko) Chrome/77.0.3865.90 Safari/537.36"
::1 - - [09/Oct/2019:16:27:17 +0000] "POST /search HTTP/1.1" 200 - "http://localhost:4200/search" "Mozilla/5.0 (Windows NT 10.0; Win64; x64) AppleWebKit/537.36 (KHTML, like Gecko) Chrome/77.0.3865.90 Safari/537.36"
::1 - - [09/Oct/2019:16:27:18 +0000] "POST /search HTTP/1.1" 200 - "http://localhost:4200/search" "Mozilla/5.0 (Windows NT 10.0; Win64; x64) AppleWebKit/537.36 (KHTML, like Gecko) Chrome/77.0.3865.90 Safari/537.36"
::1 - - [09/Oct/2019:16:27:49 +0000] "OPTIONS /search HTTP/1.1" 200 20 "http://localhost:4200/search" "Mozilla/5.0 (Windows NT 10.0; Win64; x64) AppleWebKit/537.36 (KHTML, like Gecko) Chrome/77.0.3865.90 Safari/537.36"
::1 - - [09/Oct/2019:16:27:50 +0000] "OPTIONS /search HTTP/1.1" 200 20 "http://localhost:4200/search" "Mozilla/5.0 (Windows NT 10.0; Win64; x64) AppleWebKit/537.36 (KHTML, like Gecko) Chrome/77.0.3865.90 Safari/537.36"
::1 - - [09/Oct/2019:16:27:50 +0000] "POST /search HTTP/1.1" 200 2 "http://localhost:4200/search" "Mozilla/5.0 (Windows NT 10.0; Win64; x64) AppleWebKit/537.36 (KHTML, like Gecko) Chrome/77.0.3865.90 Safari/537.36"
::1 - - [09/Oct/2019:16:27:50 +0000] "POST /search HTTP/1.1" 200 2 "http://localhost:4200/search" "Mozilla/5.0 (Windows NT 10.0; Win64; x64) AppleWebKit/537.36 (KHTML, like Gecko) Chrome/77.0.3865.90 Safari/537.36"
::1 - - [09/Oct/2019:16:30:58 +0000] "OPTIONS /search HTTP/1.1" 200 20 "http://localhost:4200/search" "Mozilla/5.0 (Windows NT 10.0; Win64; x64) AppleWebKit/537.36 (KHTML, like Gecko) Chrome/77.0.3865.90 Safari/537.36"
::1 - - [09/Oct/2019:16:30:58 +0000] "OPTIONS /search HTTP/1.1" 200 20 "http://localhost:4200/search" "Mozilla/5.0 (Windows NT 10.0; Win64; x64) AppleWebKit/537.36 (KHTML, like Gecko) Chrome/77.0.3865.90 Safari/537.36"
::1 - - [09/Oct/2019:16:30:58 +0000] "POST /search HTTP/1.1" 200 2 "http://localhost:4200/search" "Mozilla/5.0 (Windows NT 10.0; Win64; x64) AppleWebKit/537.36 (KHTML, like Gecko) Chrome/77.0.3865.90 Safari/537.36"
::1 - - [09/Oct/2019:16:30:58 +0000] "POST /search HTTP/1.1" 200 2 "http://localhost:4200/search" "Mozilla/5.0 (Windows NT 10.0; Win64; x64) AppleWebKit/537.36 (KHTML, like Gecko) Chrome/77.0.3865.90 Safari/537.36"
::1 - - [09/Oct/2019:16:31:02 +0000] "POST /search HTTP/1.1" 200 2 "http://localhost:4200/search" "Mozilla/5.0 (Windows NT 10.0; Win64; x64) AppleWebKit/537.36 (KHTML, like Gecko) Chrome/77.0.3865.90 Safari/537.36"
::1 - - [09/Oct/2019:16:31:02 +0000] "POST /search HTTP/1.1" 200 2 "http://localhost:4200/search" "Mozilla/5.0 (Windows NT 10.0; Win64; x64) AppleWebKit/537.36 (KHTML, like Gecko) Chrome/77.0.3865.90 Safari/537.36"
::1 - - [09/Oct/2019:16:31:03 +0000] "OPTIONS /search HTTP/1.1" 200 20 "http://localhost:4200/search" "Mozilla/5.0 (Windows NT 10.0; Win64; x64) AppleWebKit/537.36 (KHTML, like Gecko) Chrome/77.0.3865.90 Safari/537.36"
::1 - - [09/Oct/2019:16:31:03 +0000] "OPTIONS /search HTTP/1.1" 200 20 "http://localhost:4200/search" "Mozilla/5.0 (Windows NT 10.0; Win64; x64) AppleWebKit/537.36 (KHTML, like Gecko) Chrome/77.0.3865.90 Safari/537.36"
::1 - - [09/Oct/2019:16:31:03 +0000] "POST /search HTTP/1.1" 200 2 "http://localhost:4200/search" "Mozilla/5.0 (Windows NT 10.0; Win64; x64) AppleWebKit/537.36 (KHTML, like Gecko) Chrome/77.0.3865.90 Safari/537.36"
::1 - - [09/Oct/2019:16:31:03 +0000] "POST /search HTTP/1.1" 200 2 "http://localhost:4200/search" "Mozilla/5.0 (Windows NT 10.0; Win64; x64) AppleWebKit/537.36 (KHTML, like Gecko) Chrome/77.0.3865.90 Safari/537.36"
::1 - - [09/Oct/2019:16:35:53 +0000] "OPTIONS /search HTTP/1.1" 200 20 "http://localhost:4200/prod_reg" "Mozilla/5.0 (Windows NT 10.0; Win64; x64) AppleWebKit/537.36 (KHTML, like Gecko) Chrome/77.0.3865.90 Safari/537.36"
::1 - - [09/Oct/2019:16:35:53 +0000] "OPTIONS /search HTTP/1.1" 200 20 "http://localhost:4200/search" "Mozilla/5.0 (Windows NT 10.0; Win64; x64) AppleWebKit/537.36 (KHTML, like Gecko) Chrome/77.0.3865.90 Safari/537.36"
::1 - - [09/Oct/2019:16:35:53 +0000] "OPTIONS /search HTTP/1.1" 200 20 "http://localhost:4200/prod_reg" "Mozilla/5.0 (Windows NT 10.0; Win64; x64) AppleWebKit/537.36 (KHTML, like Gecko) Chrome/77.0.3865.90 Safari/537.36"
::1 - - [09/Oct/2019:16:35:53 +0000] "POST /search HTTP/1.1" 500 92 "http://localhost:4200/search" "Mozilla/5.0 (Windows NT 10.0; Win64; x64) AppleWebKit/537.36 (KHTML, like Gecko) Chrome/77.0.3865.90 Safari/537.36"
::1 - - [09/Oct/2019:16:35:53 +0000] "POST /search HTTP/1.1" 500 92 "http://localhost:4200/search" "Mozilla/5.0 (Windows NT 10.0; Win64; x64) AppleWebKit/537.36 (KHTML, like Gecko) Chrome/77.0.3865.90 Safari/537.36"
::1 - - [09/Oct/2019:16:35:53 +0000] "POST /search HTTP/1.1" 500 92 "http://localhost:4200/search" "Mozilla/5.0 (Windows NT 10.0; Win64; x64) AppleWebKit/537.36 (KHTML, like Gecko) Chrome/77.0.3865.90 Safari/537.36"
::1 - - [09/Oct/2019:16:36:30 +0000] "OPTIONS /search HTTP/1.1" 200 20 "http://localhost:4200/search" "Mozilla/5.0 (Windows NT 10.0; Win64; x64) AppleWebKit/537.36 (KHTML, like Gecko) Chrome/77.0.3865.90 Safari/537.36"
::1 - - [09/Oct/2019:16:36:31 +0000] "OPTIONS /search HTTP/1.1" 200 20 "http://localhost:4200/search" "Mozilla/5.0 (Windows NT 10.0; Win64; x64) AppleWebKit/537.36 (KHTML, like Gecko) Chrome/77.0.3865.90 Safari/537.36"
::1 - - [09/Oct/2019:16:36:31 +0000] "OPTIONS /search HTTP/1.1" 200 20 "http://localhost:4200/search" "Mozilla/5.0 (Windows NT 10.0; Win64; x64) AppleWebKit/537.36 (KHTML, like Gecko) Chrome/77.0.3865.90 Safari/537.36"
::1 - - [09/Oct/2019:16:36:31 +0000] "POST /search HTTP/1.1" 200 1822 "http://localhost:4200/search" "Mozilla/5.0 (Windows NT 10.0; Win64; x64) AppleWebKit/537.36 (KHTML, like Gecko) Chrome/77.0.3865.90 Safari/537.36"
::1 - - [09/Oct/2019:16:36:32 +0000] "POST /search HTTP/1.1" 200 1822 "http://localhost:4200/search" "Mozilla/5.0 (Windows NT 10.0; Win64; x64) AppleWebKit/537.36 (KHTML, like Gecko) Chrome/77.0.3865.90 Safari/537.36"
::1 - - [09/Oct/2019:16:36:32 +0000] "POST /search HTTP/1.1" 200 1822 "http://localhost:4200/search" "Mozilla/5.0 (Windows NT 10.0; Win64; x64) AppleWebKit/537.36 (KHTML, like Gecko) Chrome/77.0.3865.90 Safari/537.36"
::1 - - [09/Oct/2019:16:36:47 +0000] "OPTIONS /search HTTP/1.1" 200 20 "http://localhost:4200/search" "Mozilla/5.0 (Windows NT 10.0; Win64; x64) AppleWebKit/537.36 (KHTML, like Gecko) Chrome/77.0.3865.90 Safari/537.36"
::1 - - [09/Oct/2019:16:36:48 +0000] "OPTIONS /search HTTP/1.1" 200 20 "http://localhost:4200/search" "Mozilla/5.0 (Windows NT 10.0; Win64; x64) AppleWebKit/537.36 (KHTML, like Gecko) Chrome/77.0.3865.90 Safari/537.36"
::1 - - [09/Oct/2019:16:36:48 +0000] "OPTIONS /search HTTP/1.1" 200 20 "http://localhost:4200/search" "Mozilla/5.0 (Windows NT 10.0; Win64; x64) AppleWebKit/537.36 (KHTML, like Gecko) Chrome/77.0.3865.90 Safari/537.36"
::1 - - [09/Oct/2019:16:36:49 +0000] "POST /search HTTP/1.1" 200 1822 "http://localhost:4200/search" "Mozilla/5.0 (Windows NT 10.0; Win64; x64) AppleWebKit/537.36 (KHTML, like Gecko) Chrome/77.0.3865.90 Safari/537.36"
::1 - - [09/Oct/2019:16:36:50 +0000] "POST /search HTTP/1.1" 200 1822 "http://localhost:4200/search" "Mozilla/5.0 (Windows NT 10.0; Win64; x64) AppleWebKit/537.36 (KHTML, like Gecko) Chrome/77.0.3865.90 Safari/537.36"
::1 - - [09/Oct/2019:16:36:51 +0000] "POST /search HTTP/1.1" 200 1822 "http://localhost:4200/search" "Mozilla/5.0 (Windows NT 10.0; Win64; x64) AppleWebKit/537.36 (KHTML, like Gecko) Chrome/77.0.3865.90 Safari/537.36"
::1 - - [09/Oct/2019:16:42:09 +0000] "OPTIONS /search HTTP/1.1" 200 20 "http://localhost:4200/search" "Mozilla/5.0 (Windows NT 10.0; Win64; x64) AppleWebKit/537.36 (KHTML, like Gecko) Chrome/77.0.3865.90 Safari/537.36"
::1 - - [09/Oct/2019:16:42:10 +0000] "POST /search HTTP/1.1" 200 2 "http://localhost:4200/search" "Mozilla/5.0 (Windows NT 10.0; Win64; x64) AppleWebKit/537.36 (KHTML, like Gecko) Chrome/77.0.3865.90 Safari/537.36"
::1 - - [09/Oct/2019:16:42:18 +0000] "OPTIONS /search HTTP/1.1" 200 20 "http://localhost:4200/search" "Mozilla/5.0 (Windows NT 10.0; Win64; x64) AppleWebKit/537.36 (KHTML, like Gecko) Chrome/77.0.3865.90 Safari/537.36"
::1 - - [09/Oct/2019:16:42:19 +0000] "POST /search HTTP/1.1" 200 1822 "http://localhost:4200/search" "Mozilla/5.0 (Windows NT 10.0; Win64; x64) AppleWebKit/537.36 (KHTML, like Gecko) Chrome/77.0.3865.90 Safari/537.36"
::1 - - [09/Oct/2019:16:44:19 +0000] "OPTIONS /search HTTP/1.1" 200 20 "http://localhost:4200/search" "Mozilla/5.0 (Windows NT 10.0; Win64; x64) AppleWebKit/537.36 (KHTML, like Gecko) Chrome/77.0.3865.90 Safari/537.36"
::1 - - [09/Oct/2019:16:44:20 +0000] "POST /search HTTP/1.1" 200 2 "http://localhost:4200/search" "Mozilla/5.0 (Windows NT 10.0; Win64; x64) AppleWebKit/537.36 (KHTML, like Gecko) Chrome/77.0.3865.90 Safari/537.36"
::1 - - [09/Oct/2019:17:17:57 +0000] "OPTIONS /search HTTP/1.1" 200 20 "http://localhost:4200/search" "Mozilla/5.0 (Windows NT 10.0; Win64; x64) AppleWebKit/537.36 (KHTML, like Gecko) Chrome/77.0.3865.90 Safari/537.36"
::1 - - [09/Oct/2019:17:17:57 +0000] "POST /search HTTP/1.1" 200 2 "http://localhost:4200/search" "Mozilla/5.0 (Windows NT 10.0; Win64; x64) AppleWebKit/537.36 (KHTML, like Gecko) Chrome/77.0.3865.90 Safari/537.36"
::1 - - [09/Oct/2019:17:29:00 +0000] "OPTIONS /search HTTP/1.1" 200 20 "http://localhost:4200/prod_reg" "Mozilla/5.0 (Windows NT 10.0; Win64; x64) AppleWebKit/537.36 (KHTML, like Gecko) Chrome/77.0.3865.90 Safari/537.36"
::1 - - [09/Oct/2019:17:29:00 +0000] "OPTIONS /search HTTP/1.1" 200 20 "http://localhost:4200/search" "Mozilla/5.0 (Windows NT 10.0; Win64; x64) AppleWebKit/537.36 (KHTML, like Gecko) Chrome/77.0.3865.90 Safari/537.36"
::1 - - [09/Oct/2019:17:29:00 +0000] "POST /search HTTP/1.1" 200 2 "http://localhost:4200/search" "Mozilla/5.0 (Windows NT 10.0; Win64; x64) AppleWebKit/537.36 (KHTML, like Gecko) Chrome/77.0.3865.90 Safari/537.36"
::1 - - [09/Oct/2019:17:29:01 +0000] "POST /search HTTP/1.1" 200 2 "http://localhost:4200/search" "Mozilla/5.0 (Windows NT 10.0; Win64; x64) AppleWebKit/537.36 (KHTML, like Gecko) Chrome/77.0.3865.90 Safari/537.36"
::1 - - [09/Oct/2019:19:42:17 +0000] "OPTIONS /search HTTP/1.1" 200 20 "http://localhost:4200/search" "Mozilla/5.0 (Windows NT 10.0; Win64; x64) AppleWebKit/537.36 (KHTML, like Gecko) Chrome/77.0.3865.90 Safari/537.36"
::1 - - [09/Oct/2019:19:42:18 +0000] "OPTIONS /search HTTP/1.1" 200 20 "http://localhost:4200/search" "Mozilla/5.0 (Windows NT 10.0; Win64; x64) AppleWebKit/537.36 (KHTML, like Gecko) Chrome/77.0.3865.90 Safari/537.36"
::1 - - [09/Oct/2019:19:42:19 +0000] "POST /search HTTP/1.1" 200 224 "http://localhost:4200/search" "Mozilla/5.0 (Windows NT 10.0; Win64; x64) AppleWebKit/537.36 (KHTML, like Gecko) Chrome/77.0.3865.90 Safari/537.36"
::1 - - [09/Oct/2019:19:42:19 +0000] "POST /search HTTP/1.1" 200 224 "http://localhost:4200/search" "Mozilla/5.0 (Windows NT 10.0; Win64; x64) AppleWebKit/537.36 (KHTML, like Gecko) Chrome/77.0.3865.90 Safari/537.36"
::1 - - [09/Oct/2019:19:50:11 +0000] "OPTIONS /search HTTP/1.1" 200 20 "http://localhost:4200/prod_reg" "Mozilla/5.0 (Windows NT 10.0; Win64; x64) AppleWebKit/537.36 (KHTML, like Gecko) Chrome/77.0.3865.90 Safari/537.36"
::1 - - [09/Oct/2019:19:50:11 +0000] "OPTIONS /search HTTP/1.1" 200 20 "http://localhost:4200/prod_reg" "Mozilla/5.0 (Windows NT 10.0; Win64; x64) AppleWebKit/537.36 (KHTML, like Gecko) Chrome/77.0.3865.90 Safari/537.36"
::1 - - [09/Oct/2019:19:50:11 +0000] "OPTIONS /search HTTP/1.1" 200 20 "http://localhost:4200/search" "Mozilla/5.0 (Windows NT 10.0; Win64; x64) AppleWebKit/537.36 (KHTML, like Gecko) Chrome/77.0.3865.90 Safari/537.36"
::1 - - [09/Oct/2019:19:51:36 +0000] "OPTIONS /search HTTP/1.1" 200 20 "http://localhost:4200/search" "Mozilla/5.0 (Windows NT 10.0; Win64; x64) AppleWebKit/537.36 (KHTML, like Gecko) Chrome/77.0.3865.90 Safari/537.36"
::1 - - [09/Oct/2019:19:51:36 +0000] "OPTIONS /search HTTP/1.1" 200 20 "http://localhost:4200/search" "Mozilla/5.0 (Windows NT 10.0; Win64; x64) AppleWebKit/537.36 (KHTML, like Gecko) Chrome/77.0.3865.90 Safari/537.36"
::1 - - [09/Oct/2019:19:51:36 +0000] "OPTIONS /search HTTP/1.1" 200 20 "http://localhost:4200/search" "Mozilla/5.0 (Windows NT 10.0; Win64; x64) AppleWebKit/537.36 (KHTML, like Gecko) Chrome/77.0.3865.90 Safari/537.36"
::1 - - [09/Oct/2019:19:52:02 +0000] "OPTIONS /search HTTP/1.1" 200 20 "http://localhost:4200/search" "Mozilla/5.0 (Windows NT 10.0; Win64; x64) AppleWebKit/537.36 (KHTML, like Gecko) Chrome/77.0.3865.90 Safari/537.36"
::1 - - [09/Oct/2019:19:52:03 +0000] "OPTIONS /search HTTP/1.1" 200 20 "http://localhost:4200/search" "Mozilla/5.0 (Windows NT 10.0; Win64; x64) AppleWebKit/537.36 (KHTML, like Gecko) Chrome/77.0.3865.90 Safari/537.36"
::1 - - [09/Oct/2019:19:52:03 +0000] "OPTIONS /search HTTP/1.1" 200 20 "http://localhost:4200/search" "Mozilla/5.0 (Windows NT 10.0; Win64; x64) AppleWebKit/537.36 (KHTML, like Gecko) Chrome/77.0.3865.90 Safari/537.36"
::1 - - [09/Oct/2019:19:52:14 +0000] "OPTIONS /search HTTP/1.1" 200 20 "http://localhost:4200/search" "Mozilla/5.0 (Windows NT 10.0; Win64; x64) AppleWebKit/537.36 (KHTML, like Gecko) Chrome/77.0.3865.90 Safari/537.36"
::1 - - [09/Oct/2019:19:52:15 +0000] "OPTIONS /search HTTP/1.1" 200 20 "http://localhost:4200/search" "Mozilla/5.0 (Windows NT 10.0; Win64; x64) AppleWebKit/537.36 (KHTML, like Gecko) Chrome/77.0.3865.90 Safari/537.36"
::1 - - [09/Oct/2019:19:52:15 +0000] "OPTIONS /search HTTP/1.1" 200 20 "http://localhost:4200/search" "Mozilla/5.0 (Windows NT 10.0; Win64; x64) AppleWebKit/537.36 (KHTML, like Gecko) Chrome/77.0.3865.90 Safari/537.36"
::1 - - [09/Oct/2019:19:52:15 +0000] "POST /search HTTP/1.1" 200 224 "http://localhost:4200/search" "Mozilla/5.0 (Windows NT 10.0; Win64; x64) AppleWebKit/537.36 (KHTML, like Gecko) Chrome/77.0.3865.90 Safari/537.36"
::1 - - [09/Oct/2019:19:52:16 +0000] "POST /search HTTP/1.1" 200 224 "http://localhost:4200/search" "Mozilla/5.0 (Windows NT 10.0; Win64; x64) AppleWebKit/537.36 (KHTML, like Gecko) Chrome/77.0.3865.90 Safari/537.36"
::1 - - [09/Oct/2019:19:52:16 +0000] "POST /search HTTP/1.1" 200 224 "http://localhost:4200/search" "Mozilla/5.0 (Windows NT 10.0; Win64; x64) AppleWebKit/537.36 (KHTML, like Gecko) Chrome/77.0.3865.90 Safari/537.36"
::1 - - [09/Oct/2019:19:52:47 +0000] "OPTIONS /search HTTP/1.1" 200 20 "http://localhost:4200/search" "Mozilla/5.0 (Windows NT 10.0; Win64; x64) AppleWebKit/537.36 (KHTML, like Gecko) Chrome/77.0.3865.90 Safari/537.36"
::1 - - [09/Oct/2019:19:52:48 +0000] "OPTIONS /search HTTP/1.1" 200 20 "http://localhost:4200/search" "Mozilla/5.0 (Windows NT 10.0; Win64; x64) AppleWebKit/537.36 (KHTML, like Gecko) Chrome/77.0.3865.90 Safari/537.36"
::1 - - [09/Oct/2019:19:52:48 +0000] "OPTIONS /search HTTP/1.1" 200 20 "http://localhost:4200/search" "Mozilla/5.0 (Windows NT 10.0; Win64; x64) AppleWebKit/537.36 (KHTML, like Gecko) Chrome/77.0.3865.90 Safari/537.36"
::1 - - [09/Oct/2019:19:52:48 +0000] "POST /search HTTP/1.1" 200 224 "http://localhost:4200/search" "Mozilla/5.0 (Windows NT 10.0; Win64; x64) AppleWebKit/537.36 (KHTML, like Gecko) Chrome/77.0.3865.90 Safari/537.36"
::1 - - [09/Oct/2019:19:52:49 +0000] "POST /search HTTP/1.1" 200 224 "http://localhost:4200/search" "Mozilla/5.0 (Windows NT 10.0; Win64; x64) AppleWebKit/537.36 (KHTML, like Gecko) Chrome/77.0.3865.90 Safari/537.36"
::1 - - [09/Oct/2019:19:52:50 +0000] "POST /search HTTP/1.1" 200 224 "http://localhost:4200/search" "Mozilla/5.0 (Windows NT 10.0; Win64; x64) AppleWebKit/537.36 (KHTML, like Gecko) Chrome/77.0.3865.90 Safari/537.36"
::1 - - [09/Oct/2019:19:53:06 +0000] "OPTIONS /search HTTP/1.1" 200 20 "http://localhost:4200/prod_reg" "Mozilla/5.0 (Windows NT 10.0; Win64; x64) AppleWebKit/537.36 (KHTML, like Gecko) Chrome/77.0.3865.90 Safari/537.36"
::1 - - [09/Oct/2019:19:53:06 +0000] "OPTIONS /search HTTP/1.1" 200 20 "http://localhost:4200/prod_reg" "Mozilla/5.0 (Windows NT 10.0; Win64; x64) AppleWebKit/537.36 (KHTML, like Gecko) Chrome/77.0.3865.90 Safari/537.36"
::1 - - [09/Oct/2019:19:53:06 +0000] "OPTIONS /search HTTP/1.1" 200 20 "http://localhost:4200/prod_reg" "Mozilla/5.0 (Windows NT 10.0; Win64; x64) AppleWebKit/537.36 (KHTML, like Gecko) Chrome/77.0.3865.90 Safari/537.36"
::1 - - [09/Oct/2019:19:53:06 +0000] "OPTIONS /search HTTP/1.1" 200 20 "http://localhost:4200/search" "Mozilla/5.0 (Windows NT 10.0; Win64; x64) AppleWebKit/537.36 (KHTML, like Gecko) Chrome/77.0.3865.90 Safari/537.36"
::1 - - [09/Oct/2019:19:53:07 +0000] "POST /search HTTP/1.1" 200 224 "http://localhost:4200/search" "Mozilla/5.0 (Windows NT 10.0; Win64; x64) AppleWebKit/537.36 (KHTML, like Gecko) Chrome/77.0.3865.90 Safari/537.36"
::1 - - [09/Oct/2019:19:53:07 +0000] "POST /search HTTP/1.1" 200 224 "http://localhost:4200/search" "Mozilla/5.0 (Windows NT 10.0; Win64; x64) AppleWebKit/537.36 (KHTML, like Gecko) Chrome/77.0.3865.90 Safari/537.36"
::1 - - [09/Oct/2019:19:53:07 +0000] "POST /search HTTP/1.1" 200 224 "http://localhost:4200/search" "Mozilla/5.0 (Windows NT 10.0; Win64; x64) AppleWebKit/537.36 (KHTML, like Gecko) Chrome/77.0.3865.90 Safari/537.36"
::1 - - [09/Oct/2019:19:53:07 +0000] "POST /search HTTP/1.1" 200 224 "http://localhost:4200/search" "Mozilla/5.0 (Windows NT 10.0; Win64; x64) AppleWebKit/537.36 (KHTML, like Gecko) Chrome/77.0.3865.90 Safari/537.36"
::1 - - [09/Oct/2019:19:53:31 +0000] "OPTIONS /search HTTP/1.1" 200 20 "http://localhost:4200/prod_reg" "Mozilla/5.0 (Windows NT 10.0; Win64; x64) AppleWebKit/537.36 (KHTML, like Gecko) Chrome/77.0.3865.90 Safari/537.36"
::1 - - [09/Oct/2019:19:53:31 +0000] "OPTIONS /search HTTP/1.1" 200 20 "http://localhost:4200/prod_reg" "Mozilla/5.0 (Windows NT 10.0; Win64; x64) AppleWebKit/537.36 (KHTML, like Gecko) Chrome/77.0.3865.90 Safari/537.36"
::1 - - [09/Oct/2019:19:53:31 +0000] "OPTIONS /search HTTP/1.1" 200 20 "http://localhost:4200/prod_reg" "Mozilla/5.0 (Windows NT 10.0; Win64; x64) AppleWebKit/537.36 (KHTML, like Gecko) Chrome/77.0.3865.90 Safari/537.36"
::1 - - [09/Oct/2019:19:53:31 +0000] "OPTIONS /search HTTP/1.1" 200 20 "http://localhost:4200/search" "Mozilla/5.0 (Windows NT 10.0; Win64; x64) AppleWebKit/537.36 (KHTML, like Gecko) Chrome/77.0.3865.90 Safari/537.36"
::1 - - [09/Oct/2019:19:53:31 +0000] "OPTIONS /search HTTP/1.1" 200 20 "http://localhost:4200/prod_reg" "Mozilla/5.0 (Windows NT 10.0; Win64; x64) AppleWebKit/537.36 (KHTML, like Gecko) Chrome/77.0.3865.90 Safari/537.36"
::1 - - [09/Oct/2019:19:54:28 +0000] "OPTIONS /search HTTP/1.1" 200 20 "http://localhost:4200/search" "Mozilla/5.0 (Windows NT 10.0; Win64; x64) AppleWebKit/537.36 (KHTML, like Gecko) Chrome/77.0.3865.90 Safari/537.36"
::1 - - [09/Oct/2019:19:54:28 +0000] "OPTIONS /search HTTP/1.1" 200 20 "http://localhost:4200/search" "Mozilla/5.0 (Windows NT 10.0; Win64; x64) AppleWebKit/537.36 (KHTML, like Gecko) Chrome/77.0.3865.90 Safari/537.36"
::1 - - [09/Oct/2019:19:54:28 +0000] "OPTIONS /search HTTP/1.1" 200 20 "http://localhost:4200/search" "Mozilla/5.0 (Windows NT 10.0; Win64; x64) AppleWebKit/537.36 (KHTML, like Gecko) Chrome/77.0.3865.90 Safari/537.36"
::1 - - [09/Oct/2019:19:54:29 +0000] "OPTIONS /search HTTP/1.1" 200 20 "http://localhost:4200/search" "Mozilla/5.0 (Windows NT 10.0; Win64; x64) AppleWebKit/537.36 (KHTML, like Gecko) Chrome/77.0.3865.90 Safari/537.36"
::1 - - [09/Oct/2019:19:54:29 +0000] "OPTIONS /search HTTP/1.1" 200 20 "http://localhost:4200/search" "Mozilla/5.0 (Windows NT 10.0; Win64; x64) AppleWebKit/537.36 (KHTML, like Gecko) Chrome/77.0.3865.90 Safari/537.36"
::1 - - [09/Oct/2019:19:56:21 +0000] "OPTIONS /search HTTP/1.1" 200 20 "http://localhost:4200/search" "Mozilla/5.0 (Windows NT 10.0; Win64; x64) AppleWebKit/537.36 (KHTML, like Gecko) Chrome/77.0.3865.90 Safari/537.36"
::1 - - [09/Oct/2019:19:56:21 +0000] "OPTIONS /search HTTP/1.1" 200 20 "http://localhost:4200/search" "Mozilla/5.0 (Windows NT 10.0; Win64; x64) AppleWebKit/537.36 (KHTML, like Gecko) Chrome/77.0.3865.90 Safari/537.36"
::1 - - [09/Oct/2019:19:56:21 +0000] "OPTIONS /search HTTP/1.1" 200 20 "http://localhost:4200/search" "Mozilla/5.0 (Windows NT 10.0; Win64; x64) AppleWebKit/537.36 (KHTML, like Gecko) Chrome/77.0.3865.90 Safari/537.36"
::1 - - [09/Oct/2019:19:56:21 +0000] "OPTIONS /search HTTP/1.1" 200 20 "http://localhost:4200/search" "Mozilla/5.0 (Windows NT 10.0; Win64; x64) AppleWebKit/537.36 (KHTML, like Gecko) Chrome/77.0.3865.90 Safari/537.36"
::1 - - [09/Oct/2019:19:56:22 +0000] "OPTIONS /search HTTP/1.1" 200 20 "http://localhost:4200/search" "Mozilla/5.0 (Windows NT 10.0; Win64; x64) AppleWebKit/537.36 (KHTML, like Gecko) Chrome/77.0.3865.90 Safari/537.36"
::1 - - [09/Oct/2019:19:56:22 +0000] "POST /search HTTP/1.1" 200 224 "http://localhost:4200/search" "Mozilla/5.0 (Windows NT 10.0; Win64; x64) AppleWebKit/537.36 (KHTML, like Gecko) Chrome/77.0.3865.90 Safari/537.36"
::1 - - [09/Oct/2019:19:56:22 +0000] "POST /search HTTP/1.1" 200 224 "http://localhost:4200/search" "Mozilla/5.0 (Windows NT 10.0; Win64; x64) AppleWebKit/537.36 (KHTML, like Gecko) Chrome/77.0.3865.90 Safari/537.36"
::1 - - [09/Oct/2019:19:56:22 +0000] "POST /search HTTP/1.1" 200 224 "http://localhost:4200/search" "Mozilla/5.0 (Windows NT 10.0; Win64; x64) AppleWebKit/537.36 (KHTML, like Gecko) Chrome/77.0.3865.90 Safari/537.36"
::1 - - [09/Oct/2019:19:56:22 +0000] "POST /search HTTP/1.1" 200 224 "http://localhost:4200/search" "Mozilla/5.0 (Windows NT 10.0; Win64; x64) AppleWebKit/537.36 (KHTML, like Gecko) Chrome/77.0.3865.90 Safari/537.36"
::1 - - [09/Oct/2019:19:56:22 +0000] "POST /search HTTP/1.1" 200 224 "http://localhost:4200/search" "Mozilla/5.0 (Windows NT 10.0; Win64; x64) AppleWebKit/537.36 (KHTML, like Gecko) Chrome/77.0.3865.90 Safari/537.36"
::1 - - [09/Oct/2019:19:57:01 +0000] "OPTIONS /search HTTP/1.1" 200 20 "http://localhost:4200/search" "Mozilla/5.0 (Windows NT 10.0; Win64; x64) AppleWebKit/537.36 (KHTML, like Gecko) Chrome/77.0.3865.90 Safari/537.36"
::1 - - [09/Oct/2019:19:57:01 +0000] "OPTIONS /search HTTP/1.1" 200 20 "http://localhost:4200/search" "Mozilla/5.0 (Windows NT 10.0; Win64; x64) AppleWebKit/537.36 (KHTML, like Gecko) Chrome/77.0.3865.90 Safari/537.36"
::1 - - [09/Oct/2019:19:57:01 +0000] "OPTIONS /search HTTP/1.1" 200 20 "http://localhost:4200/search" "Mozilla/5.0 (Windows NT 10.0; Win64; x64) AppleWebKit/537.36 (KHTML, like Gecko) Chrome/77.0.3865.90 Safari/537.36"
::1 - - [09/Oct/2019:19:57:01 +0000] "OPTIONS /search HTTP/1.1" 200 20 "http://localhost:4200/search" "Mozilla/5.0 (Windows NT 10.0; Win64; x64) AppleWebKit/537.36 (KHTML, like Gecko) Chrome/77.0.3865.90 Safari/537.36"
::1 - - [09/Oct/2019:19:57:01 +0000] "OPTIONS /search HTTP/1.1" 200 20 "http://localhost:4200/search" "Mozilla/5.0 (Windows NT 10.0; Win64; x64) AppleWebKit/537.36 (KHTML, like Gecko) Chrome/77.0.3865.90 Safari/537.36"
::1 - - [09/Oct/2019:19:57:01 +0000] "POST /search HTTP/1.1" 200 224 "http://localhost:4200/search" "Mozilla/5.0 (Windows NT 10.0; Win64; x64) AppleWebKit/537.36 (KHTML, like Gecko) Chrome/77.0.3865.90 Safari/537.36"
::1 - - [09/Oct/2019:19:57:01 +0000] "POST /search HTTP/1.1" 200 224 "http://localhost:4200/search" "Mozilla/5.0 (Windows NT 10.0; Win64; x64) AppleWebKit/537.36 (KHTML, like Gecko) Chrome/77.0.3865.90 Safari/537.36"
::1 - - [09/Oct/2019:19:57:01 +0000] "POST /search HTTP/1.1" 200 224 "http://localhost:4200/search" "Mozilla/5.0 (Windows NT 10.0; Win64; x64) AppleWebKit/537.36 (KHTML, like Gecko) Chrome/77.0.3865.90 Safari/537.36"
::1 - - [09/Oct/2019:19:57:01 +0000] "POST /search HTTP/1.1" 200 224 "http://localhost:4200/search" "Mozilla/5.0 (Windows NT 10.0; Win64; x64) AppleWebKit/537.36 (KHTML, like Gecko) Chrome/77.0.3865.90 Safari/537.36"
::1 - - [09/Oct/2019:19:57:02 +0000] "POST /search HTTP/1.1" 200 224 "http://localhost:4200/search" "Mozilla/5.0 (Windows NT 10.0; Win64; x64) AppleWebKit/537.36 (KHTML, like Gecko) Chrome/77.0.3865.90 Safari/537.36"
::1 - - [09/Oct/2019:19:57:17 +0000] "OPTIONS /search HTTP/1.1" 200 20 "http://localhost:4200/search" "Mozilla/5.0 (Windows NT 10.0; Win64; x64) AppleWebKit/537.36 (KHTML, like Gecko) Chrome/77.0.3865.90 Safari/537.36"
::1 - - [09/Oct/2019:19:57:17 +0000] "OPTIONS /search HTTP/1.1" 200 20 "http://localhost:4200/search" "Mozilla/5.0 (Windows NT 10.0; Win64; x64) AppleWebKit/537.36 (KHTML, like Gecko) Chrome/77.0.3865.90 Safari/537.36"
::1 - - [09/Oct/2019:19:57:18 +0000] "OPTIONS /search HTTP/1.1" 200 20 "http://localhost:4200/search" "Mozilla/5.0 (Windows NT 10.0; Win64; x64) AppleWebKit/537.36 (KHTML, like Gecko) Chrome/77.0.3865.90 Safari/537.36"
::1 - - [09/Oct/2019:19:57:18 +0000] "OPTIONS /search HTTP/1.1" 200 20 "http://localhost:4200/search" "Mozilla/5.0 (Windows NT 10.0; Win64; x64) AppleWebKit/537.36 (KHTML, like Gecko) Chrome/77.0.3865.90 Safari/537.36"
::1 - - [09/Oct/2019:19:57:18 +0000] "OPTIONS /search HTTP/1.1" 200 20 "http://localhost:4200/search" "Mozilla/5.0 (Windows NT 10.0; Win64; x64) AppleWebKit/537.36 (KHTML, like Gecko) Chrome/77.0.3865.90 Safari/537.36"
::1 - - [09/Oct/2019:19:57:19 +0000] "POST /search HTTP/1.1" 200 224 "http://localhost:4200/search" "Mozilla/5.0 (Windows NT 10.0; Win64; x64) AppleWebKit/537.36 (KHTML, like Gecko) Chrome/77.0.3865.90 Safari/537.36"
::1 - - [09/Oct/2019:19:57:19 +0000] "POST /search HTTP/1.1" 200 224 "http://localhost:4200/search" "Mozilla/5.0 (Windows NT 10.0; Win64; x64) AppleWebKit/537.36 (KHTML, like Gecko) Chrome/77.0.3865.90 Safari/537.36"
::1 - - [09/Oct/2019:19:57:19 +0000] "POST /search HTTP/1.1" 200 224 "http://localhost:4200/search" "Mozilla/5.0 (Windows NT 10.0; Win64; x64) AppleWebKit/537.36 (KHTML, like Gecko) Chrome/77.0.3865.90 Safari/537.36"
::1 - - [09/Oct/2019:19:57:19 +0000] "POST /search HTTP/1.1" 200 224 "http://localhost:4200/search" "Mozilla/5.0 (Windows NT 10.0; Win64; x64) AppleWebKit/537.36 (KHTML, like Gecko) Chrome/77.0.3865.90 Safari/537.36"
::1 - - [09/Oct/2019:19:57:19 +0000] "POST /search HTTP/1.1" 200 224 "http://localhost:4200/search" "Mozilla/5.0 (Windows NT 10.0; Win64; x64) AppleWebKit/537.36 (KHTML, like Gecko) Chrome/77.0.3865.90 Safari/537.36"
::1 - - [09/Oct/2019:19:59:10 +0000] "OPTIONS /search HTTP/1.1" 200 20 "http://localhost:4200/search" "Mozilla/5.0 (Windows NT 10.0; Win64; x64) AppleWebKit/537.36 (KHTML, like Gecko) Chrome/77.0.3865.90 Safari/537.36"
::1 - - [09/Oct/2019:19:59:49 +0000] "OPTIONS /search HTTP/1.1" 200 20 "http://localhost:4200/search" "Mozilla/5.0 (Windows NT 10.0; Win64; x64) AppleWebKit/537.36 (KHTML, like Gecko) Chrome/77.0.3865.90 Safari/537.36"
::1 - - [09/Oct/2019:20:00:04 +0000] "OPTIONS /search HTTP/1.1" 200 20 "http://localhost:4200/search" "Mozilla/5.0 (Windows NT 10.0; Win64; x64) AppleWebKit/537.36 (KHTML, like Gecko) Chrome/77.0.3865.90 Safari/537.36"
::1 - - [09/Oct/2019:20:00:04 +0000] "POST /search HTTP/1.1" 200 224 "http://localhost:4200/search" "Mozilla/5.0 (Windows NT 10.0; Win64; x64) AppleWebKit/537.36 (KHTML, like Gecko) Chrome/77.0.3865.90 Safari/537.36"
::1 - - [09/Oct/2019:20:00:11 +0000] "OPTIONS /search HTTP/1.1" 200 20 "http://localhost:4200/search" "Mozilla/5.0 (Windows NT 10.0; Win64; x64) AppleWebKit/537.36 (KHTML, like Gecko) Chrome/77.0.3865.90 Safari/537.36"
::1 - - [09/Oct/2019:20:00:11 +0000] "POST /search HTTP/1.1" 200 224 "http://localhost:4200/search" "Mozilla/5.0 (Windows NT 10.0; Win64; x64) AppleWebKit/537.36 (KHTML, like Gecko) Chrome/77.0.3865.90 Safari/537.36"
::1 - - [09/Oct/2019:20:00:12 +0000] "POST /search HTTP/1.1" 200 224 "http://localhost:4200/search" "Mozilla/5.0 (Windows NT 10.0; Win64; x64) AppleWebKit/537.36 (KHTML, like Gecko) Chrome/77.0.3865.90 Safari/537.36"
::1 - - [09/Oct/2019:20:00:13 +0000] "POST /search HTTP/1.1" 200 224 "http://localhost:4200/search" "Mozilla/5.0 (Windows NT 10.0; Win64; x64) AppleWebKit/537.36 (KHTML, like Gecko) Chrome/77.0.3865.90 Safari/537.36"
::1 - - [09/Oct/2019:20:00:14 +0000] "POST /search HTTP/1.1" 200 224 "http://localhost:4200/search" "Mozilla/5.0 (Windows NT 10.0; Win64; x64) AppleWebKit/537.36 (KHTML, like Gecko) Chrome/77.0.3865.90 Safari/537.36"
::1 - - [09/Oct/2019:20:00:14 +0000] "POST /search HTTP/1.1" 200 224 "http://localhost:4200/search" "Mozilla/5.0 (Windows NT 10.0; Win64; x64) AppleWebKit/537.36 (KHTML, like Gecko) Chrome/77.0.3865.90 Safari/537.36"
::1 - - [09/Oct/2019:20:00:19 +0000] "OPTIONS /search HTTP/1.1" 200 20 "http://localhost:4200/search" "Mozilla/5.0 (Windows NT 10.0; Win64; x64) AppleWebKit/537.36 (KHTML, like Gecko) Chrome/77.0.3865.90 Safari/537.36"
::1 - - [09/Oct/2019:20:00:19 +0000] "POST /search HTTP/1.1" 200 224 "http://localhost:4200/search" "Mozilla/5.0 (Windows NT 10.0; Win64; x64) AppleWebKit/537.36 (KHTML, like Gecko) Chrome/77.0.3865.90 Safari/537.36"
::1 - - [09/Oct/2019:20:00:54 +0000] "OPTIONS /search HTTP/1.1" 200 20 "http://localhost:4200/search" "Mozilla/5.0 (Windows NT 10.0; Win64; x64) AppleWebKit/537.36 (KHTML, like Gecko) Chrome/77.0.3865.90 Safari/537.36"
::1 - - [09/Oct/2019:20:00:54 +0000] "POST /search HTTP/1.1" 200 1822 "http://localhost:4200/search" "Mozilla/5.0 (Windows NT 10.0; Win64; x64) AppleWebKit/537.36 (KHTML, like Gecko) Chrome/77.0.3865.90 Safari/537.36"
::ffff:127.0.0.1 - - [09/Oct/2019:20:01:15 +0000] "OPTIONS /search HTTP/1.1" 200 20 "http://localhost:4200/search" "Mozilla/5.0 (Windows NT 10.0; Win64; x64) AppleWebKit/537.36 (KHTML, like Gecko) Chrome/77.0.3865.90 Safari/537.36"
::ffff:127.0.0.1 - - [09/Oct/2019:20:01:15 +0000] "POST /search HTTP/1.1" 200 394 "http://localhost:4200/search" "Mozilla/5.0 (Windows NT 10.0; Win64; x64) AppleWebKit/537.36 (KHTML, like Gecko) Chrome/77.0.3865.90 Safari/537.36"
::1 - - [09/Oct/2019:20:01:38 +0000] "OPTIONS /search HTTP/1.1" 200 20 "http://localhost:4200/search" "Mozilla/5.0 (Windows NT 10.0; Win64; x64) AppleWebKit/537.36 (KHTML, like Gecko) Chrome/77.0.3865.90 Safari/537.36"
::1 - - [09/Oct/2019:20:01:38 +0000] "POST /search HTTP/1.1" 200 394 "http://localhost:4200/search" "Mozilla/5.0 (Windows NT 10.0; Win64; x64) AppleWebKit/537.36 (KHTML, like Gecko) Chrome/77.0.3865.90 Safari/537.36"
::1 - - [09/Oct/2019:20:05:02 +0000] "OPTIONS /search HTTP/1.1" 200 20 "http://localhost:4200/search" "Mozilla/5.0 (Windows NT 10.0; Win64; x64) AppleWebKit/537.36 (KHTML, like Gecko) Chrome/77.0.3865.90 Safari/537.36"
::1 - - [09/Oct/2019:20:05:03 +0000] "POST /search HTTP/1.1" 200 400 "http://localhost:4200/search" "Mozilla/5.0 (Windows NT 10.0; Win64; x64) AppleWebKit/537.36 (KHTML, like Gecko) Chrome/77.0.3865.90 Safari/537.36"
::1 - - [09/Oct/2019:20:14:57 +0000] "OPTIONS /search HTTP/1.1" 200 20 "http://localhost:4200/search" "Mozilla/5.0 (Windows NT 10.0; Win64; x64) AppleWebKit/537.36 (KHTML, like Gecko) Chrome/77.0.3865.90 Safari/537.36"
::1 - - [09/Oct/2019:20:15:56 +0000] "POST /search HTTP/1.1" 200 400 "http://localhost:4200/search" "Mozilla/5.0 (Windows NT 10.0; Win64; x64) AppleWebKit/537.36 (KHTML, like Gecko) Chrome/77.0.3865.90 Safari/537.36"
::1 - - [09/Oct/2019:20:16:32 +0000] "OPTIONS /search HTTP/1.1" 200 20 "http://localhost:4200/search" "Mozilla/5.0 (Windows NT 10.0; Win64; x64) AppleWebKit/537.36 (KHTML, like Gecko) Chrome/77.0.3865.90 Safari/537.36"
::1 - - [09/Oct/2019:20:16:33 +0000] "POST /search HTTP/1.1" 200 2 "http://localhost:4200/search" "Mozilla/5.0 (Windows NT 10.0; Win64; x64) AppleWebKit/537.36 (KHTML, like Gecko) Chrome/77.0.3865.90 Safari/537.36"
::1 - - [09/Oct/2019:20:24:30 +0000] "OPTIONS /search HTTP/1.1" 200 20 "http://localhost:4200/search" "Mozilla/5.0 (Windows NT 10.0; Win64; x64) AppleWebKit/537.36 (KHTML, like Gecko) Chrome/77.0.3865.90 Safari/537.36"
::1 - - [09/Oct/2019:20:24:31 +0000] "POST /search HTTP/1.1" 200 174246 "http://localhost:4200/search" "Mozilla/5.0 (Windows NT 10.0; Win64; x64) AppleWebKit/537.36 (KHTML, like Gecko) Chrome/77.0.3865.90 Safari/537.36"
::1 - - [09/Oct/2019:20:25:58 +0000] "OPTIONS /search HTTP/1.1" 200 20 "http://localhost:4200/search" "Mozilla/5.0 (Windows NT 10.0; Win64; x64) AppleWebKit/537.36 (KHTML, like Gecko) Chrome/77.0.3865.90 Safari/537.36"
::1 - - [09/Oct/2019:20:26:00 +0000] "POST /search HTTP/1.1" 200 174246 "http://localhost:4200/search" "Mozilla/5.0 (Windows NT 10.0; Win64; x64) AppleWebKit/537.36 (KHTML, like Gecko) Chrome/77.0.3865.90 Safari/537.36"
::1 - - [09/Oct/2019:20:29:05 +0000] "OPTIONS /search HTTP/1.1" 200 20 "http://localhost:4200/search" "Mozilla/5.0 (Windows NT 10.0; Win64; x64) AppleWebKit/537.36 (KHTML, like Gecko) Chrome/77.0.3865.90 Safari/537.36"
::1 - - [09/Oct/2019:20:29:12 +0000] "OPTIONS /search HTTP/1.1" 200 20 "http://localhost:4200/search" "Mozilla/5.0 (Windows NT 10.0; Win64; x64) AppleWebKit/537.36 (KHTML, like Gecko) Chrome/77.0.3865.90 Safari/537.36"
::1 - - [09/Oct/2019:20:29:14 +0000] "POST /search HTTP/1.1" 200 174246 "http://localhost:4200/search" "Mozilla/5.0 (Windows NT 10.0; Win64; x64) AppleWebKit/537.36 (KHTML, like Gecko) Chrome/77.0.3865.90 Safari/537.36"
::1 - - [09/Oct/2019:20:29:24 +0000] "OPTIONS /search HTTP/1.1" 200 20 "http://localhost:4200/search" "Mozilla/5.0 (Windows NT 10.0; Win64; x64) AppleWebKit/537.36 (KHTML, like Gecko) Chrome/77.0.3865.90 Safari/537.36"
::1 - - [09/Oct/2019:20:29:26 +0000] "POST /search HTTP/1.1" 200 174246 "http://localhost:4200/search" "Mozilla/5.0 (Windows NT 10.0; Win64; x64) AppleWebKit/537.36 (KHTML, like Gecko) Chrome/77.0.3865.90 Safari/537.36"
::ffff:127.0.0.1 - - [09/Oct/2019:20:30:02 +0000] "OPTIONS /search HTTP/1.1" 200 20 "http://localhost:4200/search" "Mozilla/5.0 (Windows NT 10.0; Win64; x64) AppleWebKit/537.36 (KHTML, like Gecko) Chrome/77.0.3865.90 Safari/537.36"
::ffff:127.0.0.1 - - [09/Oct/2019:20:30:03 +0000] "POST /search HTTP/1.1" 200 174246 "http://localhost:4200/search" "Mozilla/5.0 (Windows NT 10.0; Win64; x64) AppleWebKit/537.36 (KHTML, like Gecko) Chrome/77.0.3865.90 Safari/537.36"
::1 - - [09/Oct/2019:20:42:27 +0000] "OPTIONS /search HTTP/1.1" 200 20 "http://localhost:4200/search" "Mozilla/5.0 (Windows NT 10.0; Win64; x64) AppleWebKit/537.36 (KHTML, like Gecko) Chrome/77.0.3865.90 Safari/537.36"
::1 - - [09/Oct/2019:20:43:11 +0000] "OPTIONS /search HTTP/1.1" 200 20 "http://localhost:4200/search" "Mozilla/5.0 (Windows NT 10.0; Win64; x64) AppleWebKit/537.36 (KHTML, like Gecko) Chrome/77.0.3865.90 Safari/537.36"
::1 - - [09/Oct/2019:20:43:13 +0000] "POST /search HTTP/1.1" 200 522742 "http://localhost:4200/search" "Mozilla/5.0 (Windows NT 10.0; Win64; x64) AppleWebKit/537.36 (KHTML, like Gecko) Chrome/77.0.3865.90 Safari/537.36"
::1 - - [09/Oct/2019:20:44:02 +0000] "OPTIONS /search HTTP/1.1" 200 20 "http://localhost:4200/search" "Mozilla/5.0 (Windows NT 10.0; Win64; x64) AppleWebKit/537.36 (KHTML, like Gecko) Chrome/77.0.3865.90 Safari/537.36"
::1 - - [09/Oct/2019:20:45:40 +0000] "OPTIONS /search HTTP/1.1" 200 20 "http://localhost:4200/search" "Mozilla/5.0 (Windows NT 10.0; Win64; x64) AppleWebKit/537.36 (KHTML, like Gecko) Chrome/77.0.3865.90 Safari/537.36"
::1 - - [09/Oct/2019:20:46:16 +0000] "OPTIONS /search HTTP/1.1" 200 20 "http://localhost:4200/search" "Mozilla/5.0 (Windows NT 10.0; Win64; x64) AppleWebKit/537.36 (KHTML, like Gecko) Chrome/77.0.3865.90 Safari/537.36"
::1 - - [09/Oct/2019:20:48:05 +0000] "OPTIONS /search HTTP/1.1" 200 20 "http://localhost:4200/search" "Mozilla/5.0 (Windows NT 10.0; Win64; x64) AppleWebKit/537.36 (KHTML, like Gecko) Chrome/77.0.3865.90 Safari/537.36"
::1 - - [09/Oct/2019:20:48:05 +0000] "POST /search HTTP/1.1" 200 216 "http://localhost:4200/search" "Mozilla/5.0 (Windows NT 10.0; Win64; x64) AppleWebKit/537.36 (KHTML, like Gecko) Chrome/77.0.3865.90 Safari/537.36"
::1 - - [09/Oct/2019:21:08:30 +0000] "OPTIONS /search HTTP/1.1" 200 20 "http://localhost:4200/search" "Mozilla/5.0 (Windows NT 10.0; Win64; x64) AppleWebKit/537.36 (KHTML, like Gecko) Chrome/77.0.3865.90 Safari/537.36"
::1 - - [09/Oct/2019:21:08:30 +0000] "POST /search HTTP/1.1" 200 522742 "http://localhost:4200/search" "Mozilla/5.0 (Windows NT 10.0; Win64; x64) AppleWebKit/537.36 (KHTML, like Gecko) Chrome/77.0.3865.90 Safari/537.36"
::1 - - [09/Oct/2019:21:09:04 +0000] "OPTIONS /search HTTP/1.1" 200 20 "http://localhost:4200/search" "Mozilla/5.0 (Windows NT 10.0; Win64; x64) AppleWebKit/537.36 (KHTML, like Gecko) Chrome/77.0.3865.90 Safari/537.36"
::1 - - [09/Oct/2019:21:09:04 +0000] "POST /search HTTP/1.1" 200 522742 "http://localhost:4200/search" "Mozilla/5.0 (Windows NT 10.0; Win64; x64) AppleWebKit/537.36 (KHTML, like Gecko) Chrome/77.0.3865.90 Safari/537.36"
::1 - - [09/Oct/2019:21:14:12 +0000] "OPTIONS /search HTTP/1.1" 200 20 "http://localhost:4200/search" "Mozilla/5.0 (Windows NT 10.0; Win64; x64) AppleWebKit/537.36 (KHTML, like Gecko) Chrome/77.0.3865.90 Safari/537.36"
::1 - - [09/Oct/2019:21:16:13 +0000] "POST /search HTTP/1.1" - - "http://localhost:4200/search" "Mozilla/5.0 (Windows NT 10.0; Win64; x64) AppleWebKit/537.36 (KHTML, like Gecko) Chrome/77.0.3865.90 Safari/537.36"
::1 - - [09/Oct/2019:21:18:13 +0000] "POST /search HTTP/1.1" - - "http://localhost:4200/search" "Mozilla/5.0 (Windows NT 10.0; Win64; x64) AppleWebKit/537.36 (KHTML, like Gecko) Chrome/77.0.3865.90 Safari/537.36"
::1 - - [09/Oct/2019:21:26:05 +0000] "OPTIONS /search HTTP/1.1" 200 20 "http://localhost:4200/search" "Mozilla/5.0 (Windows NT 10.0; Win64; x64) AppleWebKit/537.36 (KHTML, like Gecko) Chrome/77.0.3865.90 Safari/537.36"
::1 - - [09/Oct/2019:21:26:09 +0000] "POST /search HTTP/1.1" 200 522742 "http://localhost:4200/search" "Mozilla/5.0 (Windows NT 10.0; Win64; x64) AppleWebKit/537.36 (KHTML, like Gecko) Chrome/77.0.3865.90 Safari/537.36"
::1 - - [09/Oct/2019:21:26:26 +0000] "OPTIONS /search HTTP/1.1" 200 20 "http://localhost:4200/search" "Mozilla/5.0 (Windows NT 10.0; Win64; x64) AppleWebKit/537.36 (KHTML, like Gecko) Chrome/77.0.3865.90 Safari/537.36"
::1 - - [09/Oct/2019:21:26:26 +0000] "POST /search HTTP/1.1" 200 216 "http://localhost:4200/search" "Mozilla/5.0 (Windows NT 10.0; Win64; x64) AppleWebKit/537.36 (KHTML, like Gecko) Chrome/77.0.3865.90 Safari/537.36"
::1 - - [09/Oct/2019:21:26:29 +0000] "POST /search HTTP/1.1" 200 216 "http://localhost:4200/search" "Mozilla/5.0 (Windows NT 10.0; Win64; x64) AppleWebKit/537.36 (KHTML, like Gecko) Chrome/77.0.3865.90 Safari/537.36"
::1 - - [09/Oct/2019:21:27:03 +0000] "POST /search HTTP/1.1" - - "http://localhost:4200/search" "Mozilla/5.0 (Windows NT 10.0; Win64; x64) AppleWebKit/537.36 (KHTML, like Gecko) Chrome/77.0.3865.90 Safari/537.36"
::1 - - [09/Oct/2019:21:27:09 +0000] "OPTIONS /search HTTP/1.1" 200 20 "http://localhost:4200/search" "Mozilla/5.0 (Windows NT 10.0; Win64; x64) AppleWebKit/537.36 (KHTML, like Gecko) Chrome/77.0.3865.90 Safari/537.36"
::1 - - [09/Oct/2019:21:27:14 +0000] "POST /search HTTP/1.1" 200 216 "http://localhost:4200/search" "Mozilla/5.0 (Windows NT 10.0; Win64; x64) AppleWebKit/537.36 (KHTML, like Gecko) Chrome/77.0.3865.90 Safari/537.36"
::1 - - [09/Oct/2019:21:27:27 +0000] "OPTIONS /search HTTP/1.1" 200 20 "http://localhost:4200/search" "Mozilla/5.0 (Windows NT 10.0; Win64; x64) AppleWebKit/537.36 (KHTML, like Gecko) Chrome/77.0.3865.90 Safari/537.36"
::1 - - [09/Oct/2019:21:27:27 +0000] "POST /search HTTP/1.1" 200 522742 "http://localhost:4200/search" "Mozilla/5.0 (Windows NT 10.0; Win64; x64) AppleWebKit/537.36 (KHTML, like Gecko) Chrome/77.0.3865.90 Safari/537.36"
::1 - - [09/Oct/2019:21:29:09 +0000] "POST /search HTTP/1.1" - - "http://localhost:4200/search" "Mozilla/5.0 (Windows NT 10.0; Win64; x64) AppleWebKit/537.36 (KHTML, like Gecko) Chrome/77.0.3865.90 Safari/537.36"
::1 - - [09/Oct/2019:21:31:09 +0000] "POST /search HTTP/1.1" - - "http://localhost:4200/search" "Mozilla/5.0 (Windows NT 10.0; Win64; x64) AppleWebKit/537.36 (KHTML, like Gecko) Chrome/77.0.3865.90 Safari/537.36"
::1 - - [09/Oct/2019:21:31:56 +0000] "OPTIONS /search HTTP/1.1" 200 20 "http://localhost:4200/search" "Mozilla/5.0 (Windows NT 10.0; Win64; x64) AppleWebKit/537.36 (KHTML, like Gecko) Chrome/77.0.3865.90 Safari/537.36"
::1 - - [09/Oct/2019:21:32:20 +0000] "POST /search HTTP/1.1" - - "http://localhost:4200/search" "Mozilla/5.0 (Windows NT 10.0; Win64; x64) AppleWebKit/537.36 (KHTML, like Gecko) Chrome/77.0.3865.90 Safari/537.36"
::1 - - [09/Oct/2019:21:32:25 +0000] "OPTIONS /search HTTP/1.1" 200 20 "http://localhost:4200/search" "Mozilla/5.0 (Windows NT 10.0; Win64; x64) AppleWebKit/537.36 (KHTML, like Gecko) Chrome/77.0.3865.90 Safari/537.36"
::1 - - [09/Oct/2019:21:32:32 +0000] "OPTIONS /search HTTP/1.1" 200 20 "http://localhost:4200/search" "Mozilla/5.0 (Windows NT 10.0; Win64; x64) AppleWebKit/537.36 (KHTML, like Gecko) Chrome/77.0.3865.90 Safari/537.36"
::1 - - [09/Oct/2019:21:32:32 +0000] "POST /search HTTP/1.1" 200 216 "http://localhost:4200/search" "Mozilla/5.0 (Windows NT 10.0; Win64; x64) AppleWebKit/537.36 (KHTML, like Gecko) Chrome/77.0.3865.90 Safari/537.36"
::1 - - [09/Oct/2019:21:32:41 +0000] "OPTIONS /search HTTP/1.1" 200 20 "http://localhost:4200/search" "Mozilla/5.0 (Windows NT 10.0; Win64; x64) AppleWebKit/537.36 (KHTML, like Gecko) Chrome/77.0.3865.90 Safari/537.36"
::1 - - [09/Oct/2019:21:32:41 +0000] "POST /search HTTP/1.1" 200 522742 "http://localhost:4200/search" "Mozilla/5.0 (Windows NT 10.0; Win64; x64) AppleWebKit/537.36 (KHTML, like Gecko) Chrome/77.0.3865.90 Safari/537.36"
::1 - - [09/Oct/2019:21:34:25 +0000] "POST /search HTTP/1.1" - - "http://localhost:4200/search" "Mozilla/5.0 (Windows NT 10.0; Win64; x64) AppleWebKit/537.36 (KHTML, like Gecko) Chrome/77.0.3865.90 Safari/537.36"
::1 - - [09/Oct/2019:21:36:25 +0000] "POST /search HTTP/1.1" - - "http://localhost:4200/search" "Mozilla/5.0 (Windows NT 10.0; Win64; x64) AppleWebKit/537.36 (KHTML, like Gecko) Chrome/77.0.3865.90 Safari/537.36"
::1 - - [09/Oct/2019:21:38:45 +0000] "OPTIONS /search HTTP/1.1" 200 20 "http://localhost:4200/search" "Mozilla/5.0 (Windows NT 10.0; Win64; x64) AppleWebKit/537.36 (KHTML, like Gecko) Chrome/77.0.3865.90 Safari/537.36"
::1 - - [09/Oct/2019:21:38:57 +0000] "OPTIONS /search HTTP/1.1" 200 20 "http://localhost:4200/search" "Mozilla/5.0 (Windows NT 10.0; Win64; x64) AppleWebKit/537.36 (KHTML, like Gecko) Chrome/77.0.3865.90 Safari/537.36"
::1 - - [09/Oct/2019:21:38:57 +0000] "POST /search HTTP/1.1" 200 522742 "http://localhost:4200/search" "Mozilla/5.0 (Windows NT 10.0; Win64; x64) AppleWebKit/537.36 (KHTML, like Gecko) Chrome/77.0.3865.90 Safari/537.36"
::1 - - [09/Oct/2019:21:40:45 +0000] "POST /search HTTP/1.1" - - "http://localhost:4200/search" "Mozilla/5.0 (Windows NT 10.0; Win64; x64) AppleWebKit/537.36 (KHTML, like Gecko) Chrome/77.0.3865.90 Safari/537.36"
::1 - - [09/Oct/2019:21:41:56 +0000] "POST /search HTTP/1.1" - - "http://localhost:4200/search" "Mozilla/5.0 (Windows NT 10.0; Win64; x64) AppleWebKit/537.36 (KHTML, like Gecko) Chrome/77.0.3865.90 Safari/537.36"
::1 - - [09/Oct/2019:21:43:24 +0000] "OPTIONS /search HTTP/1.1" 200 20 "http://localhost:4200/search" "Mozilla/5.0 (Windows NT 10.0; Win64; x64) AppleWebKit/537.36 (KHTML, like Gecko) Chrome/77.0.3865.90 Safari/537.36"
::1 - - [09/Oct/2019:21:43:31 +0000] "OPTIONS /search HTTP/1.1" 200 20 "http://localhost:4200/search" "Mozilla/5.0 (Windows NT 10.0; Win64; x64) AppleWebKit/537.36 (KHTML, like Gecko) Chrome/77.0.3865.90 Safari/537.36"
::1 - - [09/Oct/2019:21:43:31 +0000] "POST /search HTTP/1.1" 200 522742 "http://localhost:4200/search" "Mozilla/5.0 (Windows NT 10.0; Win64; x64) AppleWebKit/537.36 (KHTML, like Gecko) Chrome/77.0.3865.90 Safari/537.36"
::1 - - [09/Oct/2019:21:44:32 +0000] "POST /search HTTP/1.1" - - "http://localhost:4200/search" "Mozilla/5.0 (Windows NT 10.0; Win64; x64) AppleWebKit/537.36 (KHTML, like Gecko) Chrome/77.0.3865.90 Safari/537.36"
::1 - - [09/Oct/2019:21:44:37 +0000] "OPTIONS /search HTTP/1.1" 200 20 "http://localhost:4200/search" "Mozilla/5.0 (Windows NT 10.0; Win64; x64) AppleWebKit/537.36 (KHTML, like Gecko) Chrome/77.0.3865.90 Safari/537.36"
::1 - - [09/Oct/2019:21:44:41 +0000] "POST /search HTTP/1.1" 200 522742 "http://localhost:4200/search" "Mozilla/5.0 (Windows NT 10.0; Win64; x64) AppleWebKit/537.36 (KHTML, like Gecko) Chrome/77.0.3865.90 Safari/537.36"
::1 - - [09/Oct/2019:21:45:18 +0000] "POST /search HTTP/1.1" - - "http://localhost:4200/search" "Mozilla/5.0 (Windows NT 10.0; Win64; x64) AppleWebKit/537.36 (KHTML, like Gecko) Chrome/77.0.3865.90 Safari/537.36"
::1 - - [09/Oct/2019:21:45:23 +0000] "OPTIONS /search HTTP/1.1" 200 20 "http://localhost:4200/search" "Mozilla/5.0 (Windows NT 10.0; Win64; x64) AppleWebKit/537.36 (KHTML, like Gecko) Chrome/77.0.3865.90 Safari/537.36"
::1 - - [09/Oct/2019:21:45:33 +0000] "OPTIONS /search HTTP/1.1" 200 20 "http://localhost:4200/search" "Mozilla/5.0 (Windows NT 10.0; Win64; x64) AppleWebKit/537.36 (KHTML, like Gecko) Chrome/77.0.3865.90 Safari/537.36"
::1 - - [09/Oct/2019:21:45:33 +0000] "POST /search HTTP/1.1" 200 522742 "http://localhost:4200/search" "Mozilla/5.0 (Windows NT 10.0; Win64; x64) AppleWebKit/537.36 (KHTML, like Gecko) Chrome/77.0.3865.90 Safari/537.36"
::1 - - [09/Oct/2019:21:46:16 +0000] "POST /search HTTP/1.1" - - "http://localhost:4200/search" "Mozilla/5.0 (Windows NT 10.0; Win64; x64) AppleWebKit/537.36 (KHTML, like Gecko) Chrome/77.0.3865.90 Safari/537.36"
::1 - - [09/Oct/2019:21:46:21 +0000] "OPTIONS /search HTTP/1.1" 200 20 "http://localhost:4200/search" "Mozilla/5.0 (Windows NT 10.0; Win64; x64) AppleWebKit/537.36 (KHTML, like Gecko) Chrome/77.0.3865.90 Safari/537.36"
::1 - - [09/Oct/2019:21:46:26 +0000] "OPTIONS /search HTTP/1.1" 200 20 "http://localhost:4200/search" "Mozilla/5.0 (Windows NT 10.0; Win64; x64) AppleWebKit/537.36 (KHTML, like Gecko) Chrome/77.0.3865.90 Safari/537.36"
::1 - - [09/Oct/2019:21:46:26 +0000] "POST /search HTTP/1.1" 200 522742 "http://localhost:4200/search" "Mozilla/5.0 (Windows NT 10.0; Win64; x64) AppleWebKit/537.36 (KHTML, like Gecko) Chrome/77.0.3865.90 Safari/537.36"
::1 - - [09/Oct/2019:21:48:21 +0000] "POST /search HTTP/1.1" - - "http://localhost:4200/search" "Mozilla/5.0 (Windows NT 10.0; Win64; x64) AppleWebKit/537.36 (KHTML, like Gecko) Chrome/77.0.3865.90 Safari/537.36"
::1 - - [09/Oct/2019:21:48:25 +0000] "POST /search HTTP/1.1" - - "http://localhost:4200/search" "Mozilla/5.0 (Windows NT 10.0; Win64; x64) AppleWebKit/537.36 (KHTML, like Gecko) Chrome/77.0.3865.90 Safari/537.36"
::1 - - [09/Oct/2019:21:48:30 +0000] "OPTIONS /search HTTP/1.1" 200 20 "http://localhost:4200/search" "Mozilla/5.0 (Windows NT 10.0; Win64; x64) AppleWebKit/537.36 (KHTML, like Gecko) Chrome/77.0.3865.90 Safari/537.36"
::1 - - [09/Oct/2019:21:50:31 +0000] "POST /search HTTP/1.1" - - "http://localhost:4200/search" "Mozilla/5.0 (Windows NT 10.0; Win64; x64) AppleWebKit/537.36 (KHTML, like Gecko) Chrome/77.0.3865.90 Safari/537.36"
::1 - - [09/Oct/2019:21:52:31 +0000] "POST /search HTTP/1.1" - - "http://localhost:4200/search" "Mozilla/5.0 (Windows NT 10.0; Win64; x64) AppleWebKit/537.36 (KHTML, like Gecko) Chrome/77.0.3865.90 Safari/537.36"
::1 - - [09/Oct/2019:21:52:57 +0000] "OPTIONS /search HTTP/1.1" 200 20 "http://localhost:4200/search" "Mozilla/5.0 (Windows NT 10.0; Win64; x64) AppleWebKit/537.36 (KHTML, like Gecko) Chrome/77.0.3865.90 Safari/537.36"
::1 - - [09/Oct/2019:21:53:32 +0000] "POST /search HTTP/1.1" - - "http://localhost:4200/search" "Mozilla/5.0 (Windows NT 10.0; Win64; x64) AppleWebKit/537.36 (KHTML, like Gecko) Chrome/77.0.3865.90 Safari/537.36"
::1 - - [09/Oct/2019:21:53:36 +0000] "OPTIONS /search HTTP/1.1" 200 20 "http://localhost:4200/search" "Mozilla/5.0 (Windows NT 10.0; Win64; x64) AppleWebKit/537.36 (KHTML, like Gecko) Chrome/77.0.3865.90 Safari/537.36"
::1 - - [09/Oct/2019:21:53:41 +0000] "POST /search HTTP/1.1" 200 522742 "http://localhost:4200/search" "Mozilla/5.0 (Windows NT 10.0; Win64; x64) AppleWebKit/537.36 (KHTML, like Gecko) Chrome/77.0.3865.90 Safari/537.36"
::1 - - [09/Oct/2019:21:54:29 +0000] "POST /search HTTP/1.1" - - "http://localhost:4200/search" "Mozilla/5.0 (Windows NT 10.0; Win64; x64) AppleWebKit/537.36 (KHTML, like Gecko) Chrome/77.0.3865.90 Safari/537.36"
::1 - - [09/Oct/2019:21:54:33 +0000] "OPTIONS /search HTTP/1.1" 200 20 "http://localhost:4200/search" "Mozilla/5.0 (Windows NT 10.0; Win64; x64) AppleWebKit/537.36 (KHTML, like Gecko) Chrome/77.0.3865.90 Safari/537.36"
::1 - - [09/Oct/2019:21:54:43 +0000] "POST /search HTTP/1.1" - - "http://localhost:4200/search" "Mozilla/5.0 (Windows NT 10.0; Win64; x64) AppleWebKit/537.36 (KHTML, like Gecko) Chrome/77.0.3865.90 Safari/537.36"
::1 - - [09/Oct/2019:21:54:47 +0000] "OPTIONS /search HTTP/1.1" 200 20 "http://localhost:4200/search" "Mozilla/5.0 (Windows NT 10.0; Win64; x64) AppleWebKit/537.36 (KHTML, like Gecko) Chrome/77.0.3865.90 Safari/537.36"
::1 - - [09/Oct/2019:21:56:47 +0000] "POST /search HTTP/1.1" - - "http://localhost:4200/search" "Mozilla/5.0 (Windows NT 10.0; Win64; x64) AppleWebKit/537.36 (KHTML, like Gecko) Chrome/77.0.3865.90 Safari/537.36"
::1 - - [09/Oct/2019:21:57:13 +0000] "POST /search HTTP/1.1" - - "http://localhost:4200/search" "Mozilla/5.0 (Windows NT 10.0; Win64; x64) AppleWebKit/537.36 (KHTML, like Gecko) Chrome/77.0.3865.90 Safari/537.36"
::1 - - [09/Oct/2019:21:57:17 +0000] "OPTIONS /search HTTP/1.1" 200 20 "http://localhost:4200/search" "Mozilla/5.0 (Windows NT 10.0; Win64; x64) AppleWebKit/537.36 (KHTML, like Gecko) Chrome/77.0.3865.90 Safari/537.36"
::1 - - [09/Oct/2019:21:57:20 +0000] "POST /search HTTP/1.1" 200 522742 "http://localhost:4200/search" "Mozilla/5.0 (Windows NT 10.0; Win64; x64) AppleWebKit/537.36 (KHTML, like Gecko) Chrome/77.0.3865.90 Safari/537.36"
::1 - - [09/Oct/2019:21:58:10 +0000] "POST /search HTTP/1.1" - - "http://localhost:4200/search" "Mozilla/5.0 (Windows NT 10.0; Win64; x64) AppleWebKit/537.36 (KHTML, like Gecko) Chrome/77.0.3865.90 Safari/537.36"
::1 - - [09/Oct/2019:21:58:15 +0000] "OPTIONS /search HTTP/1.1" 200 20 "http://localhost:4200/search" "Mozilla/5.0 (Windows NT 10.0; Win64; x64) AppleWebKit/537.36 (KHTML, like Gecko) Chrome/77.0.3865.90 Safari/537.36"
::1 - - [09/Oct/2019:21:58:19 +0000] "POST /search HTTP/1.1" 200 522742 "http://localhost:4200/search" "Mozilla/5.0 (Windows NT 10.0; Win64; x64) AppleWebKit/537.36 (KHTML, like Gecko) Chrome/77.0.3865.90 Safari/537.36"
::1 - - [09/Oct/2019:21:59:58 +0000] "POST /search HTTP/1.1" - - "http://localhost:4200/search" "Mozilla/5.0 (Windows NT 10.0; Win64; x64) AppleWebKit/537.36 (KHTML, like Gecko) Chrome/77.0.3865.90 Safari/537.36"
::1 - - [09/Oct/2019:22:00:01 +0000] "OPTIONS /search HTTP/1.1" 200 20 "http://localhost:4200/search" "Mozilla/5.0 (Windows NT 10.0; Win64; x64) AppleWebKit/537.36 (KHTML, like Gecko) Chrome/77.0.3865.90 Safari/537.36"
::1 - - [09/Oct/2019:22:00:06 +0000] "POST /search HTTP/1.1" 200 522742 "http://localhost:4200/search" "Mozilla/5.0 (Windows NT 10.0; Win64; x64) AppleWebKit/537.36 (KHTML, like Gecko) Chrome/77.0.3865.90 Safari/537.36"
::1 - - [09/Oct/2019:22:01:53 +0000] "POST /search HTTP/1.1" - - "http://localhost:4200/search" "Mozilla/5.0 (Windows NT 10.0; Win64; x64) AppleWebKit/537.36 (KHTML, like Gecko) Chrome/77.0.3865.90 Safari/537.36"
::1 - - [09/Oct/2019:22:01:59 +0000] "OPTIONS /search HTTP/1.1" 200 20 "http://localhost:4200/search" "Mozilla/5.0 (Windows NT 10.0; Win64; x64) AppleWebKit/537.36 (KHTML, like Gecko) Chrome/77.0.3865.90 Safari/537.36"
::1 - - [09/Oct/2019:22:02:01 +0000] "POST /search HTTP/1.1" 200 522742 "http://localhost:4200/search" "Mozilla/5.0 (Windows NT 10.0; Win64; x64) AppleWebKit/537.36 (KHTML, like Gecko) Chrome/77.0.3865.90 Safari/537.36"
::1 - - [09/Oct/2019:22:03:59 +0000] "POST /search HTTP/1.1" - - "http://localhost:4200/search" "Mozilla/5.0 (Windows NT 10.0; Win64; x64) AppleWebKit/537.36 (KHTML, like Gecko) Chrome/77.0.3865.90 Safari/537.36"
::1 - - [09/Oct/2019:22:05:59 +0000] "POST /search HTTP/1.1" - - "http://localhost:4200/search" "Mozilla/5.0 (Windows NT 10.0; Win64; x64) AppleWebKit/537.36 (KHTML, like Gecko) Chrome/77.0.3865.90 Safari/537.36"
::1 - - [09/Oct/2019:22:06:36 +0000] "OPTIONS /search HTTP/1.1" 200 20 "http://localhost:4200/search" "Mozilla/5.0 (Windows NT 10.0; Win64; x64) AppleWebKit/537.36 (KHTML, like Gecko) Chrome/77.0.3865.90 Safari/537.36"
::1 - - [09/Oct/2019:22:08:36 +0000] "POST /search HTTP/1.1" - - "http://localhost:4200/search" "Mozilla/5.0 (Windows NT 10.0; Win64; x64) AppleWebKit/537.36 (KHTML, like Gecko) Chrome/77.0.3865.90 Safari/537.36"
::1 - - [09/Oct/2019:22:08:38 +0000] "POST /search HTTP/1.1" - - "http://localhost:4200/search" "Mozilla/5.0 (Windows NT 10.0; Win64; x64) AppleWebKit/537.36 (KHTML, like Gecko) Chrome/77.0.3865.90 Safari/537.36"
::1 - - [09/Oct/2019:22:08:39 +0000] "POST /search HTTP/1.1" - - "http://localhost:4200/search" "Mozilla/5.0 (Windows NT 10.0; Win64; x64) AppleWebKit/537.36 (KHTML, like Gecko) Chrome/77.0.3865.90 Safari/537.36"
::1 - - [09/Oct/2019:22:08:39 +0000] "POST /search HTTP/1.1" - - "http://localhost:4200/search" "Mozilla/5.0 (Windows NT 10.0; Win64; x64) AppleWebKit/537.36 (KHTML, like Gecko) Chrome/77.0.3865.90 Safari/537.36"
::1 - - [09/Oct/2019:22:08:39 +0000] "OPTIONS /search HTTP/1.1" 200 20 "http://localhost:4200/search" "Mozilla/5.0 (Windows NT 10.0; Win64; x64) AppleWebKit/537.36 (KHTML, like Gecko) Chrome/77.0.3865.90 Safari/537.36"
::1 - - [09/Oct/2019:22:08:40 +0000] "POST /search HTTP/1.1" - - "http://localhost:4200/search" "Mozilla/5.0 (Windows NT 10.0; Win64; x64) AppleWebKit/537.36 (KHTML, like Gecko) Chrome/77.0.3865.90 Safari/537.36"
::1 - - [09/Oct/2019:22:08:40 +0000] "POST /search HTTP/1.1" - - "http://localhost:4200/search" "Mozilla/5.0 (Windows NT 10.0; Win64; x64) AppleWebKit/537.36 (KHTML, like Gecko) Chrome/77.0.3865.90 Safari/537.36"
::1 - - [09/Oct/2019:22:08:40 +0000] "POST /search HTTP/1.1" 200 119591 "http://localhost:4200/search" "Mozilla/5.0 (Windows NT 10.0; Win64; x64) AppleWebKit/537.36 (KHTML, like Gecko) Chrome/77.0.3865.90 Safari/537.36"
::1 - - [09/Oct/2019:22:09:17 +0000] "OPTIONS /search HTTP/1.1" 200 20 "http://localhost:4200/search" "Mozilla/5.0 (Windows NT 10.0; Win64; x64) AppleWebKit/537.36 (KHTML, like Gecko) Chrome/77.0.3865.90 Safari/537.36"
::1 - - [09/Oct/2019:22:09:17 +0000] "POST /search HTTP/1.1" 200 215 "http://localhost:4200/search" "Mozilla/5.0 (Windows NT 10.0; Win64; x64) AppleWebKit/537.36 (KHTML, like Gecko) Chrome/77.0.3865.90 Safari/537.36"
::1 - - [09/Oct/2019:22:09:47 +0000] "OPTIONS /search HTTP/1.1" 200 20 "http://localhost:4200/search" "Mozilla/5.0 (Windows NT 10.0; Win64; x64) AppleWebKit/537.36 (KHTML, like Gecko) Chrome/77.0.3865.90 Safari/537.36"
::1 - - [09/Oct/2019:22:09:47 +0000] "POST /search HTTP/1.1" 200 119591 "http://localhost:4200/search" "Mozilla/5.0 (Windows NT 10.0; Win64; x64) AppleWebKit/537.36 (KHTML, like Gecko) Chrome/77.0.3865.90 Safari/537.36"
::1 - - [09/Oct/2019:22:10:36 +0000] "POST /search HTTP/1.1" - - "http://localhost:4200/search" "Mozilla/5.0 (Windows NT 10.0; Win64; x64) AppleWebKit/537.36 (KHTML, like Gecko) Chrome/77.0.3865.90 Safari/537.36"
::1 - - [09/Oct/2019:22:10:38 +0000] "POST /search HTTP/1.1" - - "http://localhost:4200/search" "Mozilla/5.0 (Windows NT 10.0; Win64; x64) AppleWebKit/537.36 (KHTML, like Gecko) Chrome/77.0.3865.90 Safari/537.36"
::1 - - [09/Oct/2019:22:10:39 +0000] "POST /search HTTP/1.1" - - "http://localhost:4200/search" "Mozilla/5.0 (Windows NT 10.0; Win64; x64) AppleWebKit/537.36 (KHTML, like Gecko) Chrome/77.0.3865.90 Safari/537.36"
::1 - - [09/Oct/2019:22:10:39 +0000] "POST /search HTTP/1.1" - - "http://localhost:4200/search" "Mozilla/5.0 (Windows NT 10.0; Win64; x64) AppleWebKit/537.36 (KHTML, like Gecko) Chrome/77.0.3865.90 Safari/537.36"
::1 - - [09/Oct/2019:22:11:10 +0000] "POST /search HTTP/1.1" - - "http://localhost:4200/search" "Mozilla/5.0 (Windows NT 10.0; Win64; x64) AppleWebKit/537.36 (KHTML, like Gecko) Chrome/77.0.3865.90 Safari/537.36"
::1 - - [09/Oct/2019:22:11:15 +0000] "OPTIONS /search HTTP/1.1" 200 20 "http://localhost:4200/search" "Mozilla/5.0 (Windows NT 10.0; Win64; x64) AppleWebKit/537.36 (KHTML, like Gecko) Chrome/77.0.3865.90 Safari/537.36"
::1 - - [09/Oct/2019:22:13:15 +0000] "POST /search HTTP/1.1" - - "http://localhost:4200/search" "Mozilla/5.0 (Windows NT 10.0; Win64; x64) AppleWebKit/537.36 (KHTML, like Gecko) Chrome/77.0.3865.90 Safari/537.36"
::1 - - [09/Oct/2019:22:15:15 +0000] "POST /search HTTP/1.1" - - "http://localhost:4200/search" "Mozilla/5.0 (Windows NT 10.0; Win64; x64) AppleWebKit/537.36 (KHTML, like Gecko) Chrome/77.0.3865.90 Safari/537.36"
::1 - - [09/Oct/2019:22:16:10 +0000] "OPTIONS /search HTTP/1.1" 200 20 "http://localhost:4200/search" "Mozilla/5.0 (Windows NT 10.0; Win64; x64) AppleWebKit/537.36 (KHTML, like Gecko) Chrome/77.0.3865.90 Safari/537.36"
::1 - - [09/Oct/2019:22:18:10 +0000] "POST /search HTTP/1.1" - - "http://localhost:4200/search" "Mozilla/5.0 (Windows NT 10.0; Win64; x64) AppleWebKit/537.36 (KHTML, like Gecko) Chrome/77.0.3865.90 Safari/537.36"
::1 - - [09/Oct/2019:22:19:45 +0000] "POST /search HTTP/1.1" - - "http://localhost:4200/search" "Mozilla/5.0 (Windows NT 10.0; Win64; x64) AppleWebKit/537.36 (KHTML, like Gecko) Chrome/77.0.3865.90 Safari/537.36"
::1 - - [09/Oct/2019:22:19:49 +0000] "OPTIONS /search/default HTTP/1.1" 200 20 "http://localhost:4200/search" "Mozilla/5.0 (Windows NT 10.0; Win64; x64) AppleWebKit/537.36 (KHTML, like Gecko) Chrome/77.0.3865.90 Safari/537.36"
::1 - - [09/Oct/2019:22:19:50 +0000] "OPTIONS /search HTTP/1.1" 200 20 "http://localhost:4200/search" "Mozilla/5.0 (Windows NT 10.0; Win64; x64) AppleWebKit/537.36 (KHTML, like Gecko) Chrome/77.0.3865.90 Safari/537.36"
::1 - - [09/Oct/2019:22:19:50 +0000] "GET /search/default HTTP/1.1" 500 64 "http://localhost:4200/search" "Mozilla/5.0 (Windows NT 10.0; Win64; x64) AppleWebKit/537.36 (KHTML, like Gecko) Chrome/77.0.3865.90 Safari/537.36"
::1 - - [09/Oct/2019:22:21:50 +0000] "POST /search HTTP/1.1" - - "http://localhost:4200/search" "Mozilla/5.0 (Windows NT 10.0; Win64; x64) AppleWebKit/537.36 (KHTML, like Gecko) Chrome/77.0.3865.90 Safari/537.36"
::1 - - [09/Oct/2019:22:22:40 +0000] "POST /search HTTP/1.1" - - "http://localhost:4200/search" "Mozilla/5.0 (Windows NT 10.0; Win64; x64) AppleWebKit/537.36 (KHTML, like Gecko) Chrome/77.0.3865.90 Safari/537.36"
::1 - - [09/Oct/2019:22:22:43 +0000] "OPTIONS /search/default HTTP/1.1" 200 20 "http://localhost:4200/search" "Mozilla/5.0 (Windows NT 10.0; Win64; x64) AppleWebKit/537.36 (KHTML, like Gecko) Chrome/77.0.3865.90 Safari/537.36"
::1 - - [09/Oct/2019:22:22:44 +0000] "OPTIONS /search HTTP/1.1" 200 20 "http://localhost:4200/search" "Mozilla/5.0 (Windows NT 10.0; Win64; x64) AppleWebKit/537.36 (KHTML, like Gecko) Chrome/77.0.3865.90 Safari/537.36"
::1 - - [09/Oct/2019:22:22:44 +0000] "GET /search/default HTTP/1.1" 500 64 "http://localhost:4200/search" "Mozilla/5.0 (Windows NT 10.0; Win64; x64) AppleWebKit/537.36 (KHTML, like Gecko) Chrome/77.0.3865.90 Safari/537.36"
::1 - - [09/Oct/2019:22:23:47 +0000] "OPTIONS /search/default HTTP/1.1" 200 20 "http://localhost:4200/search" "Mozilla/5.0 (Windows NT 10.0; Win64; x64) AppleWebKit/537.36 (KHTML, like Gecko) Chrome/77.0.3865.90 Safari/537.36"
::1 - - [09/Oct/2019:22:23:47 +0000] "OPTIONS /search HTTP/1.1" 200 20 "http://localhost:4200/search" "Mozilla/5.0 (Windows NT 10.0; Win64; x64) AppleWebKit/537.36 (KHTML, like Gecko) Chrome/77.0.3865.90 Safari/537.36"
::1 - - [09/Oct/2019:22:23:47 +0000] "GET /search/default HTTP/1.1" 500 64 "http://localhost:4200/search" "Mozilla/5.0 (Windows NT 10.0; Win64; x64) AppleWebKit/537.36 (KHTML, like Gecko) Chrome/77.0.3865.90 Safari/537.36"
::1 - - [09/Oct/2019:22:24:16 +0000] "OPTIONS /search HTTP/1.1" 200 20 "http://localhost:4200/search" "Mozilla/5.0 (Windows NT 10.0; Win64; x64) AppleWebKit/537.36 (KHTML, like Gecko) Chrome/77.0.3865.90 Safari/537.36"
::1 - - [09/Oct/2019:22:24:16 +0000] "POST /search HTTP/1.1" 200 1731 "http://localhost:4200/search" "Mozilla/5.0 (Windows NT 10.0; Win64; x64) AppleWebKit/537.36 (KHTML, like Gecko) Chrome/77.0.3865.90 Safari/537.36"
::1 - - [09/Oct/2019:22:24:33 +0000] "OPTIONS /search HTTP/1.1" 200 20 "http://localhost:4200/search" "Mozilla/5.0 (Windows NT 10.0; Win64; x64) AppleWebKit/537.36 (KHTML, like Gecko) Chrome/77.0.3865.90 Safari/537.36"
::1 - - [09/Oct/2019:22:24:33 +0000] "POST /search HTTP/1.1" 200 522742 "http://localhost:4200/search" "Mozilla/5.0 (Windows NT 10.0; Win64; x64) AppleWebKit/537.36 (KHTML, like Gecko) Chrome/77.0.3865.90 Safari/537.36"
::1 - - [09/Oct/2019:22:25:06 +0000] "POST /search HTTP/1.1" - - "http://localhost:4200/search" "Mozilla/5.0 (Windows NT 10.0; Win64; x64) AppleWebKit/537.36 (KHTML, like Gecko) Chrome/77.0.3865.90 Safari/537.36"
::1 - - [09/Oct/2019:22:25:09 +0000] "OPTIONS /search/default HTTP/1.1" 200 20 "http://localhost:4200/search" "Mozilla/5.0 (Windows NT 10.0; Win64; x64) AppleWebKit/537.36 (KHTML, like Gecko) Chrome/77.0.3865.90 Safari/537.36"
::1 - - [09/Oct/2019:22:25:09 +0000] "OPTIONS /search HTTP/1.1" 200 20 "http://localhost:4200/search" "Mozilla/5.0 (Windows NT 10.0; Win64; x64) AppleWebKit/537.36 (KHTML, like Gecko) Chrome/77.0.3865.90 Safari/537.36"
::1 - - [09/Oct/2019:22:26:58 +0000] "OPTIONS /search/default HTTP/1.1" 200 20 "http://localhost:4200/search" "Mozilla/5.0 (Windows NT 10.0; Win64; x64) AppleWebKit/537.36 (KHTML, like Gecko) Chrome/77.0.3865.90 Safari/537.36"
::1 - - [09/Oct/2019:22:26:59 +0000] "OPTIONS /search HTTP/1.1" 200 20 "http://localhost:4200/search" "Mozilla/5.0 (Windows NT 10.0; Win64; x64) AppleWebKit/537.36 (KHTML, like Gecko) Chrome/77.0.3865.90 Safari/537.36"
::1 - - [09/Oct/2019:22:27:32 +0000] "OPTIONS /search/default HTTP/1.1" 200 20 "http://localhost:4200/search" "Mozilla/5.0 (Windows NT 10.0; Win64; x64) AppleWebKit/537.36 (KHTML, like Gecko) Chrome/77.0.3865.90 Safari/537.36"
::1 - - [09/Oct/2019:22:27:32 +0000] "OPTIONS /search HTTP/1.1" 200 20 "http://localhost:4200/search" "Mozilla/5.0 (Windows NT 10.0; Win64; x64) AppleWebKit/537.36 (KHTML, like Gecko) Chrome/77.0.3865.90 Safari/537.36"
::1 - - [09/Oct/2019:23:07:58 +0000] "OPTIONS /search/default HTTP/1.1" 200 20 "http://localhost:4200/search" "Mozilla/5.0 (Windows NT 10.0; Win64; x64) AppleWebKit/537.36 (KHTML, like Gecko) Chrome/77.0.3865.90 Safari/537.36"
::1 - - [09/Oct/2019:23:07:58 +0000] "OPTIONS /search HTTP/1.1" 200 20 "http://localhost:4200/search" "Mozilla/5.0 (Windows NT 10.0; Win64; x64) AppleWebKit/537.36 (KHTML, like Gecko) Chrome/77.0.3865.90 Safari/537.36"
::1 - - [09/Oct/2019:23:07:59 +0000] "GET /search/default HTTP/1.1" 200 1731 "http://localhost:4200/search" "Mozilla/5.0 (Windows NT 10.0; Win64; x64) AppleWebKit/537.36 (KHTML, like Gecko) Chrome/77.0.3865.90 Safari/537.36"
::1 - - [09/Oct/2019:23:09:59 +0000] "POST /search HTTP/1.1" - - "http://localhost:4200/search" "Mozilla/5.0 (Windows NT 10.0; Win64; x64) AppleWebKit/537.36 (KHTML, like Gecko) Chrome/77.0.3865.90 Safari/537.36"
::1 - - [09/Oct/2019:23:11:59 +0000] "POST /search HTTP/1.1" - - "http://localhost:4200/search" "Mozilla/5.0 (Windows NT 10.0; Win64; x64) AppleWebKit/537.36 (KHTML, like Gecko) Chrome/77.0.3865.90 Safari/537.36"
::1 - - [09/Oct/2019:23:13:17 +0000] "OPTIONS /search/default HTTP/1.1" 200 20 "http://localhost:4200/search" "Mozilla/5.0 (Windows NT 10.0; Win64; x64) AppleWebKit/537.36 (KHTML, like Gecko) Chrome/77.0.3865.90 Safari/537.36"
::1 - - [09/Oct/2019:23:13:17 +0000] "OPTIONS /search HTTP/1.1" 200 20 "http://localhost:4200/search" "Mozilla/5.0 (Windows NT 10.0; Win64; x64) AppleWebKit/537.36 (KHTML, like Gecko) Chrome/77.0.3865.90 Safari/537.36"
::1 - - [09/Oct/2019:23:13:17 +0000] "GET /search/default HTTP/1.1" 304 - "http://localhost:4200/search" "Mozilla/5.0 (Windows NT 10.0; Win64; x64) AppleWebKit/537.36 (KHTML, like Gecko) Chrome/77.0.3865.90 Safari/537.36"
::1 - - [09/Oct/2019:23:14:23 +0000] "OPTIONS /search/default HTTP/1.1" 200 20 "http://localhost:4200/search" "Mozilla/5.0 (Windows NT 10.0; Win64; x64) AppleWebKit/537.36 (KHTML, like Gecko) Chrome/77.0.3865.90 Safari/537.36"
::1 - - [09/Oct/2019:23:14:23 +0000] "OPTIONS /search HTTP/1.1" 200 20 "http://localhost:4200/search" "Mozilla/5.0 (Windows NT 10.0; Win64; x64) AppleWebKit/537.36 (KHTML, like Gecko) Chrome/77.0.3865.90 Safari/537.36"
::1 - - [09/Oct/2019:23:14:24 +0000] "GET /search/default HTTP/1.1" 304 - "http://localhost:4200/search" "Mozilla/5.0 (Windows NT 10.0; Win64; x64) AppleWebKit/537.36 (KHTML, like Gecko) Chrome/77.0.3865.90 Safari/537.36"
::1 - - [09/Oct/2019:23:15:17 +0000] "POST /search HTTP/1.1" - - "http://localhost:4200/search" "Mozilla/5.0 (Windows NT 10.0; Win64; x64) AppleWebKit/537.36 (KHTML, like Gecko) Chrome/77.0.3865.90 Safari/537.36"
::1 - - [09/Oct/2019:23:15:49 +0000] "POST /search HTTP/1.1" - - "http://localhost:4200/search" "Mozilla/5.0 (Windows NT 10.0; Win64; x64) AppleWebKit/537.36 (KHTML, like Gecko) Chrome/77.0.3865.90 Safari/537.36"
::1 - - [09/Oct/2019:23:15:55 +0000] "OPTIONS /search/default HTTP/1.1" 200 20 "http://localhost:4200/search" "Mozilla/5.0 (Windows NT 10.0; Win64; x64) AppleWebKit/537.36 (KHTML, like Gecko) Chrome/77.0.3865.90 Safari/537.36"
::1 - - [09/Oct/2019:23:15:55 +0000] "OPTIONS /search HTTP/1.1" 200 20 "http://localhost:4200/search" "Mozilla/5.0 (Windows NT 10.0; Win64; x64) AppleWebKit/537.36 (KHTML, like Gecko) Chrome/77.0.3865.90 Safari/537.36"
::1 - - [09/Oct/2019:23:15:55 +0000] "GET /search/default HTTP/1.1" 304 - "http://localhost:4200/search" "Mozilla/5.0 (Windows NT 10.0; Win64; x64) AppleWebKit/537.36 (KHTML, like Gecko) Chrome/77.0.3865.90 Safari/537.36"
::1 - - [09/Oct/2019:23:17:47 +0000] "POST /search HTTP/1.1" - - "http://localhost:4200/search" "Mozilla/5.0 (Windows NT 10.0; Win64; x64) AppleWebKit/537.36 (KHTML, like Gecko) Chrome/77.0.3865.90 Safari/537.36"
::1 - - [09/Oct/2019:23:17:53 +0000] "OPTIONS /search/default HTTP/1.1" 200 20 "http://localhost:4200/search" "Mozilla/5.0 (Windows NT 10.0; Win64; x64) AppleWebKit/537.36 (KHTML, like Gecko) Chrome/77.0.3865.90 Safari/537.36"
::1 - - [09/Oct/2019:23:17:53 +0000] "OPTIONS /search HTTP/1.1" 200 20 "http://localhost:4200/search" "Mozilla/5.0 (Windows NT 10.0; Win64; x64) AppleWebKit/537.36 (KHTML, like Gecko) Chrome/77.0.3865.90 Safari/537.36"
::1 - - [09/Oct/2019:23:17:53 +0000] "GET /search/default HTTP/1.1" 304 - "http://localhost:4200/search" "Mozilla/5.0 (Windows NT 10.0; Win64; x64) AppleWebKit/537.36 (KHTML, like Gecko) Chrome/77.0.3865.90 Safari/537.36"
::1 - - [09/Oct/2019:23:18:23 +0000] "POST /search HTTP/1.1" 500 64 "http://localhost:4200/search" "Mozilla/5.0 (Windows NT 10.0; Win64; x64) AppleWebKit/537.36 (KHTML, like Gecko) Chrome/77.0.3865.90 Safari/537.36"
::ffff:127.0.0.1 - - [09/Oct/2019:23:18:30 +0000] "OPTIONS /search/default HTTP/1.1" 200 20 "http://localhost:4200/search" "Mozilla/5.0 (Windows NT 10.0; Win64; x64) AppleWebKit/537.36 (KHTML, like Gecko) Chrome/77.0.3865.90 Safari/537.36"
::ffff:127.0.0.1 - - [09/Oct/2019:23:18:30 +0000] "OPTIONS /search HTTP/1.1" 200 20 "http://localhost:4200/search" "Mozilla/5.0 (Windows NT 10.0; Win64; x64) AppleWebKit/537.36 (KHTML, like Gecko) Chrome/77.0.3865.90 Safari/537.36"
::ffff:127.0.0.1 - - [09/Oct/2019:23:18:31 +0000] "POST /search HTTP/1.1" 500 64 "http://localhost:4200/search" "Mozilla/5.0 (Windows NT 10.0; Win64; x64) AppleWebKit/537.36 (KHTML, like Gecko) Chrome/77.0.3865.90 Safari/537.36"
::ffff:127.0.0.1 - - [09/Oct/2019:23:18:31 +0000] "GET /search/default HTTP/1.1" 304 - "http://localhost:4200/search" "Mozilla/5.0 (Windows NT 10.0; Win64; x64) AppleWebKit/537.36 (KHTML, like Gecko) Chrome/77.0.3865.90 Safari/537.36"
::1 - - [09/Oct/2019:23:19:23 +0000] "OPTIONS /search/default HTTP/1.1" 200 20 "http://localhost:4200/search" "Mozilla/5.0 (Windows NT 10.0; Win64; x64) AppleWebKit/537.36 (KHTML, like Gecko) Chrome/77.0.3865.90 Safari/537.36"
::1 - - [09/Oct/2019:23:19:23 +0000] "GET /search/default HTTP/1.1" 304 - "http://localhost:4200/search" "Mozilla/5.0 (Windows NT 10.0; Win64; x64) AppleWebKit/537.36 (KHTML, like Gecko) Chrome/77.0.3865.90 Safari/537.36"
::1 - - [09/Oct/2019:23:20:35 +0000] "OPTIONS /search/default HTTP/1.1" 200 20 "http://localhost:4200/search" "Mozilla/5.0 (Windows NT 10.0; Win64; x64) AppleWebKit/537.36 (KHTML, like Gecko) Chrome/77.0.3865.90 Safari/537.36"
::1 - - [09/Oct/2019:23:21:56 +0000] "OPTIONS /search/default HTTP/1.1" 200 20 "http://localhost:4200/search" "Mozilla/5.0 (Windows NT 10.0; Win64; x64) AppleWebKit/537.36 (KHTML, like Gecko) Chrome/77.0.3865.90 Safari/537.36"
::1 - - [09/Oct/2019:23:22:12 +0000] "OPTIONS /search/default HTTP/1.1" 200 20 "http://localhost:4200/search" "Mozilla/5.0 (Windows NT 10.0; Win64; x64) AppleWebKit/537.36 (KHTML, like Gecko) Chrome/77.0.3865.90 Safari/537.36"
::1 - - [09/Oct/2019:23:27:26 +0000] "OPTIONS /search/default HTTP/1.1" 200 20 "http://localhost:4200/search" "Mozilla/5.0 (Windows NT 10.0; Win64; x64) AppleWebKit/537.36 (KHTML, like Gecko) Chrome/77.0.3865.90 Safari/537.36"
::1 - - [09/Oct/2019:23:27:27 +0000] "GET /search/default HTTP/1.1" 304 - "http://localhost:4200/search" "Mozilla/5.0 (Windows NT 10.0; Win64; x64) AppleWebKit/537.36 (KHTML, like Gecko) Chrome/77.0.3865.90 Safari/537.36"
::1 - - [09/Oct/2019:23:37:31 +0000] "OPTIONS /search/default HTTP/1.1" 200 20 "http://localhost:4200/search" "Mozilla/5.0 (Windows NT 10.0; Win64; x64) AppleWebKit/537.36 (KHTML, like Gecko) Chrome/77.0.3865.90 Safari/537.36"
::1 - - [09/Oct/2019:23:37:31 +0000] "GET /search/default HTTP/1.1" 200 1731 "http://localhost:4200/search" "Mozilla/5.0 (Windows NT 10.0; Win64; x64) AppleWebKit/537.36 (KHTML, like Gecko) Chrome/77.0.3865.90 Safari/537.36"
::1 - - [09/Oct/2019:23:37:46 +0000] "OPTIONS /search/default HTTP/1.1" 200 20 "http://localhost:4200/search" "Mozilla/5.0 (Windows NT 10.0; Win64; x64) AppleWebKit/537.36 (KHTML, like Gecko) Chrome/77.0.3865.90 Safari/537.36"
::1 - - [09/Oct/2019:23:41:04 +0000] "GET /search/default HTTP/1.1" 200 1731 "http://localhost:4200/search" "Mozilla/5.0 (Windows NT 10.0; Win64; x64) AppleWebKit/537.36 (KHTML, like Gecko) Chrome/77.0.3865.90 Safari/537.36"
::1 - - [09/Oct/2019:23:42:28 +0000] "OPTIONS /search/default HTTP/1.1" 200 20 "http://localhost:4200/search" "Mozilla/5.0 (Windows NT 10.0; Win64; x64) AppleWebKit/537.36 (KHTML, like Gecko) Chrome/77.0.3865.90 Safari/537.36"
::1 - - [09/Oct/2019:23:42:34 +0000] "GET /search/default HTTP/1.1" 200 1731 "http://localhost:4200/search" "Mozilla/5.0 (Windows NT 10.0; Win64; x64) AppleWebKit/537.36 (KHTML, like Gecko) Chrome/77.0.3865.90 Safari/537.36"
::1 - - [09/Oct/2019:23:43:03 +0000] "OPTIONS /search/default HTTP/1.1" 200 20 "http://localhost:4200/search" "Mozilla/5.0 (Windows NT 10.0; Win64; x64) AppleWebKit/537.36 (KHTML, like Gecko) Chrome/77.0.3865.90 Safari/537.36"
::1 - - [09/Oct/2019:23:43:04 +0000] "GET /search/default HTTP/1.1" 200 1731 "http://localhost:4200/search" "Mozilla/5.0 (Windows NT 10.0; Win64; x64) AppleWebKit/537.36 (KHTML, like Gecko) Chrome/77.0.3865.90 Safari/537.36"
::1 - - [10/Oct/2019:00:15:47 +0000] "OPTIONS /search HTTP/1.1" 200 20 "http://localhost:4200/search" "Mozilla/5.0 (Windows NT 10.0; Win64; x64) AppleWebKit/537.36 (KHTML, like Gecko) Chrome/77.0.3865.90 Safari/537.36"
::1 - - [10/Oct/2019:00:15:48 +0000] "POST /search HTTP/1.1" 500 64 "http://localhost:4200/search" "Mozilla/5.0 (Windows NT 10.0; Win64; x64) AppleWebKit/537.36 (KHTML, like Gecko) Chrome/77.0.3865.90 Safari/537.36"
::1 - - [10/Oct/2019:00:15:55 +0000] "OPTIONS /search HTTP/1.1" 200 20 "http://localhost:4200/search" "Mozilla/5.0 (Windows NT 10.0; Win64; x64) AppleWebKit/537.36 (KHTML, like Gecko) Chrome/77.0.3865.90 Safari/537.36"
::1 - - [10/Oct/2019:00:15:56 +0000] "POST /search HTTP/1.1" 500 64 "http://localhost:4200/search" "Mozilla/5.0 (Windows NT 10.0; Win64; x64) AppleWebKit/537.36 (KHTML, like Gecko) Chrome/77.0.3865.90 Safari/537.36"
::1 - - [10/Oct/2019:00:19:14 +0000] "OPTIONS /search HTTP/1.1" 200 20 "http://localhost:4200/search" "Mozilla/5.0 (Windows NT 10.0; Win64; x64) AppleWebKit/537.36 (KHTML, like Gecko) Chrome/77.0.3865.90 Safari/537.36"
::1 - - [10/Oct/2019:00:19:14 +0000] "POST /search HTTP/1.1" 500 64 "http://localhost:4200/search" "Mozilla/5.0 (Windows NT 10.0; Win64; x64) AppleWebKit/537.36 (KHTML, like Gecko) Chrome/77.0.3865.90 Safari/537.36"
::1 - - [10/Oct/2019:00:20:19 +0000] "OPTIONS /search HTTP/1.1" 200 20 "http://localhost:4200/search" "Mozilla/5.0 (Windows NT 10.0; Win64; x64) AppleWebKit/537.36 (KHTML, like Gecko) Chrome/77.0.3865.90 Safari/537.36"
::1 - - [10/Oct/2019:00:20:19 +0000] "POST /search HTTP/1.1" 500 64 "http://localhost:4200/search" "Mozilla/5.0 (Windows NT 10.0; Win64; x64) AppleWebKit/537.36 (KHTML, like Gecko) Chrome/77.0.3865.90 Safari/537.36"
::1 - - [10/Oct/2019:00:20:22 +0000] "OPTIONS /search HTTP/1.1" 200 20 "http://localhost:4200/search" "Mozilla/5.0 (Windows NT 10.0; Win64; x64) AppleWebKit/537.36 (KHTML, like Gecko) Chrome/77.0.3865.90 Safari/537.36"
::1 - - [10/Oct/2019:00:20:22 +0000] "POST /search HTTP/1.1" 500 64 "http://localhost:4200/search" "Mozilla/5.0 (Windows NT 10.0; Win64; x64) AppleWebKit/537.36 (KHTML, like Gecko) Chrome/77.0.3865.90 Safari/537.36"
::1 - - [10/Oct/2019:00:20:28 +0000] "OPTIONS /search HTTP/1.1" 200 20 "http://localhost:4200/search" "Mozilla/5.0 (Windows NT 10.0; Win64; x64) AppleWebKit/537.36 (KHTML, like Gecko) Chrome/77.0.3865.90 Safari/537.36"
::1 - - [10/Oct/2019:00:20:28 +0000] "POST /search HTTP/1.1" 500 64 "http://localhost:4200/search" "Mozilla/5.0 (Windows NT 10.0; Win64; x64) AppleWebKit/537.36 (KHTML, like Gecko) Chrome/77.0.3865.90 Safari/537.36"
::1 - - [10/Oct/2019:00:21:07 +0000] "OPTIONS /search HTTP/1.1" 200 20 "http://localhost:4200/search" "Mozilla/5.0 (Windows NT 10.0; Win64; x64) AppleWebKit/537.36 (KHTML, like Gecko) Chrome/77.0.3865.90 Safari/537.36"
::1 - - [10/Oct/2019:00:21:07 +0000] "POST /search HTTP/1.1" 500 64 "http://localhost:4200/search" "Mozilla/5.0 (Windows NT 10.0; Win64; x64) AppleWebKit/537.36 (KHTML, like Gecko) Chrome/77.0.3865.90 Safari/537.36"
::1 - - [10/Oct/2019:00:21:29 +0000] "OPTIONS /search HTTP/1.1" 200 20 "http://localhost:4200/search" "Mozilla/5.0 (Windows NT 10.0; Win64; x64) AppleWebKit/537.36 (KHTML, like Gecko) Chrome/77.0.3865.90 Safari/537.36"
::1 - - [10/Oct/2019:00:21:29 +0000] "POST /search HTTP/1.1" 500 64 "http://localhost:4200/search" "Mozilla/5.0 (Windows NT 10.0; Win64; x64) AppleWebKit/537.36 (KHTML, like Gecko) Chrome/77.0.3865.90 Safari/537.36"
::1 - - [10/Oct/2019:00:22:27 +0000] "OPTIONS /search HTTP/1.1" 200 20 "http://localhost:4200/search" "Mozilla/5.0 (Windows NT 10.0; Win64; x64) AppleWebKit/537.36 (KHTML, like Gecko) Chrome/77.0.3865.90 Safari/537.36"
::1 - - [10/Oct/2019:00:22:27 +0000] "POST /search HTTP/1.1" 200 216 "http://localhost:4200/search" "Mozilla/5.0 (Windows NT 10.0; Win64; x64) AppleWebKit/537.36 (KHTML, like Gecko) Chrome/77.0.3865.90 Safari/537.36"
::1 - - [10/Oct/2019:00:23:29 +0000] "OPTIONS /search HTTP/1.1" 200 20 "http://localhost:4200/search" "Mozilla/5.0 (Windows NT 10.0; Win64; x64) AppleWebKit/537.36 (KHTML, like Gecko) Chrome/77.0.3865.90 Safari/537.36"
::1 - - [10/Oct/2019:00:23:30 +0000] "POST /search HTTP/1.1" 200 216 "http://localhost:4200/search" "Mozilla/5.0 (Windows NT 10.0; Win64; x64) AppleWebKit/537.36 (KHTML, like Gecko) Chrome/77.0.3865.90 Safari/537.36"
::1 - - [10/Oct/2019:00:23:42 +0000] "OPTIONS /search HTTP/1.1" 200 20 "http://localhost:4200/search" "Mozilla/5.0 (Windows NT 10.0; Win64; x64) AppleWebKit/537.36 (KHTML, like Gecko) Chrome/77.0.3865.90 Safari/537.36"
::1 - - [10/Oct/2019:00:23:44 +0000] "POST /search HTTP/1.1" 200 1731 "http://localhost:4200/search" "Mozilla/5.0 (Windows NT 10.0; Win64; x64) AppleWebKit/537.36 (KHTML, like Gecko) Chrome/77.0.3865.90 Safari/537.36"
::1 - - [10/Oct/2019:00:25:02 +0000] "OPTIONS /search HTTP/1.1" 200 20 "http://localhost:4200/search" "Mozilla/5.0 (Windows NT 10.0; Win64; x64) AppleWebKit/537.36 (KHTML, like Gecko) Chrome/77.0.3865.90 Safari/537.36"
::1 - - [10/Oct/2019:00:25:03 +0000] "POST /search HTTP/1.1" 200 1731 "http://localhost:4200/search" "Mozilla/5.0 (Windows NT 10.0; Win64; x64) AppleWebKit/537.36 (KHTML, like Gecko) Chrome/77.0.3865.90 Safari/537.36"
::1 - - [10/Oct/2019:00:25:21 +0000] "OPTIONS /search HTTP/1.1" 200 20 "http://localhost:4200/search" "Mozilla/5.0 (Windows NT 10.0; Win64; x64) AppleWebKit/537.36 (KHTML, like Gecko) Chrome/77.0.3865.90 Safari/537.36"
::1 - - [10/Oct/2019:00:25:22 +0000] "POST /search HTTP/1.1" 200 1731 "http://localhost:4200/search" "Mozilla/5.0 (Windows NT 10.0; Win64; x64) AppleWebKit/537.36 (KHTML, like Gecko) Chrome/77.0.3865.90 Safari/537.36"
::1 - - [10/Oct/2019:00:26:38 +0000] "OPTIONS /search HTTP/1.1" 200 20 "http://localhost:4200/search" "Mozilla/5.0 (Windows NT 10.0; Win64; x64) AppleWebKit/537.36 (KHTML, like Gecko) Chrome/77.0.3865.90 Safari/537.36"
::1 - - [10/Oct/2019:00:26:41 +0000] "POST /search HTTP/1.1" 200 817007 "http://localhost:4200/search" "Mozilla/5.0 (Windows NT 10.0; Win64; x64) AppleWebKit/537.36 (KHTML, like Gecko) Chrome/77.0.3865.90 Safari/537.36"
::1 - - [10/Oct/2019:00:27:41 +0000] "OPTIONS /search HTTP/1.1" 200 20 "http://localhost:4200/search" "Mozilla/5.0 (Windows NT 10.0; Win64; x64) AppleWebKit/537.36 (KHTML, like Gecko) Chrome/77.0.3865.90 Safari/537.36"
::1 - - [10/Oct/2019:00:27:47 +0000] "OPTIONS /search HTTP/1.1" 200 20 "http://localhost:4200/search" "Mozilla/5.0 (Windows NT 10.0; Win64; x64) AppleWebKit/537.36 (KHTML, like Gecko) Chrome/77.0.3865.90 Safari/537.36"
::1 - - [10/Oct/2019:00:27:49 +0000] "POST /search HTTP/1.1" 200 817007 "http://localhost:4200/search" "Mozilla/5.0 (Windows NT 10.0; Win64; x64) AppleWebKit/537.36 (KHTML, like Gecko) Chrome/77.0.3865.90 Safari/537.36"
::1 - - [10/Oct/2019:00:29:42 +0000] "POST /search HTTP/1.1" - - "http://localhost:4200/search" "Mozilla/5.0 (Windows NT 10.0; Win64; x64) AppleWebKit/537.36 (KHTML, like Gecko) Chrome/77.0.3865.90 Safari/537.36"
::1 - - [10/Oct/2019:00:31:42 +0000] "POST /search HTTP/1.1" - - "http://localhost:4200/search" "Mozilla/5.0 (Windows NT 10.0; Win64; x64) AppleWebKit/537.36 (KHTML, like Gecko) Chrome/77.0.3865.90 Safari/537.36"
::1 - - [10/Oct/2019:02:55:53 +0000] "OPTIONS /prodregistration HTTP/1.1" 200 20 "http://localhost:4200/prod_reg" "Mozilla/5.0 (Windows NT 10.0; Win64; x64) AppleWebKit/537.36 (KHTML, like Gecko) Chrome/77.0.3865.90 Safari/537.36"
::1 - - [10/Oct/2019:02:56:31 +0000] "OPTIONS /profile/signin HTTP/1.1" 200 20 "http://localhost:4200/prod_reg" "Mozilla/5.0 (Windows NT 10.0; Win64; x64) AppleWebKit/537.36 (KHTML, like Gecko) Chrome/77.0.3865.90 Safari/537.36"
::1 - - [10/Oct/2019:02:56:31 +0000] "POST /profile/signin HTTP/1.1" 200 296 "http://localhost:4200/prod_reg" "Mozilla/5.0 (Windows NT 10.0; Win64; x64) AppleWebKit/537.36 (KHTML, like Gecko) Chrome/77.0.3865.90 Safari/537.36"
::1 - - [10/Oct/2019:02:56:34 +0000] "OPTIONS /prodregistration HTTP/1.1" 200 20 "http://localhost:4200/prod_reg" "Mozilla/5.0 (Windows NT 10.0; Win64; x64) AppleWebKit/537.36 (KHTML, like Gecko) Chrome/77.0.3865.90 Safari/537.36"
::1 - - [10/Oct/2019:02:57:52 +0000] "OPTIONS /prodregistration HTTP/1.1" 200 20 "http://localhost:4200/prod_reg" "Mozilla/5.0 (Windows NT 10.0; Win64; x64) AppleWebKit/537.36 (KHTML, like Gecko) Chrome/77.0.3865.90 Safari/537.36"
::1 - - [10/Oct/2019:02:57:56 +0000] "POST /prodregistration HTTP/1.1" 200 128 "http://localhost:4200/prod_reg" "Mozilla/5.0 (Windows NT 10.0; Win64; x64) AppleWebKit/537.36 (KHTML, like Gecko) Chrome/77.0.3865.90 Safari/537.36"
::1 - - [10/Oct/2019:02:58:04 +0000] "OPTIONS /search HTTP/1.1" 200 20 "http://localhost:4200/prod_reg" "Mozilla/5.0 (Windows NT 10.0; Win64; x64) AppleWebKit/537.36 (KHTML, like Gecko) Chrome/77.0.3865.90 Safari/537.36"
::1 - - [10/Oct/2019:02:58:04 +0000] "OPTIONS /search HTTP/1.1" 200 20 "http://localhost:4200/search" "Mozilla/5.0 (Windows NT 10.0; Win64; x64) AppleWebKit/537.36 (KHTML, like Gecko) Chrome/77.0.3865.90 Safari/537.36"
::1 - - [10/Oct/2019:02:58:04 +0000] "POST /search HTTP/1.1" 200 22290 "http://localhost:4200/search" "Mozilla/5.0 (Windows NT 10.0; Win64; x64) AppleWebKit/537.36 (KHTML, like Gecko) Chrome/77.0.3865.90 Safari/537.36"
::1 - - [10/Oct/2019:02:58:05 +0000] "POST /search HTTP/1.1" 200 22290 "http://localhost:4200/search" "Mozilla/5.0 (Windows NT 10.0; Win64; x64) AppleWebKit/537.36 (KHTML, like Gecko) Chrome/77.0.3865.90 Safari/537.36"
::1 - - [10/Oct/2019:02:58:27 +0000] "OPTIONS /search HTTP/1.1" 200 20 "http://localhost:4200/search" "Mozilla/5.0 (Windows NT 10.0; Win64; x64) AppleWebKit/537.36 (KHTML, like Gecko) Chrome/77.0.3865.90 Safari/537.36"
::1 - - [10/Oct/2019:02:58:27 +0000] "POST /search HTTP/1.1" 200 22290 "http://localhost:4200/search" "Mozilla/5.0 (Windows NT 10.0; Win64; x64) AppleWebKit/537.36 (KHTML, like Gecko) Chrome/77.0.3865.90 Safari/537.36"
