::1 - - [22/Oct/2019:17:33:09 +0000] "OPTIONS /profile/user-address HTTP/1.1" 200 20 "http://localhost:4200/prod_reg" "Mozilla/5.0 (Windows NT 10.0; Win64; x64) AppleWebKit/537.36 (KHTML, like Gecko) Chrome/77.0.3865.120 Safari/537.36"
::1 - - [22/Oct/2019:17:33:10 +0000] "GET /profile/user-address HTTP/1.1" 200 133 "http://localhost:4200/prod_reg" "Mozilla/5.0 (Windows NT 10.0; Win64; x64) AppleWebKit/537.36 (KHTML, like Gecko) Chrome/77.0.3865.120 Safari/537.36"
::1 - - [22/Oct/2019:18:25:43 +0000] "OPTIONS /profile/user-address HTTP/1.1" 200 20 "http://localhost:4200/prod_reg" "Mozilla/5.0 (Windows NT 10.0; Win64; x64) AppleWebKit/537.36 (KHTML, like Gecko) Chrome/77.0.3865.120 Safari/537.36"
::1 - - [22/Oct/2019:18:25:43 +0000] "GET /profile/user-address HTTP/1.1" 304 - "http://localhost:4200/prod_reg" "Mozilla/5.0 (Windows NT 10.0; Win64; x64) AppleWebKit/537.36 (KHTML, like Gecko) Chrome/77.0.3865.120 Safari/537.36"
::1 - - [22/Oct/2019:18:26:26 +0000] "OPTIONS /prodregistration HTTP/1.1" 200 20 "http://localhost:4200/prod_reg" "Mozilla/5.0 (Windows NT 10.0; Win64; x64) AppleWebKit/537.36 (KHTML, like Gecko) Chrome/77.0.3865.120 Safari/537.36"
::1 - - [22/Oct/2019:18:26:27 +0000] "POST /prodregistration HTTP/1.1" 500 98 "http://localhost:4200/prod_reg" "Mozilla/5.0 (Windows NT 10.0; Win64; x64) AppleWebKit/537.36 (KHTML, like Gecko) Chrome/77.0.3865.120 Safari/537.36"
::1 - - [22/Oct/2019:19:08:40 +0000] "OPTIONS /prodregistration HTTP/1.1" 200 20 "http://localhost:4200/prod_reg" "Mozilla/5.0 (Windows NT 10.0; Win64; x64) AppleWebKit/537.36 (KHTML, like Gecko) Chrome/77.0.3865.120 Safari/537.36"
::1 - - [22/Oct/2019:19:08:42 +0000] "POST /prodregistration HTTP/1.1" 500 98 "http://localhost:4200/prod_reg" "Mozilla/5.0 (Windows NT 10.0; Win64; x64) AppleWebKit/537.36 (KHTML, like Gecko) Chrome/77.0.3865.120 Safari/537.36"
::1 - - [22/Oct/2019:19:09:24 +0000] "OPTIONS /prodregistration HTTP/1.1" 200 20 "http://localhost:4200/prod_reg" "Mozilla/5.0 (Windows NT 10.0; Win64; x64) AppleWebKit/537.36 (KHTML, like Gecko) Chrome/77.0.3865.120 Safari/537.36"
::1 - - [22/Oct/2019:19:16:25 +0000] "OPTIONS /prodregistration HTTP/1.1" 200 20 "http://localhost:4200/prod_reg" "Mozilla/5.0 (Windows NT 10.0; Win64; x64) AppleWebKit/537.36 (KHTML, like Gecko) Chrome/77.0.3865.120 Safari/537.36"
::1 - - [22/Oct/2019:19:16:26 +0000] "POST /prodregistration HTTP/1.1" 500 98 "http://localhost:4200/prod_reg" "Mozilla/5.0 (Windows NT 10.0; Win64; x64) AppleWebKit/537.36 (KHTML, like Gecko) Chrome/77.0.3865.120 Safari/537.36"
::1 - - [22/Oct/2019:19:16:33 +0000] "OPTIONS /prodregistration HTTP/1.1" 200 20 "http://localhost:4200/prod_reg" "Mozilla/5.0 (Windows NT 10.0; Win64; x64) AppleWebKit/537.36 (KHTML, like Gecko) Chrome/77.0.3865.120 Safari/537.36"
::1 - - [22/Oct/2019:19:16:34 +0000] "POST /prodregistration HTTP/1.1" 500 98 "http://localhost:4200/prod_reg" "Mozilla/5.0 (Windows NT 10.0; Win64; x64) AppleWebKit/537.36 (KHTML, like Gecko) Chrome/77.0.3865.120 Safari/537.36"
::1 - - [22/Oct/2019:19:21:12 +0000] "OPTIONS /profile/user-address HTTP/1.1" 200 20 "http://localhost:4200/prod_reg" "Mozilla/5.0 (Windows NT 10.0; Win64; x64) AppleWebKit/537.36 (KHTML, like Gecko) Chrome/77.0.3865.120 Safari/537.36"
::1 - - [22/Oct/2019:19:21:13 +0000] "GET /profile/user-address HTTP/1.1" 304 - "http://localhost:4200/prod_reg" "Mozilla/5.0 (Windows NT 10.0; Win64; x64) AppleWebKit/537.36 (KHTML, like Gecko) Chrome/77.0.3865.120 Safari/537.36"
::1 - - [22/Oct/2019:19:21:48 +0000] "OPTIONS /prodregistration HTTP/1.1" 200 20 "http://localhost:4200/prod_reg" "Mozilla/5.0 (Windows NT 10.0; Win64; x64) AppleWebKit/537.36 (KHTML, like Gecko) Chrome/77.0.3865.120 Safari/537.36"
::1 - - [22/Oct/2019:19:21:48 +0000] "POST /prodregistration HTTP/1.1" 500 98 "http://localhost:4200/prod_reg" "Mozilla/5.0 (Windows NT 10.0; Win64; x64) AppleWebKit/537.36 (KHTML, like Gecko) Chrome/77.0.3865.120 Safari/537.36"
::1 - - [22/Oct/2019:19:25:42 +0000] "OPTIONS /prodregistration HTTP/1.1" 200 20 "http://localhost:4200/prod_reg" "Mozilla/5.0 (Windows NT 10.0; Win64; x64) AppleWebKit/537.36 (KHTML, like Gecko) Chrome/77.0.3865.120 Safari/537.36"
::1 - - [22/Oct/2019:19:25:43 +0000] "POST /prodregistration HTTP/1.1" 500 98 "http://localhost:4200/prod_reg" "Mozilla/5.0 (Windows NT 10.0; Win64; x64) AppleWebKit/537.36 (KHTML, like Gecko) Chrome/77.0.3865.120 Safari/537.36"
::1 - - [22/Oct/2019:19:30:03 +0000] "OPTIONS /profile/signin HTTP/1.1" 200 20 "http://localhost:4200/" "Mozilla/5.0 (Windows NT 10.0; Win64; x64) AppleWebKit/537.36 (KHTML, like Gecko) Chrome/77.0.3865.120 Safari/537.36"
::1 - - [22/Oct/2019:19:30:09 +0000] "POST /profile/signin HTTP/1.1" 200 90 "http://localhost:4200/" "Mozilla/5.0 (Windows NT 10.0; Win64; x64) AppleWebKit/537.36 (KHTML, like Gecko) Chrome/77.0.3865.120 Safari/537.36"
::1 - - [22/Oct/2019:19:32:26 +0000] "OPTIONS /profile/signin HTTP/1.1" 200 20 "http://localhost:4200/" "Mozilla/5.0 (Windows NT 10.0; Win64; x64) AppleWebKit/537.36 (KHTML, like Gecko) Chrome/77.0.3865.120 Safari/537.36"
::1 - - [22/Oct/2019:19:32:26 +0000] "POST /profile/signin HTTP/1.1" 200 90 "http://localhost:4200/" "Mozilla/5.0 (Windows NT 10.0; Win64; x64) AppleWebKit/537.36 (KHTML, like Gecko) Chrome/77.0.3865.120 Safari/537.36"
::1 - - [22/Oct/2019:19:32:36 +0000] "OPTIONS /profile/signin HTTP/1.1" 200 20 "http://localhost:4200/" "Mozilla/5.0 (Windows NT 10.0; Win64; x64) AppleWebKit/537.36 (KHTML, like Gecko) Chrome/77.0.3865.120 Safari/537.36"
::1 - - [22/Oct/2019:19:32:36 +0000] "POST /profile/signin HTTP/1.1" 200 90 "http://localhost:4200/" "Mozilla/5.0 (Windows NT 10.0; Win64; x64) AppleWebKit/537.36 (KHTML, like Gecko) Chrome/77.0.3865.120 Safari/537.36"
::1 - - [22/Oct/2019:19:33:39 +0000] "OPTIONS /profile/signin HTTP/1.1" 200 20 "http://localhost:4200/" "Mozilla/5.0 (Windows NT 10.0; Win64; x64) AppleWebKit/537.36 (KHTML, like Gecko) Chrome/77.0.3865.120 Safari/537.36"
::1 - - [22/Oct/2019:19:33:39 +0000] "POST /profile/signin HTTP/1.1" 200 90 "http://localhost:4200/" "Mozilla/5.0 (Windows NT 10.0; Win64; x64) AppleWebKit/537.36 (KHTML, like Gecko) Chrome/77.0.3865.120 Safari/537.36"
::1 - - [22/Oct/2019:19:33:54 +0000] "OPTIONS /profile/signin HTTP/1.1" 200 20 "http://localhost:4200/" "Mozilla/5.0 (Windows NT 10.0; Win64; x64) AppleWebKit/537.36 (KHTML, like Gecko) Chrome/77.0.3865.120 Safari/537.36"
::1 - - [22/Oct/2019:19:33:54 +0000] "POST /profile/signin HTTP/1.1" 200 90 "http://localhost:4200/" "Mozilla/5.0 (Windows NT 10.0; Win64; x64) AppleWebKit/537.36 (KHTML, like Gecko) Chrome/77.0.3865.120 Safari/537.36"
::1 - - [22/Oct/2019:19:34:41 +0000] "OPTIONS /profile/signin HTTP/1.1" 200 20 "http://localhost:4200/" "Mozilla/5.0 (Windows NT 10.0; Win64; x64) AppleWebKit/537.36 (KHTML, like Gecko) Chrome/77.0.3865.120 Safari/537.36"
::1 - - [22/Oct/2019:19:34:41 +0000] "POST /profile/signin HTTP/1.1" 200 90 "http://localhost:4200/" "Mozilla/5.0 (Windows NT 10.0; Win64; x64) AppleWebKit/537.36 (KHTML, like Gecko) Chrome/77.0.3865.120 Safari/537.36"
::1 - - [22/Oct/2019:19:35:07 +0000] "OPTIONS /profile/signin HTTP/1.1" 200 20 "http://localhost:4200/" "Mozilla/5.0 (Windows NT 10.0; Win64; x64) AppleWebKit/537.36 (KHTML, like Gecko) Chrome/77.0.3865.120 Safari/537.36"
::1 - - [22/Oct/2019:19:35:07 +0000] "POST /profile/signin HTTP/1.1" 200 90 "http://localhost:4200/" "Mozilla/5.0 (Windows NT 10.0; Win64; x64) AppleWebKit/537.36 (KHTML, like Gecko) Chrome/77.0.3865.120 Safari/537.36"
::1 - - [22/Oct/2019:19:36:03 +0000] "OPTIONS /profile/signin HTTP/1.1" 200 20 "http://localhost:4200/" "Mozilla/5.0 (Windows NT 10.0; Win64; x64) AppleWebKit/537.36 (KHTML, like Gecko) Chrome/77.0.3865.120 Safari/537.36"
::1 - - [22/Oct/2019:19:37:13 +0000] "POST /profile/signin HTTP/1.1" 200 90 "http://localhost:4200/" "Mozilla/5.0 (Windows NT 10.0; Win64; x64) AppleWebKit/537.36 (KHTML, like Gecko) Chrome/77.0.3865.120 Safari/537.36"
::1 - - [22/Oct/2019:19:37:39 +0000] "OPTIONS /profile/signup HTTP/1.1" 200 20 "http://localhost:4200/" "Mozilla/5.0 (Windows NT 10.0; Win64; x64) AppleWebKit/537.36 (KHTML, like Gecko) Chrome/77.0.3865.120 Safari/537.36"
::1 - - [22/Oct/2019:19:37:40 +0000] "POST /profile/signup HTTP/1.1" 200 305 "http://localhost:4200/" "Mozilla/5.0 (Windows NT 10.0; Win64; x64) AppleWebKit/537.36 (KHTML, like Gecko) Chrome/77.0.3865.120 Safari/537.36"
::1 - - [22/Oct/2019:19:37:53 +0000] "OPTIONS /profile/signin HTTP/1.1" 200 20 "http://localhost:4200/" "Mozilla/5.0 (Windows NT 10.0; Win64; x64) AppleWebKit/537.36 (KHTML, like Gecko) Chrome/77.0.3865.120 Safari/537.36"
::1 - - [22/Oct/2019:19:40:37 +0000] "POST /profile/signin HTTP/1.1" 200 90 "http://localhost:4200/" "Mozilla/5.0 (Windows NT 10.0; Win64; x64) AppleWebKit/537.36 (KHTML, like Gecko) Chrome/77.0.3865.120 Safari/537.36"
::1 - - [22/Oct/2019:19:40:41 +0000] "POST /profile/signin HTTP/1.1" 200 90 "http://localhost:4200/" "Mozilla/5.0 (Windows NT 10.0; Win64; x64) AppleWebKit/537.36 (KHTML, like Gecko) Chrome/77.0.3865.120 Safari/537.36"
::1 - - [22/Oct/2019:19:40:48 +0000] "OPTIONS /profile/signin HTTP/1.1" 200 20 "http://localhost:4200/" "Mozilla/5.0 (Windows NT 10.0; Win64; x64) AppleWebKit/537.36 (KHTML, like Gecko) Chrome/77.0.3865.120 Safari/537.36"
::1 - - [22/Oct/2019:19:40:57 +0000] "POST /profile/signin HTTP/1.1" 200 90 "http://localhost:4200/" "Mozilla/5.0 (Windows NT 10.0; Win64; x64) AppleWebKit/537.36 (KHTML, like Gecko) Chrome/77.0.3865.120 Safari/537.36"
::1 - - [22/Oct/2019:19:41:16 +0000] "OPTIONS /profile/signin HTTP/1.1" 200 20 "http://localhost:4200/" "Mozilla/5.0 (Windows NT 10.0; Win64; x64) AppleWebKit/537.36 (KHTML, like Gecko) Chrome/77.0.3865.120 Safari/537.36"
::1 - - [22/Oct/2019:19:41:42 +0000] "POST /profile/signin HTTP/1.1" 200 90 "http://localhost:4200/" "Mozilla/5.0 (Windows NT 10.0; Win64; x64) AppleWebKit/537.36 (KHTML, like Gecko) Chrome/77.0.3865.120 Safari/537.36"
::1 - - [22/Oct/2019:19:41:50 +0000] "OPTIONS /profile/signin HTTP/1.1" 200 20 "http://localhost:4200/" "Mozilla/5.0 (Windows NT 10.0; Win64; x64) AppleWebKit/537.36 (KHTML, like Gecko) Chrome/77.0.3865.120 Safari/537.36"
::1 - - [22/Oct/2019:19:41:56 +0000] "POST /profile/signin HTTP/1.1" 200 90 "http://localhost:4200/" "Mozilla/5.0 (Windows NT 10.0; Win64; x64) AppleWebKit/537.36 (KHTML, like Gecko) Chrome/77.0.3865.120 Safari/537.36"
::1 - - [22/Oct/2019:19:42:06 +0000] "OPTIONS /profile/signin HTTP/1.1" 200 20 "http://localhost:4200/" "Mozilla/5.0 (Windows NT 10.0; Win64; x64) AppleWebKit/537.36 (KHTML, like Gecko) Chrome/77.0.3865.120 Safari/537.36"
::1 - - [22/Oct/2019:19:45:14 +0000] "OPTIONS /profile/signin HTTP/1.1" 200 20 "http://localhost:4200/" "Mozilla/5.0 (Windows NT 10.0; Win64; x64) AppleWebKit/537.36 (KHTML, like Gecko) Chrome/77.0.3865.120 Safari/537.36"
::1 - - [22/Oct/2019:19:45:15 +0000] "POST /profile/signin HTTP/1.1" 200 326 "http://localhost:4200/" "Mozilla/5.0 (Windows NT 10.0; Win64; x64) AppleWebKit/537.36 (KHTML, like Gecko) Chrome/77.0.3865.120 Safari/537.36"
::1 - - [22/Oct/2019:19:45:24 +0000] "OPTIONS /profile/user-profile-data HTTP/1.1" 200 20 "http://localhost:4200/" "Mozilla/5.0 (Windows NT 10.0; Win64; x64) AppleWebKit/537.36 (KHTML, like Gecko) Chrome/77.0.3865.120 Safari/537.36"
::1 - - [22/Oct/2019:19:45:24 +0000] "GET /profile/user-profile-data HTTP/1.1" 200 250 "http://localhost:4200/" "Mozilla/5.0 (Windows NT 10.0; Win64; x64) AppleWebKit/537.36 (KHTML, like Gecko) Chrome/77.0.3865.120 Safari/537.36"
::1 - - [22/Oct/2019:19:47:00 +0000] "OPTIONS /profile/user-profile-data HTTP/1.1" 200 20 "http://localhost:4200/" "Mozilla/5.0 (Windows NT 10.0; Win64; x64) AppleWebKit/537.36 (KHTML, like Gecko) Chrome/77.0.3865.120 Safari/537.36"
::1 - - [22/Oct/2019:19:47:01 +0000] "GET /profile/user-profile-data HTTP/1.1" 200 250 "http://localhost:4200/" "Mozilla/5.0 (Windows NT 10.0; Win64; x64) AppleWebKit/537.36 (KHTML, like Gecko) Chrome/77.0.3865.120 Safari/537.36"
::1 - - [22/Oct/2019:19:47:28 +0000] "OPTIONS /profile/user-address HTTP/1.1" 200 20 "http://localhost:4200/prod_reg" "Mozilla/5.0 (Windows NT 10.0; Win64; x64) AppleWebKit/537.36 (KHTML, like Gecko) Chrome/77.0.3865.120 Safari/537.36"
::1 - - [22/Oct/2019:19:47:28 +0000] "GET /profile/user-address HTTP/1.1" 200 133 "http://localhost:4200/prod_reg" "Mozilla/5.0 (Windows NT 10.0; Win64; x64) AppleWebKit/537.36 (KHTML, like Gecko) Chrome/77.0.3865.120 Safari/537.36"
::1 - - [22/Oct/2019:19:47:59 +0000] "OPTIONS /prodregistration HTTP/1.1" 200 20 "http://localhost:4200/prod_reg" "Mozilla/5.0 (Windows NT 10.0; Win64; x64) AppleWebKit/537.36 (KHTML, like Gecko) Chrome/77.0.3865.120 Safari/537.36"
::1 - - [22/Oct/2019:19:47:59 +0000] "POST /prodregistration HTTP/1.1" 500 98 "http://localhost:4200/prod_reg" "Mozilla/5.0 (Windows NT 10.0; Win64; x64) AppleWebKit/537.36 (KHTML, like Gecko) Chrome/77.0.3865.120 Safari/537.36"
::1 - - [22/Oct/2019:19:48:27 +0000] "OPTIONS /search HTTP/1.1" 200 20 "http://localhost:4200/search" "Mozilla/5.0 (Windows NT 10.0; Win64; x64) AppleWebKit/537.36 (KHTML, like Gecko) Chrome/77.0.3865.120 Safari/537.36"
::1 - - [22/Oct/2019:19:50:27 +0000] "POST /search HTTP/1.1" - - "http://localhost:4200/search" "Mozilla/5.0 (Windows NT 10.0; Win64; x64) AppleWebKit/537.36 (KHTML, like Gecko) Chrome/77.0.3865.120 Safari/537.36"
::1 - - [22/Oct/2019:19:52:27 +0000] "POST /search HTTP/1.1" - - "http://localhost:4200/search" "Mozilla/5.0 (Windows NT 10.0; Win64; x64) AppleWebKit/537.36 (KHTML, like Gecko) Chrome/77.0.3865.120 Safari/537.36"
::1 - - [22/Oct/2019:20:00:23 +0000] "OPTIONS /profile/user-profile-data HTTP/1.1" 200 20 "http://localhost:4200/" "Mozilla/5.0 (Windows NT 10.0; Win64; x64) AppleWebKit/537.36 (KHTML, like Gecko) Chrome/77.0.3865.120 Safari/537.36"
::1 - - [22/Oct/2019:20:00:24 +0000] "GET /profile/user-profile-data HTTP/1.1" 304 - "http://localhost:4200/" "Mozilla/5.0 (Windows NT 10.0; Win64; x64) AppleWebKit/537.36 (KHTML, like Gecko) Chrome/77.0.3865.120 Safari/537.36"
::1 - - [22/Oct/2019:20:00:50 +0000] "OPTIONS /profile/user-address HTTP/1.1" 200 20 "http://localhost:4200/prod_reg" "Mozilla/5.0 (Windows NT 10.0; Win64; x64) AppleWebKit/537.36 (KHTML, like Gecko) Chrome/77.0.3865.120 Safari/537.36"
::1 - - [22/Oct/2019:20:00:50 +0000] "GET /profile/user-address HTTP/1.1" 304 - "http://localhost:4200/prod_reg" "Mozilla/5.0 (Windows NT 10.0; Win64; x64) AppleWebKit/537.36 (KHTML, like Gecko) Chrome/77.0.3865.120 Safari/537.36"
::1 - - [22/Oct/2019:20:01:06 +0000] "OPTIONS /prodregistration HTTP/1.1" 200 20 "http://localhost:4200/prod_reg" "Mozilla/5.0 (Windows NT 10.0; Win64; x64) AppleWebKit/537.36 (KHTML, like Gecko) Chrome/77.0.3865.120 Safari/537.36"
::1 - - [22/Oct/2019:20:01:07 +0000] "POST /prodregistration HTTP/1.1" 500 98 "http://localhost:4200/prod_reg" "Mozilla/5.0 (Windows NT 10.0; Win64; x64) AppleWebKit/537.36 (KHTML, like Gecko) Chrome/77.0.3865.120 Safari/537.36"
::1 - - [22/Oct/2019:20:02:45 +0000] "OPTIONS /prodregistration HTTP/1.1" 200 20 "http://localhost:4200/prod_reg" "Mozilla/5.0 (Windows NT 10.0; Win64; x64) AppleWebKit/537.36 (KHTML, like Gecko) Chrome/77.0.3865.120 Safari/537.36"
::1 - - [22/Oct/2019:20:02:45 +0000] "POST /prodregistration HTTP/1.1" 500 98 "http://localhost:4200/prod_reg" "Mozilla/5.0 (Windows NT 10.0; Win64; x64) AppleWebKit/537.36 (KHTML, like Gecko) Chrome/77.0.3865.120 Safari/537.36"
::1 - - [22/Oct/2019:20:03:14 +0000] "OPTIONS /prodregistration HTTP/1.1" 200 20 "http://localhost:4200/prod_reg" "Mozilla/5.0 (Windows NT 10.0; Win64; x64) AppleWebKit/537.36 (KHTML, like Gecko) Chrome/77.0.3865.120 Safari/537.36"
::1 - - [22/Oct/2019:20:03:15 +0000] "POST /prodregistration HTTP/1.1" 500 98 "http://localhost:4200/prod_reg" "Mozilla/5.0 (Windows NT 10.0; Win64; x64) AppleWebKit/537.36 (KHTML, like Gecko) Chrome/77.0.3865.120 Safari/537.36"
::1 - - [22/Oct/2019:20:04:45 +0000] "OPTIONS /prodregistration HTTP/1.1" 200 20 "http://localhost:4200/prod_reg" "Mozilla/5.0 (Windows NT 10.0; Win64; x64) AppleWebKit/537.36 (KHTML, like Gecko) Chrome/77.0.3865.120 Safari/537.36"
::1 - - [22/Oct/2019:20:04:46 +0000] "POST /prodregistration HTTP/1.1" 500 98 "http://localhost:4200/prod_reg" "Mozilla/5.0 (Windows NT 10.0; Win64; x64) AppleWebKit/537.36 (KHTML, like Gecko) Chrome/77.0.3865.120 Safari/537.36"
::1 - - [22/Oct/2019:20:05:55 +0000] "OPTIONS /prodregistration HTTP/1.1" 200 20 "http://localhost:4200/prod_reg" "Mozilla/5.0 (Windows NT 10.0; Win64; x64) AppleWebKit/537.36 (KHTML, like Gecko) Chrome/77.0.3865.120 Safari/537.36"
::1 - - [22/Oct/2019:20:05:56 +0000] "POST /prodregistration HTTP/1.1" 500 98 "http://localhost:4200/prod_reg" "Mozilla/5.0 (Windows NT 10.0; Win64; x64) AppleWebKit/537.36 (KHTML, like Gecko) Chrome/77.0.3865.120 Safari/537.36"
::1 - - [22/Oct/2019:20:06:39 +0000] "OPTIONS /prodregistration HTTP/1.1" 200 20 "http://localhost:4200/prod_reg" "Mozilla/5.0 (Windows NT 10.0; Win64; x64) AppleWebKit/537.36 (KHTML, like Gecko) Chrome/77.0.3865.120 Safari/537.36"
::1 - - [22/Oct/2019:20:06:40 +0000] "POST /prodregistration HTTP/1.1" 500 98 "http://localhost:4200/prod_reg" "Mozilla/5.0 (Windows NT 10.0; Win64; x64) AppleWebKit/537.36 (KHTML, like Gecko) Chrome/77.0.3865.120 Safari/537.36"
::1 - - [22/Oct/2019:20:06:56 +0000] "OPTIONS /prodregistration HTTP/1.1" 200 20 "http://localhost:4200/prod_reg" "Mozilla/5.0 (Windows NT 10.0; Win64; x64) AppleWebKit/537.36 (KHTML, like Gecko) Chrome/77.0.3865.120 Safari/537.36"
::1 - - [22/Oct/2019:20:06:57 +0000] "POST /prodregistration HTTP/1.1" 500 98 "http://localhost:4200/prod_reg" "Mozilla/5.0 (Windows NT 10.0; Win64; x64) AppleWebKit/537.36 (KHTML, like Gecko) Chrome/77.0.3865.120 Safari/537.36"
::1 - - [22/Oct/2019:20:07:56 +0000] "OPTIONS /prodregistration HTTP/1.1" 200 20 "http://localhost:4200/prod_reg" "Mozilla/5.0 (Windows NT 10.0; Win64; x64) AppleWebKit/537.36 (KHTML, like Gecko) Chrome/77.0.3865.120 Safari/537.36"
::1 - - [22/Oct/2019:20:07:57 +0000] "POST /prodregistration HTTP/1.1" 500 98 "http://localhost:4200/prod_reg" "Mozilla/5.0 (Windows NT 10.0; Win64; x64) AppleWebKit/537.36 (KHTML, like Gecko) Chrome/77.0.3865.120 Safari/537.36"
::1 - - [22/Oct/2019:20:09:02 +0000] "OPTIONS /prodregistration HTTP/1.1" 200 20 "http://localhost:4200/prod_reg" "Mozilla/5.0 (Windows NT 10.0; Win64; x64) AppleWebKit/537.36 (KHTML, like Gecko) Chrome/77.0.3865.120 Safari/537.36"
::1 - - [22/Oct/2019:20:09:03 +0000] "POST /prodregistration HTTP/1.1" 500 98 "http://localhost:4200/prod_reg" "Mozilla/5.0 (Windows NT 10.0; Win64; x64) AppleWebKit/537.36 (KHTML, like Gecko) Chrome/77.0.3865.120 Safari/537.36"
::1 - - [22/Oct/2019:20:15:22 +0000] "OPTIONS /prodregistration HTTP/1.1" 200 20 "http://localhost:4200/prod_reg" "Mozilla/5.0 (Windows NT 10.0; Win64; x64) AppleWebKit/537.36 (KHTML, like Gecko) Chrome/77.0.3865.120 Safari/537.36"
::1 - - [22/Oct/2019:20:15:24 +0000] "POST /prodregistration HTTP/1.1" 500 98 "http://localhost:4200/prod_reg" "Mozilla/5.0 (Windows NT 10.0; Win64; x64) AppleWebKit/537.36 (KHTML, like Gecko) Chrome/77.0.3865.120 Safari/537.36"
::1 - - [22/Oct/2019:20:18:00 +0000] "OPTIONS /profile/user-profile-data HTTP/1.1" 200 20 "http://localhost:4200/" "Mozilla/5.0 (Windows NT 10.0; Win64; x64) AppleWebKit/537.36 (KHTML, like Gecko) Chrome/77.0.3865.120 Safari/537.36"
::1 - - [22/Oct/2019:20:18:01 +0000] "GET /profile/user-profile-data HTTP/1.1" 200 250 "http://localhost:4200/" "Mozilla/5.0 (Windows NT 10.0; Win64; x64) AppleWebKit/537.36 (KHTML, like Gecko) Chrome/77.0.3865.120 Safari/537.36"
::1 - - [22/Oct/2019:20:19:02 +0000] "OPTIONS /profile/user-address HTTP/1.1" 200 20 "http://localhost:4200/prod_reg" "Mozilla/5.0 (Windows NT 10.0; Win64; x64) AppleWebKit/537.36 (KHTML, like Gecko) Chrome/77.0.3865.120 Safari/537.36"
::1 - - [22/Oct/2019:20:19:03 +0000] "GET /profile/user-address HTTP/1.1" 200 133 "http://localhost:4200/prod_reg" "Mozilla/5.0 (Windows NT 10.0; Win64; x64) AppleWebKit/537.36 (KHTML, like Gecko) Chrome/77.0.3865.120 Safari/537.36"
::1 - - [22/Oct/2019:20:19:36 +0000] "OPTIONS /prodregistration HTTP/1.1" 200 20 "http://localhost:4200/prod_reg" "Mozilla/5.0 (Windows NT 10.0; Win64; x64) AppleWebKit/537.36 (KHTML, like Gecko) Chrome/77.0.3865.120 Safari/537.36"
::1 - - [22/Oct/2019:20:19:38 +0000] "POST /prodregistration HTTP/1.1" 500 98 "http://localhost:4200/prod_reg" "Mozilla/5.0 (Windows NT 10.0; Win64; x64) AppleWebKit/537.36 (KHTML, like Gecko) Chrome/77.0.3865.120 Safari/537.36"
::1 - - [22/Oct/2019:20:19:38 +0000] "OPTIONS /prodregistration HTTP/1.1" 200 20 "http://localhost:4200/prod_reg" "Mozilla/5.0 (Windows NT 10.0; Win64; x64) AppleWebKit/537.36 (KHTML, like Gecko) Chrome/77.0.3865.120 Safari/537.36"
::1 - - [22/Oct/2019:20:19:39 +0000] "POST /prodregistration HTTP/1.1" 500 98 "http://localhost:4200/prod_reg" "Mozilla/5.0 (Windows NT 10.0; Win64; x64) AppleWebKit/537.36 (KHTML, like Gecko) Chrome/77.0.3865.120 Safari/537.36"
::1 - - [22/Oct/2019:20:20:09 +0000] "OPTIONS /prodregistration HTTP/1.1" 200 20 "http://localhost:4200/prod_reg" "Mozilla/5.0 (Windows NT 10.0; Win64; x64) AppleWebKit/537.36 (KHTML, like Gecko) Chrome/77.0.3865.120 Safari/537.36"
::1 - - [22/Oct/2019:20:21:43 +0000] "POST /prodregistration HTTP/1.1" 500 98 "http://localhost:4200/prod_reg" "Mozilla/5.0 (Windows NT 10.0; Win64; x64) AppleWebKit/537.36 (KHTML, like Gecko) Chrome/77.0.3865.120 Safari/537.36"
::1 - - [22/Oct/2019:20:23:11 +0000] "OPTIONS /prodregistration HTTP/1.1" 200 20 "http://localhost:4200/prod_reg" "Mozilla/5.0 (Windows NT 10.0; Win64; x64) AppleWebKit/537.36 (KHTML, like Gecko) Chrome/77.0.3865.120 Safari/537.36"
::1 - - [22/Oct/2019:20:23:21 +0000] "POST /prodregistration HTTP/1.1" 500 98 "http://localhost:4200/prod_reg" "Mozilla/5.0 (Windows NT 10.0; Win64; x64) AppleWebKit/537.36 (KHTML, like Gecko) Chrome/77.0.3865.120 Safari/537.36"
::1 - - [22/Oct/2019:20:24:05 +0000] "OPTIONS /prodregistration HTTP/1.1" 200 20 "http://localhost:4200/prod_reg" "Mozilla/5.0 (Windows NT 10.0; Win64; x64) AppleWebKit/537.36 (KHTML, like Gecko) Chrome/77.0.3865.120 Safari/537.36"
::1 - - [22/Oct/2019:20:27:46 +0000] "POST /prodregistration HTTP/1.1" 500 98 "http://localhost:4200/prod_reg" "Mozilla/5.0 (Windows NT 10.0; Win64; x64) AppleWebKit/537.36 (KHTML, like Gecko) Chrome/77.0.3865.120 Safari/537.36"
::1 - - [22/Oct/2019:20:28:07 +0000] "OPTIONS /prodregistration HTTP/1.1" 200 20 "http://localhost:4200/prod_reg" "Mozilla/5.0 (Windows NT 10.0; Win64; x64) AppleWebKit/537.36 (KHTML, like Gecko) Chrome/77.0.3865.120 Safari/537.36"
::1 - - [22/Oct/2019:21:13:56 +0000] "POST /prodregistration HTTP/1.1" 500 98 "http://localhost:4200/prod_reg" "Mozilla/5.0 (Windows NT 10.0; Win64; x64) AppleWebKit/537.36 (KHTML, like Gecko) Chrome/77.0.3865.120 Safari/537.36"
::1 - - [22/Oct/2019:22:39:46 +0000] "OPTIONS /profile/user-address HTTP/1.1" 200 20 "http://localhost:4200/prod_reg" "Mozilla/5.0 (Windows NT 10.0; Win64; x64) AppleWebKit/537.36 (KHTML, like Gecko) Chrome/77.0.3865.120 Safari/537.36"
::1 - - [22/Oct/2019:22:39:46 +0000] "GET /profile/user-address HTTP/1.1" 304 - "http://localhost:4200/prod_reg" "Mozilla/5.0 (Windows NT 10.0; Win64; x64) AppleWebKit/537.36 (KHTML, like Gecko) Chrome/77.0.3865.120 Safari/537.36"
::1 - - [22/Oct/2019:22:40:21 +0000] "OPTIONS /prodregistration HTTP/1.1" 200 20 "http://localhost:4200/prod_reg" "Mozilla/5.0 (Windows NT 10.0; Win64; x64) AppleWebKit/537.36 (KHTML, like Gecko) Chrome/77.0.3865.120 Safari/537.36"
::1 - - [22/Oct/2019:22:40:23 +0000] "POST /prodregistration HTTP/1.1" 500 98 "http://localhost:4200/prod_reg" "Mozilla/5.0 (Windows NT 10.0; Win64; x64) AppleWebKit/537.36 (KHTML, like Gecko) Chrome/77.0.3865.120 Safari/537.36"
::1 - - [22/Oct/2019:22:46:41 +0000] "OPTIONS /profile/user-profile-data HTTP/1.1" 200 20 "http://localhost:4200/" "Mozilla/5.0 (Windows NT 10.0; Win64; x64) AppleWebKit/537.36 (KHTML, like Gecko) Chrome/77.0.3865.120 Safari/537.36"
::1 - - [22/Oct/2019:22:46:42 +0000] "GET /profile/user-profile-data HTTP/1.1" 200 250 "http://localhost:4200/" "Mozilla/5.0 (Windows NT 10.0; Win64; x64) AppleWebKit/537.36 (KHTML, like Gecko) Chrome/77.0.3865.120 Safari/537.36"
::1 - - [22/Oct/2019:22:47:11 +0000] "OPTIONS /profile/user-address HTTP/1.1" 200 20 "http://localhost:4200/prod_reg" "Mozilla/5.0 (Windows NT 10.0; Win64; x64) AppleWebKit/537.36 (KHTML, like Gecko) Chrome/77.0.3865.120 Safari/537.36"
::1 - - [22/Oct/2019:22:47:11 +0000] "GET /profile/user-address HTTP/1.1" 200 133 "http://localhost:4200/prod_reg" "Mozilla/5.0 (Windows NT 10.0; Win64; x64) AppleWebKit/537.36 (KHTML, like Gecko) Chrome/77.0.3865.120 Safari/537.36"
::1 - - [22/Oct/2019:22:47:33 +0000] "OPTIONS /prodregistration HTTP/1.1" 200 20 "http://localhost:4200/prod_reg" "Mozilla/5.0 (Windows NT 10.0; Win64; x64) AppleWebKit/537.36 (KHTML, like Gecko) Chrome/77.0.3865.120 Safari/537.36"
::1 - - [22/Oct/2019:22:53:19 +0000] "OPTIONS /profile/user-address HTTP/1.1" 200 20 "http://localhost:4200/prod_reg" "Mozilla/5.0 (Windows NT 10.0; Win64; x64) AppleWebKit/537.36 (KHTML, like Gecko) Chrome/77.0.3865.120 Safari/537.36"
::1 - - [22/Oct/2019:22:53:19 +0000] "GET /profile/user-address HTTP/1.1" 304 - "http://localhost:4200/prod_reg" "Mozilla/5.0 (Windows NT 10.0; Win64; x64) AppleWebKit/537.36 (KHTML, like Gecko) Chrome/77.0.3865.120 Safari/537.36"
::1 - - [22/Oct/2019:22:53:26 +0000] "OPTIONS /prodregistration HTTP/1.1" 200 20 "http://localhost:4200/prod_reg" "Mozilla/5.0 (Windows NT 10.0; Win64; x64) AppleWebKit/537.36 (KHTML, like Gecko) Chrome/77.0.3865.120 Safari/537.36"
::1 - - [22/Oct/2019:22:55:34 +0000] "OPTIONS /prodregistration HTTP/1.1" 200 20 "http://localhost:4200/prod_reg" "Mozilla/5.0 (Windows NT 10.0; Win64; x64) AppleWebKit/537.36 (KHTML, like Gecko) Chrome/77.0.3865.120 Safari/537.36"
::1 - - [22/Oct/2019:22:56:38 +0000] "OPTIONS /prodregistration HTTP/1.1" 200 20 "http://localhost:4200/prod_reg" "Mozilla/5.0 (Windows NT 10.0; Win64; x64) AppleWebKit/537.36 (KHTML, like Gecko) Chrome/77.0.3865.120 Safari/537.36"
::1 - - [22/Oct/2019:23:04:06 +0000] "OPTIONS /prodregistration HTTP/1.1" 200 20 "http://localhost:4200/prod_reg" "Mozilla/5.0 (Windows NT 10.0; Win64; x64) AppleWebKit/537.36 (KHTML, like Gecko) Chrome/77.0.3865.120 Safari/537.36"
::1 - - [22/Oct/2019:23:07:35 +0000] "OPTIONS /prodregistration HTTP/1.1" 200 20 "http://localhost:4200/prod_reg" "Mozilla/5.0 (Windows NT 10.0; Win64; x64) AppleWebKit/537.36 (KHTML, like Gecko) Chrome/77.0.3865.120 Safari/537.36"
::1 - - [22/Oct/2019:23:12:55 +0000] "OPTIONS /prodregistration HTTP/1.1" 200 20 "http://localhost:4200/prod_reg" "Mozilla/5.0 (Windows NT 10.0; Win64; x64) AppleWebKit/537.36 (KHTML, like Gecko) Chrome/77.0.3865.120 Safari/537.36"
::1 - - [22/Oct/2019:23:15:40 +0000] "OPTIONS /prodregistration HTTP/1.1" 200 20 "http://localhost:4200/prod_reg" "Mozilla/5.0 (Windows NT 10.0; Win64; x64) AppleWebKit/537.36 (KHTML, like Gecko) Chrome/77.0.3865.120 Safari/537.36"
::1 - - [22/Oct/2019:23:15:42 +0000] "POST /prodregistration HTTP/1.1" 500 69 "http://localhost:4200/prod_reg" "Mozilla/5.0 (Windows NT 10.0; Win64; x64) AppleWebKit/537.36 (KHTML, like Gecko) Chrome/77.0.3865.120 Safari/537.36"
::1 - - [22/Oct/2019:23:16:14 +0000] "OPTIONS /prodregistration HTTP/1.1" 200 20 "http://localhost:4200/prod_reg" "Mozilla/5.0 (Windows NT 10.0; Win64; x64) AppleWebKit/537.36 (KHTML, like Gecko) Chrome/77.0.3865.120 Safari/537.36"
::1 - - [22/Oct/2019:23:16:41 +0000] "OPTIONS /prodregistration HTTP/1.1" 200 20 "http://localhost:4200/prod_reg" "Mozilla/5.0 (Windows NT 10.0; Win64; x64) AppleWebKit/537.36 (KHTML, like Gecko) Chrome/77.0.3865.120 Safari/537.36"
::1 - - [22/Oct/2019:23:22:56 +0000] "OPTIONS /prodregistration HTTP/1.1" 200 20 "http://localhost:4200/prod_reg" "Mozilla/5.0 (Windows NT 10.0; Win64; x64) AppleWebKit/537.36 (KHTML, like Gecko) Chrome/77.0.3865.120 Safari/537.36"
::1 - - [22/Oct/2019:23:24:36 +0000] "OPTIONS /prodregistration HTTP/1.1" 200 20 "http://localhost:4200/prod_reg" "Mozilla/5.0 (Windows NT 10.0; Win64; x64) AppleWebKit/537.36 (KHTML, like Gecko) Chrome/77.0.3865.120 Safari/537.36"
::1 - - [22/Oct/2019:23:25:54 +0000] "OPTIONS /prodregistration HTTP/1.1" 200 20 "http://localhost:4200/prod_reg" "Mozilla/5.0 (Windows NT 10.0; Win64; x64) AppleWebKit/537.36 (KHTML, like Gecko) Chrome/77.0.3865.120 Safari/537.36"
::1 - - [22/Oct/2019:23:28:24 +0000] "OPTIONS /prodregistration HTTP/1.1" 200 20 "http://localhost:4200/prod_reg" "Mozilla/5.0 (Windows NT 10.0; Win64; x64) AppleWebKit/537.36 (KHTML, like Gecko) Chrome/77.0.3865.120 Safari/537.36"
::1 - - [22/Oct/2019:23:29:51 +0000] "OPTIONS /prodregistration HTTP/1.1" 200 20 "http://localhost:4200/prod_reg" "Mozilla/5.0 (Windows NT 10.0; Win64; x64) AppleWebKit/537.36 (KHTML, like Gecko) Chrome/77.0.3865.120 Safari/537.36"
::1 - - [22/Oct/2019:23:30:43 +0000] "OPTIONS /prodregistration HTTP/1.1" 200 20 "http://localhost:4200/prod_reg" "Mozilla/5.0 (Windows NT 10.0; Win64; x64) AppleWebKit/537.36 (KHTML, like Gecko) Chrome/77.0.3865.120 Safari/537.36"
::1 - - [22/Oct/2019:23:37:28 +0000] "OPTIONS /prodregistration HTTP/1.1" 200 20 "http://localhost:4200/prod_reg" "Mozilla/5.0 (Windows NT 10.0; Win64; x64) AppleWebKit/537.36 (KHTML, like Gecko) Chrome/77.0.3865.120 Safari/537.36"
::1 - - [22/Oct/2019:23:40:03 +0000] "OPTIONS /search HTTP/1.1" 200 20 "http://localhost:4200/search" "Mozilla/5.0 (Windows NT 10.0; Win64; x64) AppleWebKit/537.36 (KHTML, like Gecko) Chrome/77.0.3865.120 Safari/537.36"
::1 - - [22/Oct/2019:23:40:06 +0000] "POST /search HTTP/1.1" 200 1769 "http://localhost:4200/search" "Mozilla/5.0 (Windows NT 10.0; Win64; x64) AppleWebKit/537.36 (KHTML, like Gecko) Chrome/77.0.3865.120 Safari/537.36"
::1 - - [22/Oct/2019:23:40:43 +0000] "OPTIONS /prodregistration HTTP/1.1" 200 20 "http://localhost:4200/prod_reg" "Mozilla/5.0 (Windows NT 10.0; Win64; x64) AppleWebKit/537.36 (KHTML, like Gecko) Chrome/77.0.3865.120 Safari/537.36"
::1 - - [22/Oct/2019:23:42:22 +0000] "OPTIONS /profile/user-profile-data HTTP/1.1" 200 20 "http://localhost:4200/" "Mozilla/5.0 (Windows NT 10.0; Win64; x64) AppleWebKit/537.36 (KHTML, like Gecko) Chrome/77.0.3865.120 Safari/537.36"
::1 - - [22/Oct/2019:23:42:22 +0000] "GET /profile/user-profile-data HTTP/1.1" 200 250 "http://localhost:4200/" "Mozilla/5.0 (Windows NT 10.0; Win64; x64) AppleWebKit/537.36 (KHTML, like Gecko) Chrome/77.0.3865.120 Safari/537.36"
::1 - - [22/Oct/2019:23:42:35 +0000] "OPTIONS /profile/user-address HTTP/1.1" 200 20 "http://localhost:4200/prod_reg" "Mozilla/5.0 (Windows NT 10.0; Win64; x64) AppleWebKit/537.36 (KHTML, like Gecko) Chrome/77.0.3865.120 Safari/537.36"
::1 - - [22/Oct/2019:23:42:35 +0000] "GET /profile/user-address HTTP/1.1" 200 132 "http://localhost:4200/prod_reg" "Mozilla/5.0 (Windows NT 10.0; Win64; x64) AppleWebKit/537.36 (KHTML, like Gecko) Chrome/77.0.3865.120 Safari/537.36"
::1 - - [22/Oct/2019:23:42:58 +0000] "OPTIONS /prodregistration HTTP/1.1" 200 20 "http://localhost:4200/prod_reg" "Mozilla/5.0 (Windows NT 10.0; Win64; x64) AppleWebKit/537.36 (KHTML, like Gecko) Chrome/77.0.3865.120 Safari/537.36"
::1 - - [22/Oct/2019:23:45:03 +0000] "OPTIONS /profile/user-profile-data HTTP/1.1" 200 20 "http://localhost:4200/" "Mozilla/5.0 (Windows NT 10.0; Win64; x64) AppleWebKit/537.36 (KHTML, like Gecko) Chrome/77.0.3865.120 Safari/537.36"
::1 - - [22/Oct/2019:23:45:03 +0000] "GET /profile/user-profile-data HTTP/1.1" 200 250 "http://localhost:4200/" "Mozilla/5.0 (Windows NT 10.0; Win64; x64) AppleWebKit/537.36 (KHTML, like Gecko) Chrome/77.0.3865.120 Safari/537.36"
::1 - - [22/Oct/2019:23:45:19 +0000] "OPTIONS /profile/user-address HTTP/1.1" 200 20 "http://localhost:4200/prod_reg" "Mozilla/5.0 (Windows NT 10.0; Win64; x64) AppleWebKit/537.36 (KHTML, like Gecko) Chrome/77.0.3865.120 Safari/537.36"
::1 - - [22/Oct/2019:23:45:20 +0000] "GET /profile/user-address HTTP/1.1" 200 132 "http://localhost:4200/prod_reg" "Mozilla/5.0 (Windows NT 10.0; Win64; x64) AppleWebKit/537.36 (KHTML, like Gecko) Chrome/77.0.3865.120 Safari/537.36"
::1 - - [22/Oct/2019:23:45:49 +0000] "OPTIONS /prodregistration HTTP/1.1" 200 20 "http://localhost:4200/prod_reg" "Mozilla/5.0 (Windows NT 10.0; Win64; x64) AppleWebKit/537.36 (KHTML, like Gecko) Chrome/77.0.3865.120 Safari/537.36"
::1 - - [22/Oct/2019:23:51:45 +0000] "OPTIONS /profile/user-profile-data HTTP/1.1" 200 20 "http://localhost:4200/" "Mozilla/5.0 (Windows NT 10.0; Win64; x64) AppleWebKit/537.36 (KHTML, like Gecko) Chrome/77.0.3865.120 Safari/537.36"
::1 - - [22/Oct/2019:23:51:45 +0000] "GET /profile/user-profile-data HTTP/1.1" 304 - "http://localhost:4200/" "Mozilla/5.0 (Windows NT 10.0; Win64; x64) AppleWebKit/537.36 (KHTML, like Gecko) Chrome/77.0.3865.120 Safari/537.36"
::1 - - [22/Oct/2019:23:52:11 +0000] "OPTIONS /profile/user-address HTTP/1.1" 200 20 "http://localhost:4200/prod_reg" "Mozilla/5.0 (Windows NT 10.0; Win64; x64) AppleWebKit/537.36 (KHTML, like Gecko) Chrome/77.0.3865.120 Safari/537.36"
::1 - - [22/Oct/2019:23:52:11 +0000] "GET /profile/user-address HTTP/1.1" 200 132 "http://localhost:4200/prod_reg" "Mozilla/5.0 (Windows NT 10.0; Win64; x64) AppleWebKit/537.36 (KHTML, like Gecko) Chrome/77.0.3865.120 Safari/537.36"
::1 - - [22/Oct/2019:23:52:20 +0000] "OPTIONS /prodregistration HTTP/1.1" 200 20 "http://localhost:4200/prod_reg" "Mozilla/5.0 (Windows NT 10.0; Win64; x64) AppleWebKit/537.36 (KHTML, like Gecko) Chrome/77.0.3865.120 Safari/537.36"
::1 - - [22/Oct/2019:23:52:22 +0000] "POST /prodregistration HTTP/1.1" 500 98 "http://localhost:4200/prod_reg" "Mozilla/5.0 (Windows NT 10.0; Win64; x64) AppleWebKit/537.36 (KHTML, like Gecko) Chrome/77.0.3865.120 Safari/537.36"
::1 - - [22/Oct/2019:23:52:37 +0000] "OPTIONS /prodregistration HTTP/1.1" 200 20 "http://localhost:4200/prod_reg" "Mozilla/5.0 (Windows NT 10.0; Win64; x64) AppleWebKit/537.36 (KHTML, like Gecko) Chrome/77.0.3865.120 Safari/537.36"
::1 - - [22/Oct/2019:23:52:51 +0000] "OPTIONS /prodregistration HTTP/1.1" 200 20 "http://localhost:4200/prod_reg" "Mozilla/5.0 (Windows NT 10.0; Win64; x64) AppleWebKit/537.36 (KHTML, like Gecko) Chrome/77.0.3865.120 Safari/537.36"
::1 - - [22/Oct/2019:23:52:56 +0000] "POST /prodregistration HTTP/1.1" - - "http://localhost:4200/prod_reg" "Mozilla/5.0 (Windows NT 10.0; Win64; x64) AppleWebKit/537.36 (KHTML, like Gecko) Chrome/77.0.3865.120 Safari/537.36"
::1 - - [22/Oct/2019:23:52:56 +0000] "POST /prodregistration HTTP/1.1" - - "http://localhost:4200/prod_reg" "Mozilla/5.0 (Windows NT 10.0; Win64; x64) AppleWebKit/537.36 (KHTML, like Gecko) Chrome/77.0.3865.120 Safari/537.36"
::1 - - [22/Oct/2019:23:53:10 +0000] "OPTIONS /prodregistration HTTP/1.1" 200 20 "http://localhost:4200/prod_reg" "Mozilla/5.0 (Windows NT 10.0; Win64; x64) AppleWebKit/537.36 (KHTML, like Gecko) Chrome/77.0.3865.120 Safari/537.36"
::1 - - [22/Oct/2019:23:55:10 +0000] "POST /prodregistration HTTP/1.1" - - "http://localhost:4200/prod_reg" "Mozilla/5.0 (Windows NT 10.0; Win64; x64) AppleWebKit/537.36 (KHTML, like Gecko) Chrome/77.0.3865.120 Safari/537.36"
::1 - - [22/Oct/2019:23:55:53 +0000] "OPTIONS /prodregistration HTTP/1.1" 200 20 "http://localhost:4200/prod_reg" "Mozilla/5.0 (Windows NT 10.0; Win64; x64) AppleWebKit/537.36 (KHTML, like Gecko) Chrome/77.0.3865.120 Safari/537.36"
::1 - - [22/Oct/2019:23:57:53 +0000] "POST /prodregistration HTTP/1.1" - - "http://localhost:4200/prod_reg" "Mozilla/5.0 (Windows NT 10.0; Win64; x64) AppleWebKit/537.36 (KHTML, like Gecko) Chrome/77.0.3865.120 Safari/537.36"
::1 - - [22/Oct/2019:23:58:34 +0000] "OPTIONS /prodregistration HTTP/1.1" 200 20 "http://localhost:4200/prod_reg" "Mozilla/5.0 (Windows NT 10.0; Win64; x64) AppleWebKit/537.36 (KHTML, like Gecko) Chrome/77.0.3865.120 Safari/537.36"
::1 - - [22/Oct/2019:23:58:46 +0000] "OPTIONS /profile/user-address HTTP/1.1" 200 20 "http://localhost:4200/prod_reg" "Mozilla/5.0 (Windows NT 10.0; Win64; x64) AppleWebKit/537.36 (KHTML, like Gecko) Chrome/77.0.3865.120 Safari/537.36"
::1 - - [22/Oct/2019:23:58:46 +0000] "GET /profile/user-address HTTP/1.1" 304 - "http://localhost:4200/prod_reg" "Mozilla/5.0 (Windows NT 10.0; Win64; x64) AppleWebKit/537.36 (KHTML, like Gecko) Chrome/77.0.3865.120 Safari/537.36"
::1 - - [22/Oct/2019:23:59:27 +0000] "OPTIONS /prodregistration HTTP/1.1" 200 20 "http://localhost:4200/prod_reg" "Mozilla/5.0 (Windows NT 10.0; Win64; x64) AppleWebKit/537.36 (KHTML, like Gecko) Chrome/77.0.3865.120 Safari/537.36"
::1 - - [23/Oct/2019:00:00:34 +0000] "POST /prodregistration HTTP/1.1" - - "http://localhost:4200/prod_reg" "Mozilla/5.0 (Windows NT 10.0; Win64; x64) AppleWebKit/537.36 (KHTML, like Gecko) Chrome/77.0.3865.120 Safari/537.36"
::1 - - [23/Oct/2019:00:01:28 +0000] "POST /prodregistration HTTP/1.1" - - "http://localhost:4200/prod_reg" "Mozilla/5.0 (Windows NT 10.0; Win64; x64) AppleWebKit/537.36 (KHTML, like Gecko) Chrome/77.0.3865.120 Safari/537.36"
::1 - - [23/Oct/2019:00:02:34 +0000] "POST /prodregistration HTTP/1.1" - - "http://localhost:4200/prod_reg" "Mozilla/5.0 (Windows NT 10.0; Win64; x64) AppleWebKit/537.36 (KHTML, like Gecko) Chrome/77.0.3865.120 Safari/537.36"
::1 - - [23/Oct/2019:00:03:15 +0000] "OPTIONS /prodregistration HTTP/1.1" 200 20 "http://localhost:4200/prod_reg" "Mozilla/5.0 (Windows NT 10.0; Win64; x64) AppleWebKit/537.36 (KHTML, like Gecko) Chrome/77.0.3865.120 Safari/537.36"
::ffff:127.0.0.1 - - [23/Oct/2019:00:04:23 +0000] "OPTIONS /prodregistration HTTP/1.1" 200 20 "http://localhost:4200/prod_reg" "Mozilla/5.0 (Windows NT 10.0; Win64; x64) AppleWebKit/537.36 (KHTML, like Gecko) Chrome/77.0.3865.120 Safari/537.36"
::1 - - [23/Oct/2019:00:06:22 +0000] "OPTIONS /prodregistration HTTP/1.1" 200 20 "http://localhost:4200/prod_reg" "Mozilla/5.0 (Windows NT 10.0; Win64; x64) AppleWebKit/537.36 (KHTML, like Gecko) Chrome/77.0.3865.120 Safari/537.36"
::1 - - [23/Oct/2019:00:07:51 +0000] "OPTIONS /prodregistration HTTP/1.1" 200 20 "http://localhost:4200/prod_reg" "Mozilla/5.0 (Windows NT 10.0; Win64; x64) AppleWebKit/537.36 (KHTML, like Gecko) Chrome/77.0.3865.120 Safari/537.36"
::1 - - [23/Oct/2019:00:08:33 +0000] "OPTIONS /prodregistration HTTP/1.1" 200 20 "http://localhost:4200/prod_reg" "Mozilla/5.0 (Windows NT 10.0; Win64; x64) AppleWebKit/537.36 (KHTML, like Gecko) Chrome/77.0.3865.120 Safari/537.36"
::ffff:127.0.0.1 - - [23/Oct/2019:00:08:49 +0000] "OPTIONS /prodregistration HTTP/1.1" 200 20 "http://localhost:4200/prod_reg" "Mozilla/5.0 (Windows NT 10.0; Win64; x64) AppleWebKit/537.36 (KHTML, like Gecko) Chrome/77.0.3865.120 Safari/537.36"
::ffff:127.0.0.1 - - [23/Oct/2019:00:09:36 +0000] "OPTIONS /prodregistration HTTP/1.1" 200 20 "http://localhost:4200/prod_reg" "Mozilla/5.0 (Windows NT 10.0; Win64; x64) AppleWebKit/537.36 (KHTML, like Gecko) Chrome/77.0.3865.120 Safari/537.36"
::1 - - [23/Oct/2019:00:10:07 +0000] "OPTIONS /prodregistration HTTP/1.1" 200 20 "http://localhost:4200/prod_reg" "Mozilla/5.0 (Windows NT 10.0; Win64; x64) AppleWebKit/537.36 (KHTML, like Gecko) Chrome/77.0.3865.120 Safari/537.36"
::1 - - [23/Oct/2019:00:10:43 +0000] "OPTIONS /prodregistration HTTP/1.1" 200 20 "http://localhost:4200/prod_reg" "Mozilla/5.0 (Windows NT 10.0; Win64; x64) AppleWebKit/537.36 (KHTML, like Gecko) Chrome/77.0.3865.120 Safari/537.36"
::1 - - [23/Oct/2019:00:28:59 +0000] "OPTIONS /profile/user-profile-data HTTP/1.1" 200 20 "http://localhost:4200/" "Mozilla/5.0 (Windows NT 10.0; Win64; x64) AppleWebKit/537.36 (KHTML, like Gecko) Chrome/77.0.3865.120 Safari/537.36"
::1 - - [23/Oct/2019:00:28:59 +0000] "GET /profile/user-profile-data HTTP/1.1" 200 250 "http://localhost:4200/" "Mozilla/5.0 (Windows NT 10.0; Win64; x64) AppleWebKit/537.36 (KHTML, like Gecko) Chrome/77.0.3865.120 Safari/537.36"
::1 - - [23/Oct/2019:00:29:20 +0000] "OPTIONS /profile/user-address HTTP/1.1" 200 20 "http://localhost:4200/prod_reg" "Mozilla/5.0 (Windows NT 10.0; Win64; x64) AppleWebKit/537.36 (KHTML, like Gecko) Chrome/77.0.3865.120 Safari/537.36"
::1 - - [23/Oct/2019:00:29:20 +0000] "GET /profile/user-address HTTP/1.1" 200 132 "http://localhost:4200/prod_reg" "Mozilla/5.0 (Windows NT 10.0; Win64; x64) AppleWebKit/537.36 (KHTML, like Gecko) Chrome/77.0.3865.120 Safari/537.36"
::1 - - [23/Oct/2019:00:29:37 +0000] "OPTIONS /prodregistration HTTP/1.1" 200 20 "http://localhost:4200/prod_reg" "Mozilla/5.0 (Windows NT 10.0; Win64; x64) AppleWebKit/537.36 (KHTML, like Gecko) Chrome/77.0.3865.120 Safari/537.36"
::1 - - [23/Oct/2019:00:32:38 +0000] "OPTIONS /prodregistration HTTP/1.1" 200 20 "http://localhost:4200/prod_reg" "Mozilla/5.0 (Windows NT 10.0; Win64; x64) AppleWebKit/537.36 (KHTML, like Gecko) Chrome/77.0.3865.120 Safari/537.36"
::ffff:127.0.0.1 - - [23/Oct/2019:00:33:07 +0000] "OPTIONS /prodregistration HTTP/1.1" 200 20 "http://localhost:4200/prod_reg" "Mozilla/5.0 (Windows NT 10.0; Win64; x64) AppleWebKit/537.36 (KHTML, like Gecko) Chrome/77.0.3865.120 Safari/537.36"
::1 - - [23/Oct/2019:00:33:14 +0000] "OPTIONS /prodregistration HTTP/1.1" 200 20 "http://localhost:4200/prod_reg" "Mozilla/5.0 (Windows NT 10.0; Win64; x64) AppleWebKit/537.36 (KHTML, like Gecko) Chrome/77.0.3865.120 Safari/537.36"
::1 - - [23/Oct/2019:00:33:22 +0000] "OPTIONS /prodregistration HTTP/1.1" 200 20 "http://localhost:4200/prod_reg" "Mozilla/5.0 (Windows NT 10.0; Win64; x64) AppleWebKit/537.36 (KHTML, like Gecko) Chrome/77.0.3865.120 Safari/537.36"
::1 - - [23/Oct/2019:00:33:30 +0000] "OPTIONS /prodregistration HTTP/1.1" 200 20 "http://localhost:4200/prod_reg" "Mozilla/5.0 (Windows NT 10.0; Win64; x64) AppleWebKit/537.36 (KHTML, like Gecko) Chrome/77.0.3865.120 Safari/537.36"
::1 - - [23/Oct/2019:00:33:38 +0000] "OPTIONS /prodregistration HTTP/1.1" 200 20 "http://localhost:4200/prod_reg" "Mozilla/5.0 (Windows NT 10.0; Win64; x64) AppleWebKit/537.36 (KHTML, like Gecko) Chrome/77.0.3865.120 Safari/537.36"
::1 - - [23/Oct/2019:00:34:03 +0000] "OPTIONS /prodregistration HTTP/1.1" 200 20 "http://localhost:4200/prod_reg" "Mozilla/5.0 (Windows NT 10.0; Win64; x64) AppleWebKit/537.36 (KHTML, like Gecko) Chrome/77.0.3865.120 Safari/537.36"
::1 - - [23/Oct/2019:00:34:04 +0000] "OPTIONS /prodregistration HTTP/1.1" 200 20 "http://localhost:4200/prod_reg" "Mozilla/5.0 (Windows NT 10.0; Win64; x64) AppleWebKit/537.36 (KHTML, like Gecko) Chrome/77.0.3865.120 Safari/537.36"
::1 - - [23/Oct/2019:00:34:44 +0000] "OPTIONS /prodregistration HTTP/1.1" 200 20 "http://localhost:4200/prod_reg" "Mozilla/5.0 (Windows NT 10.0; Win64; x64) AppleWebKit/537.36 (KHTML, like Gecko) Chrome/77.0.3865.120 Safari/537.36"
::1 - - [23/Oct/2019:00:35:01 +0000] "POST /prodregistration HTTP/1.1" - - "http://localhost:4200/prod_reg" "Mozilla/5.0 (Windows NT 10.0; Win64; x64) AppleWebKit/537.36 (KHTML, like Gecko) Chrome/77.0.3865.120 Safari/537.36"
::1 - - [23/Oct/2019:00:35:02 +0000] "POST /prodregistration HTTP/1.1" - - "http://localhost:4200/prod_reg" "Mozilla/5.0 (Windows NT 10.0; Win64; x64) AppleWebKit/537.36 (KHTML, like Gecko) Chrome/77.0.3865.120 Safari/537.36"
::1 - - [23/Oct/2019:00:35:02 +0000] "POST /prodregistration HTTP/1.1" - - "http://localhost:4200/prod_reg" "Mozilla/5.0 (Windows NT 10.0; Win64; x64) AppleWebKit/537.36 (KHTML, like Gecko) Chrome/77.0.3865.120 Safari/537.36"
::1 - - [23/Oct/2019:00:35:03 +0000] "POST /prodregistration HTTP/1.1" - - "http://localhost:4200/prod_reg" "Mozilla/5.0 (Windows NT 10.0; Win64; x64) AppleWebKit/537.36 (KHTML, like Gecko) Chrome/77.0.3865.120 Safari/537.36"
::1 - - [23/Oct/2019:00:35:33 +0000] "OPTIONS /profile/user-address HTTP/1.1" 200 20 "http://localhost:4200/prod_reg" "Mozilla/5.0 (Windows NT 10.0; Win64; x64) AppleWebKit/537.36 (KHTML, like Gecko) Chrome/77.0.3865.120 Safari/537.36"
::1 - - [23/Oct/2019:00:35:33 +0000] "GET /profile/user-address HTTP/1.1" 200 132 "http://localhost:4200/prod_reg" "Mozilla/5.0 (Windows NT 10.0; Win64; x64) AppleWebKit/537.36 (KHTML, like Gecko) Chrome/77.0.3865.120 Safari/537.36"
::1 - - [23/Oct/2019:00:35:54 +0000] "OPTIONS /prodregistration HTTP/1.1" 200 20 "http://localhost:4200/prod_reg" "Mozilla/5.0 (Windows NT 10.0; Win64; x64) AppleWebKit/537.36 (KHTML, like Gecko) Chrome/77.0.3865.120 Safari/537.36"
::1 - - [23/Oct/2019:00:36:54 +0000] "OPTIONS /prodregistration HTTP/1.1" 200 20 "http://localhost:4200/prod_reg" "Mozilla/5.0 (Windows NT 10.0; Win64; x64) AppleWebKit/537.36 (KHTML, like Gecko) Chrome/77.0.3865.120 Safari/537.36"
::1 - - [23/Oct/2019:00:37:05 +0000] "OPTIONS /prodregistration HTTP/1.1" 200 20 "http://localhost:4200/prod_reg" "Mozilla/5.0 (Windows NT 10.0; Win64; x64) AppleWebKit/537.36 (KHTML, like Gecko) Chrome/77.0.3865.120 Safari/537.36"
::ffff:127.0.0.1 - - [23/Oct/2019:00:37:15 +0000] "OPTIONS /prodregistration HTTP/1.1" 200 20 "http://localhost:4200/prod_reg" "Mozilla/5.0 (Windows NT 10.0; Win64; x64) AppleWebKit/537.36 (KHTML, like Gecko) Chrome/77.0.3865.120 Safari/537.36"
::1 - - [23/Oct/2019:00:37:33 +0000] "OPTIONS /prodregistration HTTP/1.1" 200 20 "http://localhost:4200/prod_reg" "Mozilla/5.0 (Windows NT 10.0; Win64; x64) AppleWebKit/537.36 (KHTML, like Gecko) Chrome/77.0.3865.120 Safari/537.36"
::1 - - [23/Oct/2019:00:37:46 +0000] "OPTIONS /prodregistration HTTP/1.1" 200 20 "http://localhost:4200/prod_reg" "Mozilla/5.0 (Windows NT 10.0; Win64; x64) AppleWebKit/537.36 (KHTML, like Gecko) Chrome/77.0.3865.120 Safari/537.36"
::1 - - [23/Oct/2019:00:38:29 +0000] "OPTIONS /prodregistration HTTP/1.1" 200 20 "http://localhost:4200/prod_reg" "Mozilla/5.0 (Windows NT 10.0; Win64; x64) AppleWebKit/537.36 (KHTML, like Gecko) Chrome/77.0.3865.120 Safari/537.36"
::1 - - [23/Oct/2019:00:39:07 +0000] "OPTIONS /search HTTP/1.1" 200 20 "http://localhost:4200/search" "Mozilla/5.0 (Windows NT 10.0; Win64; x64) AppleWebKit/537.36 (KHTML, like Gecko) Chrome/77.0.3865.120 Safari/537.36"
::1 - - [23/Oct/2019:00:39:08 +0000] "POST /search HTTP/1.1" 200 3560 "http://localhost:4200/search" "Mozilla/5.0 (Windows NT 10.0; Win64; x64) AppleWebKit/537.36 (KHTML, like Gecko) Chrome/77.0.3865.120 Safari/537.36"
::1 - - [23/Oct/2019:00:39:42 +0000] "OPTIONS /prodregistration HTTP/1.1" 200 20 "http://localhost:4200/prod_reg" "Mozilla/5.0 (Windows NT 10.0; Win64; x64) AppleWebKit/537.36 (KHTML, like Gecko) Chrome/77.0.3865.120 Safari/537.36"
::1 - - [23/Oct/2019:00:39:54 +0000] "OPTIONS /search HTTP/1.1" 200 20 "http://localhost:4200/search" "Mozilla/5.0 (Windows NT 10.0; Win64; x64) AppleWebKit/537.36 (KHTML, like Gecko) Chrome/77.0.3865.120 Safari/537.36"
::1 - - [23/Oct/2019:00:39:54 +0000] "POST /search HTTP/1.1" 200 3560 "http://localhost:4200/search" "Mozilla/5.0 (Windows NT 10.0; Win64; x64) AppleWebKit/537.36 (KHTML, like Gecko) Chrome/77.0.3865.120 Safari/537.36"
::ffff:127.0.0.1 - - [23/Oct/2019:00:40:22 +0000] "POST /prodregistration HTTP/1.1" - - "http://localhost:4200/prod_reg" "Mozilla/5.0 (Windows NT 10.0; Win64; x64) AppleWebKit/537.36 (KHTML, like Gecko) Chrome/77.0.3865.120 Safari/537.36"
::ffff:127.0.0.1 - - [23/Oct/2019:00:40:23 +0000] "POST /prodregistration HTTP/1.1" - - "http://localhost:4200/prod_reg" "Mozilla/5.0 (Windows NT 10.0; Win64; x64) AppleWebKit/537.36 (KHTML, like Gecko) Chrome/77.0.3865.120 Safari/537.36"
::ffff:127.0.0.1 - - [23/Oct/2019:00:40:23 +0000] "POST /prodregistration HTTP/1.1" - - "http://localhost:4200/prod_reg" "Mozilla/5.0 (Windows NT 10.0; Win64; x64) AppleWebKit/537.36 (KHTML, like Gecko) Chrome/77.0.3865.120 Safari/537.36"
::1 - - [23/Oct/2019:00:40:30 +0000] "OPTIONS /search HTTP/1.1" 200 20 "http://localhost:4200/search" "Mozilla/5.0 (Windows NT 10.0; Win64; x64) AppleWebKit/537.36 (KHTML, like Gecko) Chrome/77.0.3865.120 Safari/537.36"
::1 - - [23/Oct/2019:00:40:34 +0000] "POST /search HTTP/1.1" 200 8894 "http://localhost:4200/search" "Mozilla/5.0 (Windows NT 10.0; Win64; x64) AppleWebKit/537.36 (KHTML, like Gecko) Chrome/77.0.3865.120 Safari/537.36"
::1 - - [23/Oct/2019:00:40:47 +0000] "OPTIONS /prod-page HTTP/1.1" 200 20 "http://localhost:4200/prod_page/49/1" "Mozilla/5.0 (Windows NT 10.0; Win64; x64) AppleWebKit/537.36 (KHTML, like Gecko) Chrome/77.0.3865.120 Safari/537.36"
::1 - - [23/Oct/2019:00:40:47 +0000] "POST /prod-page HTTP/1.1" 200 238 "http://localhost:4200/prod_page/49/1" "Mozilla/5.0 (Windows NT 10.0; Win64; x64) AppleWebKit/537.36 (KHTML, like Gecko) Chrome/77.0.3865.120 Safari/537.36"
::1 - - [23/Oct/2019:00:41:38 +0000] "OPTIONS /prod-page HTTP/1.1" 200 20 "http://localhost:4200/prod_page/49/1" "Mozilla/5.0 (Windows NT 10.0; Win64; x64) AppleWebKit/537.36 (KHTML, like Gecko) Chrome/77.0.3865.120 Safari/537.36"
::1 - - [23/Oct/2019:00:41:38 +0000] "POST /prod-page HTTP/1.1" 200 238 "http://localhost:4200/prod_page/49/1" "Mozilla/5.0 (Windows NT 10.0; Win64; x64) AppleWebKit/537.36 (KHTML, like Gecko) Chrome/77.0.3865.120 Safari/537.36"
::1 - - [23/Oct/2019:00:41:40 +0000] "OPTIONS /prodregistration HTTP/1.1" 200 20 "http://localhost:4200/prod_reg" "Mozilla/5.0 (Windows NT 10.0; Win64; x64) AppleWebKit/537.36 (KHTML, like Gecko) Chrome/77.0.3865.120 Safari/537.36"
::1 - - [23/Oct/2019:00:43:59 +0000] "POST /prodregistration HTTP/1.1" - - "http://localhost:4200/prod_reg" "Mozilla/5.0 (Windows NT 10.0; Win64; x64) AppleWebKit/537.36 (KHTML, like Gecko) Chrome/77.0.3865.120 Safari/537.36"
::1 - - [23/Oct/2019:00:44:29 +0000] "OPTIONS /prodregistration HTTP/1.1" 200 20 "http://localhost:4200/prod_reg" "Mozilla/5.0 (Windows NT 10.0; Win64; x64) AppleWebKit/537.36 (KHTML, like Gecko) Chrome/77.0.3865.120 Safari/537.36"
::1 - - [23/Oct/2019:00:45:19 +0000] "POST /prodregistration HTTP/1.1" - - "http://localhost:4200/prod_reg" "Mozilla/5.0 (Windows NT 10.0; Win64; x64) AppleWebKit/537.36 (KHTML, like Gecko) Chrome/77.0.3865.120 Safari/537.36"
