::1 - - [29/Oct/2019:04:28:41 +0000] "OPTIONS /profile/user-profile-data HTTP/1.1" 200 20 "http://localhost:4200/user_page/selled" "Mozilla/5.0 (Windows NT 10.0; Win64; x64) AppleWebKit/537.36 (KHTML, like Gecko) Chrome/77.0.3865.120 Safari/537.36"
::1 - - [29/Oct/2019:04:28:42 +0000] "GET /profile/user-profile-data HTTP/1.1" 304 - "http://localhost:4200/user_page/selled" "Mozilla/5.0 (Windows NT 10.0; Win64; x64) AppleWebKit/537.36 (KHTML, like Gecko) Chrome/77.0.3865.120 Safari/537.36"
::1 - - [29/Oct/2019:12:43:23 +0000] "OPTIONS /profile/user-profile-data HTTP/1.1" 200 20 "http://localhost:4200/user_page/selled" "Mozilla/5.0 (Windows NT 10.0; Win64; x64) AppleWebKit/537.36 (KHTML, like Gecko) Chrome/77.0.3865.120 Safari/537.36"
::1 - - [29/Oct/2019:12:43:26 +0000] "GET /profile/user-profile-data HTTP/1.1" 304 - "http://localhost:4200/user_page/selled" "Mozilla/5.0 (Windows NT 10.0; Win64; x64) AppleWebKit/537.36 (KHTML, like Gecko) Chrome/77.0.3865.120 Safari/537.36"
::1 - - [29/Oct/2019:13:09:17 +0000] "OPTIONS /profile/user-profile-data HTTP/1.1" 200 20 "http://localhost:4200/user_page/selled" "Mozilla/5.0 (Windows NT 10.0; Win64; x64) AppleWebKit/537.36 (KHTML, like Gecko) Chrome/77.0.3865.120 Safari/537.36"
::1 - - [29/Oct/2019:13:09:17 +0000] "GET /profile/user-profile-data HTTP/1.1" 304 - "http://localhost:4200/user_page/selled" "Mozilla/5.0 (Windows NT 10.0; Win64; x64) AppleWebKit/537.36 (KHTML, like Gecko) Chrome/77.0.3865.120 Safari/537.36"
::1 - - [29/Oct/2019:13:11:42 +0000] "OPTIONS /profile/user-profile-data HTTP/1.1" 200 20 "http://localhost:4200/user_page/selled" "Mozilla/5.0 (Windows NT 10.0; Win64; x64) AppleWebKit/537.36 (KHTML, like Gecko) Chrome/77.0.3865.120 Safari/537.36"
::1 - - [29/Oct/2019:13:11:43 +0000] "GET /profile/user-profile-data HTTP/1.1" 304 - "http://localhost:4200/user_page/selled" "Mozilla/5.0 (Windows NT 10.0; Win64; x64) AppleWebKit/537.36 (KHTML, like Gecko) Chrome/77.0.3865.120 Safari/537.36"
::1 - - [29/Oct/2019:13:14:16 +0000] "OPTIONS /profile/user-profile-data HTTP/1.1" 200 20 "http://localhost:4200/user_page/selled" "Mozilla/5.0 (Windows NT 10.0; Win64; x64) AppleWebKit/537.36 (KHTML, like Gecko) Chrome/77.0.3865.120 Safari/537.36"
::1 - - [29/Oct/2019:13:14:17 +0000] "GET /profile/user-profile-data HTTP/1.1" 304 - "http://localhost:4200/user_page/selled" "Mozilla/5.0 (Windows NT 10.0; Win64; x64) AppleWebKit/537.36 (KHTML, like Gecko) Chrome/77.0.3865.120 Safari/537.36"
::1 - - [29/Oct/2019:13:21:30 +0000] "OPTIONS /profile/user-profile-data HTTP/1.1" 200 20 "http://localhost:4200/user_page/selled" "Mozilla/5.0 (Windows NT 10.0; Win64; x64) AppleWebKit/537.36 (KHTML, like Gecko) Chrome/77.0.3865.120 Safari/537.36"
::1 - - [29/Oct/2019:13:21:31 +0000] "GET /profile/user-profile-data HTTP/1.1" 304 - "http://localhost:4200/user_page/selled" "Mozilla/5.0 (Windows NT 10.0; Win64; x64) AppleWebKit/537.36 (KHTML, like Gecko) Chrome/77.0.3865.120 Safari/537.36"
::1 - - [29/Oct/2019:13:21:54 +0000] "OPTIONS /profile/user-profile-data HTTP/1.1" 200 20 "http://localhost:4200/user_page/selled" "Mozilla/5.0 (Windows NT 10.0; Win64; x64) AppleWebKit/537.36 (KHTML, like Gecko) Chrome/77.0.3865.120 Safari/537.36"
::1 - - [29/Oct/2019:13:21:55 +0000] "GET /profile/user-profile-data HTTP/1.1" 304 - "http://localhost:4200/user_page/selled" "Mozilla/5.0 (Windows NT 10.0; Win64; x64) AppleWebKit/537.36 (KHTML, like Gecko) Chrome/77.0.3865.120 Safari/537.36"
::1 - - [29/Oct/2019:13:22:11 +0000] "OPTIONS /profile/user-profile-data HTTP/1.1" 200 20 "http://localhost:4200/user_page/selled" "Mozilla/5.0 (Windows NT 10.0; Win64; x64) AppleWebKit/537.36 (KHTML, like Gecko) Chrome/77.0.3865.120 Safari/537.36"
::1 - - [29/Oct/2019:13:22:11 +0000] "GET /profile/user-profile-data HTTP/1.1" 304 - "http://localhost:4200/user_page/selled" "Mozilla/5.0 (Windows NT 10.0; Win64; x64) AppleWebKit/537.36 (KHTML, like Gecko) Chrome/77.0.3865.120 Safari/537.36"
::1 - - [29/Oct/2019:13:22:43 +0000] "OPTIONS /profile/user-profile-data HTTP/1.1" 200 20 "http://localhost:4200/user_page/selled" "Mozilla/5.0 (Windows NT 10.0; Win64; x64) AppleWebKit/537.36 (KHTML, like Gecko) Chrome/77.0.3865.120 Safari/537.36"
::1 - - [29/Oct/2019:13:22:44 +0000] "GET /profile/user-profile-data HTTP/1.1" 304 - "http://localhost:4200/user_page/selled" "Mozilla/5.0 (Windows NT 10.0; Win64; x64) AppleWebKit/537.36 (KHTML, like Gecko) Chrome/77.0.3865.120 Safari/537.36"
::1 - - [29/Oct/2019:13:25:19 +0000] "OPTIONS /profile/user-profile-data HTTP/1.1" 200 20 "http://localhost:4200/user_page/selled" "Mozilla/5.0 (Windows NT 10.0; Win64; x64) AppleWebKit/537.36 (KHTML, like Gecko) Chrome/77.0.3865.120 Safari/537.36"
::1 - - [29/Oct/2019:13:25:19 +0000] "GET /profile/user-profile-data HTTP/1.1" 304 - "http://localhost:4200/user_page/selled" "Mozilla/5.0 (Windows NT 10.0; Win64; x64) AppleWebKit/537.36 (KHTML, like Gecko) Chrome/77.0.3865.120 Safari/537.36"
::1 - - [29/Oct/2019:13:29:47 +0000] "OPTIONS /profile/user-profile-data HTTP/1.1" 200 20 "http://localhost:4200/user_page/selled" "Mozilla/5.0 (Windows NT 10.0; Win64; x64) AppleWebKit/537.36 (KHTML, like Gecko) Chrome/77.0.3865.120 Safari/537.36"
::1 - - [29/Oct/2019:13:29:48 +0000] "GET /profile/user-profile-data HTTP/1.1" 304 - "http://localhost:4200/user_page/selled" "Mozilla/5.0 (Windows NT 10.0; Win64; x64) AppleWebKit/537.36 (KHTML, like Gecko) Chrome/77.0.3865.120 Safari/537.36"
::1 - - [29/Oct/2019:13:29:50 +0000] "GET /profile/user-profile-data HTTP/1.1" 304 - "http://localhost:4200/user_page/cancelated" "Mozilla/5.0 (Windows NT 10.0; Win64; x64) AppleWebKit/537.36 (KHTML, like Gecko) Chrome/77.0.3865.120 Safari/537.36"
::1 - - [29/Oct/2019:13:29:51 +0000] "GET /profile/user-profile-data HTTP/1.1" 304 - "http://localhost:4200/user_page/buyed" "Mozilla/5.0 (Windows NT 10.0; Win64; x64) AppleWebKit/537.36 (KHTML, like Gecko) Chrome/77.0.3865.120 Safari/537.36"
::1 - - [29/Oct/2019:13:29:52 +0000] "GET /profile/user-profile-data HTTP/1.1" 304 - "http://localhost:4200/user_page/selled" "Mozilla/5.0 (Windows NT 10.0; Win64; x64) AppleWebKit/537.36 (KHTML, like Gecko) Chrome/77.0.3865.120 Safari/537.36"
::1 - - [29/Oct/2019:13:30:22 +0000] "OPTIONS /profile/user-profile-data HTTP/1.1" 200 20 "http://localhost:4200/user_page/on-going" "Mozilla/5.0 (Windows NT 10.0; Win64; x64) AppleWebKit/537.36 (KHTML, like Gecko) Chrome/77.0.3865.120 Safari/537.36"
::1 - - [29/Oct/2019:13:30:22 +0000] "GET /profile/user-profile-data HTTP/1.1" 304 - "http://localhost:4200/user_page/on-going" "Mozilla/5.0 (Windows NT 10.0; Win64; x64) AppleWebKit/537.36 (KHTML, like Gecko) Chrome/77.0.3865.120 Safari/537.36"
::1 - - [29/Oct/2019:13:30:22 +0000] "GET /profile/user-profile-data HTTP/1.1" 304 - "http://localhost:4200/user_page/buyed" "Mozilla/5.0 (Windows NT 10.0; Win64; x64) AppleWebKit/537.36 (KHTML, like Gecko) Chrome/77.0.3865.120 Safari/537.36"
::1 - - [29/Oct/2019:13:30:23 +0000] "GET /profile/user-profile-data HTTP/1.1" 304 - "http://localhost:4200/user_page/selled" "Mozilla/5.0 (Windows NT 10.0; Win64; x64) AppleWebKit/537.36 (KHTML, like Gecko) Chrome/77.0.3865.120 Safari/537.36"
::1 - - [29/Oct/2019:13:30:23 +0000] "GET /profile/user-profile-data HTTP/1.1" 304 - "http://localhost:4200/user_page/on-going" "Mozilla/5.0 (Windows NT 10.0; Win64; x64) AppleWebKit/537.36 (KHTML, like Gecko) Chrome/77.0.3865.120 Safari/537.36"
::1 - - [29/Oct/2019:14:07:05 +0000] "OPTIONS /profile/user-profile-data HTTP/1.1" 200 20 "http://localhost:4200/user_page/finished" "Mozilla/5.0 (Windows NT 10.0; Win64; x64) AppleWebKit/537.36 (KHTML, like Gecko) Chrome/77.0.3865.120 Safari/537.36"
::1 - - [29/Oct/2019:14:07:05 +0000] "GET /profile/user-profile-data HTTP/1.1" 304 - "http://localhost:4200/user_page/finished" "Mozilla/5.0 (Windows NT 10.0; Win64; x64) AppleWebKit/537.36 (KHTML, like Gecko) Chrome/77.0.3865.120 Safari/537.36"
::1 - - [29/Oct/2019:14:11:25 +0000] "OPTIONS /profile/user-profile-data HTTP/1.1" 200 20 "http://localhost:4200/user_page/finished" "Mozilla/5.0 (Windows NT 10.0; Win64; x64) AppleWebKit/537.36 (KHTML, like Gecko) Chrome/77.0.3865.120 Safari/537.36"
::1 - - [29/Oct/2019:14:11:25 +0000] "GET /profile/user-profile-data HTTP/1.1" 304 - "http://localhost:4200/user_page/finished" "Mozilla/5.0 (Windows NT 10.0; Win64; x64) AppleWebKit/537.36 (KHTML, like Gecko) Chrome/77.0.3865.120 Safari/537.36"
::1 - - [29/Oct/2019:14:11:31 +0000] "OPTIONS /profile/user-profile-data HTTP/1.1" 200 20 "http://localhost:4200/user_page/finished" "Mozilla/5.0 (Windows NT 10.0; Win64; x64) AppleWebKit/537.36 (KHTML, like Gecko) Chrome/77.0.3865.120 Safari/537.36"
::1 - - [29/Oct/2019:14:11:31 +0000] "GET /profile/user-profile-data HTTP/1.1" 304 - "http://localhost:4200/user_page/finished" "Mozilla/5.0 (Windows NT 10.0; Win64; x64) AppleWebKit/537.36 (KHTML, like Gecko) Chrome/77.0.3865.120 Safari/537.36"
::1 - - [29/Oct/2019:14:11:34 +0000] "GET /profile/user-profile-data HTTP/1.1" 304 - "http://localhost:4200/user_page/buyed" "Mozilla/5.0 (Windows NT 10.0; Win64; x64) AppleWebKit/537.36 (KHTML, like Gecko) Chrome/77.0.3865.120 Safari/537.36"
::1 - - [29/Oct/2019:14:11:34 +0000] "GET /profile/user-profile-data HTTP/1.1" 304 - "http://localhost:4200/user_page/selled" "Mozilla/5.0 (Windows NT 10.0; Win64; x64) AppleWebKit/537.36 (KHTML, like Gecko) Chrome/77.0.3865.120 Safari/537.36"
::1 - - [29/Oct/2019:14:11:35 +0000] "GET /profile/user-profile-data HTTP/1.1" 304 - "http://localhost:4200/user_page/on-going" "Mozilla/5.0 (Windows NT 10.0; Win64; x64) AppleWebKit/537.36 (KHTML, like Gecko) Chrome/77.0.3865.120 Safari/537.36"
::1 - - [29/Oct/2019:14:11:36 +0000] "GET /profile/user-profile-data HTTP/1.1" 304 - "http://localhost:4200/user_page/finished" "Mozilla/5.0 (Windows NT 10.0; Win64; x64) AppleWebKit/537.36 (KHTML, like Gecko) Chrome/77.0.3865.120 Safari/537.36"
::1 - - [29/Oct/2019:14:59:09 +0000] "OPTIONS /profile/user-profile-data HTTP/1.1" 200 20 "http://localhost:4200/" "Mozilla/5.0 (Windows NT 10.0; Win64; x64) AppleWebKit/537.36 (KHTML, like Gecko) Chrome/77.0.3865.120 Safari/537.36"
::1 - - [29/Oct/2019:14:59:09 +0000] "GET /profile/user-profile-data HTTP/1.1" 304 - "http://localhost:4200/" "Mozilla/5.0 (Windows NT 10.0; Win64; x64) AppleWebKit/537.36 (KHTML, like Gecko) Chrome/77.0.3865.120 Safari/537.36"
::1 - - [29/Oct/2019:14:59:11 +0000] "OPTIONS /search HTTP/1.1" 200 20 "http://localhost:4200/search" "Mozilla/5.0 (Windows NT 10.0; Win64; x64) AppleWebKit/537.36 (KHTML, like Gecko) Chrome/77.0.3865.120 Safari/537.36"
::1 - - [29/Oct/2019:14:59:12 +0000] "GET /profile/user-profile-data HTTP/1.1" 304 - "http://localhost:4200/search" "Mozilla/5.0 (Windows NT 10.0; Win64; x64) AppleWebKit/537.36 (KHTML, like Gecko) Chrome/77.0.3865.120 Safari/537.36"
::1 - - [29/Oct/2019:14:59:36 +0000] "OPTIONS /profile/user-address HTTP/1.1" 200 20 "http://localhost:4200/prod_reg" "Mozilla/5.0 (Windows NT 10.0; Win64; x64) AppleWebKit/537.36 (KHTML, like Gecko) Chrome/77.0.3865.120 Safari/537.36"
::1 - - [29/Oct/2019:14:59:39 +0000] "GET /profile/user-address HTTP/1.1" 200 133 "http://localhost:4200/prod_reg" "Mozilla/5.0 (Windows NT 10.0; Win64; x64) AppleWebKit/537.36 (KHTML, like Gecko) Chrome/77.0.3865.120 Safari/537.36"
::1 - - [29/Oct/2019:15:00:05 +0000] "OPTIONS /prodregistration HTTP/1.1" 200 20 "http://localhost:4200/prod_reg" "Mozilla/5.0 (Windows NT 10.0; Win64; x64) AppleWebKit/537.36 (KHTML, like Gecko) Chrome/77.0.3865.120 Safari/537.36"
::1 - - [29/Oct/2019:15:00:13 +0000] "OPTIONS /search HTTP/1.1" 200 20 "http://localhost:4200/prod_reg" "Mozilla/5.0 (Windows NT 10.0; Win64; x64) AppleWebKit/537.36 (KHTML, like Gecko) Chrome/77.0.3865.120 Safari/537.36"
::1 - - [29/Oct/2019:15:00:14 +0000] "POST /prodregistration HTTP/1.1" 200 128 "http://localhost:4200/prod_reg" "Mozilla/5.0 (Windows NT 10.0; Win64; x64) AppleWebKit/537.36 (KHTML, like Gecko) Chrome/77.0.3865.120 Safari/537.36"
::1 - - [29/Oct/2019:15:00:14 +0000] "OPTIONS /search HTTP/1.1" 200 20 "http://localhost:4200/search" "Mozilla/5.0 (Windows NT 10.0; Win64; x64) AppleWebKit/537.36 (KHTML, like Gecko) Chrome/77.0.3865.120 Safari/537.36"
::1 - - [29/Oct/2019:15:00:14 +0000] "POST /search HTTP/1.1" 200 31938 "http://localhost:4200/search" "Mozilla/5.0 (Windows NT 10.0; Win64; x64) AppleWebKit/537.36 (KHTML, like Gecko) Chrome/77.0.3865.120 Safari/537.36"
::1 - - [29/Oct/2019:15:00:14 +0000] "POST /search HTTP/1.1" 200 31938 "http://localhost:4200/search" "Mozilla/5.0 (Windows NT 10.0; Win64; x64) AppleWebKit/537.36 (KHTML, like Gecko) Chrome/77.0.3865.120 Safari/537.36"
::1 - - [29/Oct/2019:15:00:18 +0000] "OPTIONS /prod-page HTTP/1.1" 200 20 "http://localhost:4200/search" "Mozilla/5.0 (Windows NT 10.0; Win64; x64) AppleWebKit/537.36 (KHTML, like Gecko) Chrome/77.0.3865.120 Safari/537.36"
::1 - - [29/Oct/2019:15:00:18 +0000] "POST /prod-page HTTP/1.1" 200 31938 "http://localhost:4200/search" "Mozilla/5.0 (Windows NT 10.0; Win64; x64) AppleWebKit/537.36 (KHTML, like Gecko) Chrome/77.0.3865.120 Safari/537.36"
::1 - - [29/Oct/2019:15:00:21 +0000] "OPTIONS /search HTTP/1.1" 200 20 "http://localhost:4200/search" "Mozilla/5.0 (Windows NT 10.0; Win64; x64) AppleWebKit/537.36 (KHTML, like Gecko) Chrome/77.0.3865.120 Safari/537.36"
::1 - - [29/Oct/2019:15:00:21 +0000] "POST /search HTTP/1.1" 200 31938 "http://localhost:4200/search" "Mozilla/5.0 (Windows NT 10.0; Win64; x64) AppleWebKit/537.36 (KHTML, like Gecko) Chrome/77.0.3865.120 Safari/537.36"
::1 - - [29/Oct/2019:15:00:22 +0000] "POST /prod-page HTTP/1.1" 200 31938 "http://localhost:4200/search" "Mozilla/5.0 (Windows NT 10.0; Win64; x64) AppleWebKit/537.36 (KHTML, like Gecko) Chrome/77.0.3865.120 Safari/537.36"
::1 - - [29/Oct/2019:15:01:11 +0000] "POST /search HTTP/1.1" - - "http://localhost:4200/search" "Mozilla/5.0 (Windows NT 10.0; Win64; x64) AppleWebKit/537.36 (KHTML, like Gecko) Chrome/77.0.3865.120 Safari/537.36"
::1 - - [29/Oct/2019:15:01:11 +0000] "POST /search HTTP/1.1" 200 31938 "http://localhost:4200/search" "Mozilla/5.0 (Windows NT 10.0; Win64; x64) AppleWebKit/537.36 (KHTML, like Gecko) Chrome/77.0.3865.120 Safari/537.36"
::1 - - [29/Oct/2019:15:02:27 +0000] "OPTIONS /profile/user-profile-data HTTP/1.1" 200 20 "http://localhost:4200/prod_page/2/1" "Mozilla/5.0 (Windows NT 10.0; Win64; x64) AppleWebKit/537.36 (KHTML, like Gecko) Chrome/77.0.3865.120 Safari/537.36"
::1 - - [29/Oct/2019:15:02:27 +0000] "GET /profile/user-profile-data HTTP/1.1" 304 - "http://localhost:4200/prod_page/2/1" "Mozilla/5.0 (Windows NT 10.0; Win64; x64) AppleWebKit/537.36 (KHTML, like Gecko) Chrome/77.0.3865.120 Safari/537.36"
::1 - - [29/Oct/2019:15:03:01 +0000] "OPTIONS /profile/signup HTTP/1.1" 200 20 "http://localhost:4200/user_page/buyed" "Mozilla/5.0 (Windows NT 10.0; Win64; x64) AppleWebKit/537.36 (KHTML, like Gecko) Chrome/77.0.3865.120 Safari/537.36"
::1 - - [29/Oct/2019:15:04:18 +0000] "OPTIONS /profile/signup HTTP/1.1" 200 20 "http://localhost:4200/user_page/buyed" "Mozilla/5.0 (Windows NT 10.0; Win64; x64) AppleWebKit/537.36 (KHTML, like Gecko) Chrome/77.0.3865.120 Safari/537.36"
::1 - - [29/Oct/2019:15:07:54 +0000] "OPTIONS /profile/signup HTTP/1.1" 200 20 "http://localhost:4200/user_page/buyed" "Mozilla/5.0 (Windows NT 10.0; Win64; x64) AppleWebKit/537.36 (KHTML, like Gecko) Chrome/77.0.3865.120 Safari/537.36"
::1 - - [29/Oct/2019:15:07:55 +0000] "POST /profile/signup HTTP/1.1" 200 108 "http://localhost:4200/user_page/buyed" "Mozilla/5.0 (Windows NT 10.0; Win64; x64) AppleWebKit/537.36 (KHTML, like Gecko) Chrome/77.0.3865.120 Safari/537.36"
::1 - - [29/Oct/2019:15:08:28 +0000] "OPTIONS /profile/signin HTTP/1.1" 200 20 "http://localhost:4200/user_page/buyed" "Mozilla/5.0 (Windows NT 10.0; Win64; x64) AppleWebKit/537.36 (KHTML, like Gecko) Chrome/77.0.3865.120 Safari/537.36"
::1 - - [29/Oct/2019:15:08:28 +0000] "POST /profile/signin HTTP/1.1" 200 108 "http://localhost:4200/user_page/buyed" "Mozilla/5.0 (Windows NT 10.0; Win64; x64) AppleWebKit/537.36 (KHTML, like Gecko) Chrome/77.0.3865.120 Safari/537.36"
::1 - - [29/Oct/2019:15:09:12 +0000] "OPTIONS /profile/signin HTTP/1.1" 200 20 "http://localhost:4200/user_page/buyed" "Mozilla/5.0 (Windows NT 10.0; Win64; x64) AppleWebKit/537.36 (KHTML, like Gecko) Chrome/77.0.3865.120 Safari/537.36"
::1 - - [29/Oct/2019:15:09:12 +0000] "POST /profile/signin HTTP/1.1" 200 108 "http://localhost:4200/user_page/buyed" "Mozilla/5.0 (Windows NT 10.0; Win64; x64) AppleWebKit/537.36 (KHTML, like Gecko) Chrome/77.0.3865.120 Safari/537.36"
::1 - - [29/Oct/2019:15:09:36 +0000] "OPTIONS /profile/signup HTTP/1.1" 200 20 "http://localhost:4200/user_page/buyed" "Mozilla/5.0 (Windows NT 10.0; Win64; x64) AppleWebKit/537.36 (KHTML, like Gecko) Chrome/77.0.3865.120 Safari/537.36"
::1 - - [29/Oct/2019:15:09:36 +0000] "POST /profile/signup HTTP/1.1" 200 338 "http://localhost:4200/user_page/buyed" "Mozilla/5.0 (Windows NT 10.0; Win64; x64) AppleWebKit/537.36 (KHTML, like Gecko) Chrome/77.0.3865.120 Safari/537.36"
::1 - - [29/Oct/2019:15:10:29 +0000] "OPTIONS /profile/user-address HTTP/1.1" 200 20 "http://localhost:4200/prod_reg" "Mozilla/5.0 (Windows NT 10.0; Win64; x64) AppleWebKit/537.36 (KHTML, like Gecko) Chrome/77.0.3865.120 Safari/537.36"
::1 - - [29/Oct/2019:15:10:29 +0000] "GET /profile/user-address HTTP/1.1" 304 - "http://localhost:4200/prod_reg" "Mozilla/5.0 (Windows NT 10.0; Win64; x64) AppleWebKit/537.36 (KHTML, like Gecko) Chrome/77.0.3865.120 Safari/537.36"
::1 - - [29/Oct/2019:15:10:38 +0000] "OPTIONS /prodregistration HTTP/1.1" 200 20 "http://localhost:4200/prod_reg" "Mozilla/5.0 (Windows NT 10.0; Win64; x64) AppleWebKit/537.36 (KHTML, like Gecko) Chrome/77.0.3865.120 Safari/537.36"
::1 - - [29/Oct/2019:15:10:40 +0000] "POST /prodregistration HTTP/1.1" 200 128 "http://localhost:4200/prod_reg" "Mozilla/5.0 (Windows NT 10.0; Win64; x64) AppleWebKit/537.36 (KHTML, like Gecko) Chrome/77.0.3865.120 Safari/537.36"
::1 - - [29/Oct/2019:15:10:43 +0000] "OPTIONS /search HTTP/1.1" 200 20 "http://localhost:4200/prod_reg" "Mozilla/5.0 (Windows NT 10.0; Win64; x64) AppleWebKit/537.36 (KHTML, like Gecko) Chrome/77.0.3865.120 Safari/537.36"
::1 - - [29/Oct/2019:15:10:43 +0000] "OPTIONS /search HTTP/1.1" 200 20 "http://localhost:4200/prod_reg" "Mozilla/5.0 (Windows NT 10.0; Win64; x64) AppleWebKit/537.36 (KHTML, like Gecko) Chrome/77.0.3865.120 Safari/537.36"
::1 - - [29/Oct/2019:15:10:43 +0000] "OPTIONS /search HTTP/1.1" 200 20 "http://localhost:4200/prod_reg" "Mozilla/5.0 (Windows NT 10.0; Win64; x64) AppleWebKit/537.36 (KHTML, like Gecko) Chrome/77.0.3865.120 Safari/537.36"
::1 - - [29/Oct/2019:15:10:43 +0000] "OPTIONS /search HTTP/1.1" 200 20 "http://localhost:4200/search" "Mozilla/5.0 (Windows NT 10.0; Win64; x64) AppleWebKit/537.36 (KHTML, like Gecko) Chrome/77.0.3865.120 Safari/537.36"
::1 - - [29/Oct/2019:15:10:43 +0000] "POST /search HTTP/1.1" 200 60182 "http://localhost:4200/search" "Mozilla/5.0 (Windows NT 10.0; Win64; x64) AppleWebKit/537.36 (KHTML, like Gecko) Chrome/77.0.3865.120 Safari/537.36"
::1 - - [29/Oct/2019:15:10:44 +0000] "POST /search HTTP/1.1" 200 60182 "http://localhost:4200/search" "Mozilla/5.0 (Windows NT 10.0; Win64; x64) AppleWebKit/537.36 (KHTML, like Gecko) Chrome/77.0.3865.120 Safari/537.36"
::1 - - [29/Oct/2019:15:10:44 +0000] "POST /search HTTP/1.1" 200 60182 "http://localhost:4200/search" "Mozilla/5.0 (Windows NT 10.0; Win64; x64) AppleWebKit/537.36 (KHTML, like Gecko) Chrome/77.0.3865.120 Safari/537.36"
::1 - - [29/Oct/2019:15:10:44 +0000] "POST /search HTTP/1.1" 200 60182 "http://localhost:4200/search" "Mozilla/5.0 (Windows NT 10.0; Win64; x64) AppleWebKit/537.36 (KHTML, like Gecko) Chrome/77.0.3865.120 Safari/537.36"
::1 - - [29/Oct/2019:15:10:47 +0000] "OPTIONS /prod-page HTTP/1.1" 200 20 "http://localhost:4200/search" "Mozilla/5.0 (Windows NT 10.0; Win64; x64) AppleWebKit/537.36 (KHTML, like Gecko) Chrome/77.0.3865.120 Safari/537.36"
::1 - - [29/Oct/2019:15:10:47 +0000] "POST /prod-page HTTP/1.1" 200 28245 "http://localhost:4200/search" "Mozilla/5.0 (Windows NT 10.0; Win64; x64) AppleWebKit/537.36 (KHTML, like Gecko) Chrome/77.0.3865.120 Safari/537.36"
::1 - - [29/Oct/2019:16:40:32 +0000] "OPTIONS /prod-page HTTP/1.1" 200 20 "http://localhost:4200/prod_page/3/7" "Mozilla/5.0 (Windows NT 10.0; Win64; x64) AppleWebKit/537.36 (KHTML, like Gecko) Chrome/77.0.3865.120 Safari/537.36"
::1 - - [29/Oct/2019:16:40:33 +0000] "POST /prod-page HTTP/1.1" 200 28245 "http://localhost:4200/prod_page/3/7" "Mozilla/5.0 (Windows NT 10.0; Win64; x64) AppleWebKit/537.36 (KHTML, like Gecko) Chrome/77.0.3865.120 Safari/537.36"
::1 - - [29/Oct/2019:16:40:38 +0000] "OPTIONS /profile/user-profile-data HTTP/1.1" 200 20 "http://localhost:4200/user_page/cancelated" "Mozilla/5.0 (Windows NT 10.0; Win64; x64) AppleWebKit/537.36 (KHTML, like Gecko) Chrome/77.0.3865.120 Safari/537.36"
::1 - - [29/Oct/2019:16:40:39 +0000] "GET /profile/user-profile-data HTTP/1.1" 200 248 "http://localhost:4200/user_page/cancelated" "Mozilla/5.0 (Windows NT 10.0; Win64; x64) AppleWebKit/537.36 (KHTML, like Gecko) Chrome/77.0.3865.120 Safari/537.36"
::1 - - [29/Oct/2019:16:56:05 +0000] "OPTIONS /profile/user-profile-data HTTP/1.1" 200 20 "http://localhost:4200/prod_page/3/7" "Mozilla/5.0 (Windows NT 10.0; Win64; x64) AppleWebKit/537.36 (KHTML, like Gecko) Chrome/77.0.3865.120 Safari/537.36"
::1 - - [29/Oct/2019:16:56:05 +0000] "GET /profile/user-profile-data HTTP/1.1" 304 - "http://localhost:4200/prod_page/3/7" "Mozilla/5.0 (Windows NT 10.0; Win64; x64) AppleWebKit/537.36 (KHTML, like Gecko) Chrome/77.0.3865.120 Safari/537.36"
::1 - - [29/Oct/2019:16:56:51 +0000] "OPTIONS /profile/user-profile-data HTTP/1.1" 200 20 "http://localhost:4200/prod_reg" "Mozilla/5.0 (Windows NT 10.0; Win64; x64) AppleWebKit/537.36 (KHTML, like Gecko) Chrome/77.0.3865.120 Safari/537.36"
::1 - - [29/Oct/2019:16:56:52 +0000] "GET /profile/user-profile-data HTTP/1.1" 304 - "http://localhost:4200/prod_reg" "Mozilla/5.0 (Windows NT 10.0; Win64; x64) AppleWebKit/537.36 (KHTML, like Gecko) Chrome/77.0.3865.120 Safari/537.36"
::1 - - [29/Oct/2019:16:56:56 +0000] "GET /profile/user-profile-data HTTP/1.1" 304 - "http://localhost:4200/user_page/buyed" "Mozilla/5.0 (Windows NT 10.0; Win64; x64) AppleWebKit/537.36 (KHTML, like Gecko) Chrome/77.0.3865.120 Safari/537.36"
::1 - - [29/Oct/2019:16:56:57 +0000] "OPTIONS /profile/user-profile-data HTTP/1.1" 200 20 "http://localhost:4200/user_page/on-going" "Mozilla/5.0 (Windows NT 10.0; Win64; x64) AppleWebKit/537.36 (KHTML, like Gecko) Chrome/77.0.3865.120 Safari/537.36"
::1 - - [29/Oct/2019:16:56:57 +0000] "GET /profile/user-profile-data HTTP/1.1" 304 - "http://localhost:4200/user_page/on-going" "Mozilla/5.0 (Windows NT 10.0; Win64; x64) AppleWebKit/537.36 (KHTML, like Gecko) Chrome/77.0.3865.120 Safari/537.36"
::1 - - [29/Oct/2019:16:56:59 +0000] "GET /profile/user-profile-data HTTP/1.1" 304 - "http://localhost:4200/user_page/selled" "Mozilla/5.0 (Windows NT 10.0; Win64; x64) AppleWebKit/537.36 (KHTML, like Gecko) Chrome/77.0.3865.120 Safari/537.36"
::1 - - [29/Oct/2019:16:57:00 +0000] "GET /profile/user-profile-data HTTP/1.1" 304 - "http://localhost:4200/user_page/finished" "Mozilla/5.0 (Windows NT 10.0; Win64; x64) AppleWebKit/537.36 (KHTML, like Gecko) Chrome/77.0.3865.120 Safari/537.36"
::1 - - [29/Oct/2019:16:57:07 +0000] "OPTIONS /profile/user-profile-data HTTP/1.1" 200 20 "http://localhost:4200/user_page/cancelated" "Mozilla/5.0 (Windows NT 10.0; Win64; x64) AppleWebKit/537.36 (KHTML, like Gecko) Chrome/77.0.3865.120 Safari/537.36"
::1 - - [29/Oct/2019:16:57:07 +0000] "GET /profile/user-profile-data HTTP/1.1" 304 - "http://localhost:4200/user_page/cancelated" "Mozilla/5.0 (Windows NT 10.0; Win64; x64) AppleWebKit/537.36 (KHTML, like Gecko) Chrome/77.0.3865.120 Safari/537.36"
::1 - - [29/Oct/2019:16:57:13 +0000] "OPTIONS /profile/user-profile-data HTTP/1.1" 200 20 "http://localhost:4200/user_page/buyed" "Mozilla/5.0 (Windows NT 10.0; Win64; x64) AppleWebKit/537.36 (KHTML, like Gecko) Chrome/77.0.3865.120 Safari/537.36"
::1 - - [29/Oct/2019:16:57:13 +0000] "GET /profile/user-profile-data HTTP/1.1" 304 - "http://localhost:4200/user_page/buyed" "Mozilla/5.0 (Windows NT 10.0; Win64; x64) AppleWebKit/537.36 (KHTML, like Gecko) Chrome/77.0.3865.120 Safari/537.36"
::1 - - [29/Oct/2019:16:57:14 +0000] "GET /profile/user-profile-data HTTP/1.1" 304 - "http://localhost:4200/user_page/selled" "Mozilla/5.0 (Windows NT 10.0; Win64; x64) AppleWebKit/537.36 (KHTML, like Gecko) Chrome/77.0.3865.120 Safari/537.36"
::1 - - [29/Oct/2019:16:57:16 +0000] "GET /profile/user-profile-data HTTP/1.1" 304 - "http://localhost:4200/user_page/on-going" "Mozilla/5.0 (Windows NT 10.0; Win64; x64) AppleWebKit/537.36 (KHTML, like Gecko) Chrome/77.0.3865.120 Safari/537.36"
::1 - - [29/Oct/2019:16:57:17 +0000] "GET /profile/user-profile-data HTTP/1.1" 304 - "http://localhost:4200/user_page/finished" "Mozilla/5.0 (Windows NT 10.0; Win64; x64) AppleWebKit/537.36 (KHTML, like Gecko) Chrome/77.0.3865.120 Safari/537.36"
::1 - - [29/Oct/2019:16:57:32 +0000] "OPTIONS /profile/update-profile-pic HTTP/1.1" 200 20 "http://localhost:4200/user_page/cancelated" "Mozilla/5.0 (Windows NT 10.0; Win64; x64) AppleWebKit/537.36 (KHTML, like Gecko) Chrome/77.0.3865.120 Safari/537.36"
::1 - - [29/Oct/2019:16:57:33 +0000] "PATCH /profile/update-profile-pic HTTP/1.1" 200 28022 "http://localhost:4200/user_page/cancelated" "Mozilla/5.0 (Windows NT 10.0; Win64; x64) AppleWebKit/537.36 (KHTML, like Gecko) Chrome/77.0.3865.120 Safari/537.36"
::1 - - [29/Oct/2019:16:57:41 +0000] "OPTIONS /profile/user-profile-data HTTP/1.1" 200 20 "http://localhost:4200/user_page/cancelated" "Mozilla/5.0 (Windows NT 10.0; Win64; x64) AppleWebKit/537.36 (KHTML, like Gecko) Chrome/77.0.3865.120 Safari/537.36"
::1 - - [29/Oct/2019:16:57:41 +0000] "GET /profile/user-profile-data HTTP/1.1" 304 - "http://localhost:4200/user_page/cancelated" "Mozilla/5.0 (Windows NT 10.0; Win64; x64) AppleWebKit/537.36 (KHTML, like Gecko) Chrome/77.0.3865.120 Safari/537.36"
::1 - - [29/Oct/2019:16:57:44 +0000] "GET /profile/user-profile-data HTTP/1.1" 304 - "http://localhost:4200/user_page/buyed" "Mozilla/5.0 (Windows NT 10.0; Win64; x64) AppleWebKit/537.36 (KHTML, like Gecko) Chrome/77.0.3865.120 Safari/537.36"
::1 - - [29/Oct/2019:16:57:46 +0000] "GET /profile/user-profile-data HTTP/1.1" 304 - "http://localhost:4200/user_page/buyed" "Mozilla/5.0 (Windows NT 10.0; Win64; x64) AppleWebKit/537.36 (KHTML, like Gecko) Chrome/77.0.3865.120 Safari/537.36"
::1 - - [29/Oct/2019:16:58:28 +0000] "OPTIONS /profile/user-profile-data HTTP/1.1" 200 20 "http://localhost:4200/" "Mozilla/5.0 (Windows NT 10.0; Win64; x64) AppleWebKit/537.36 (KHTML, like Gecko) Chrome/77.0.3865.120 Safari/537.36"
::1 - - [29/Oct/2019:16:58:28 +0000] "GET /profile/user-profile-data HTTP/1.1" 304 - "http://localhost:4200/" "Mozilla/5.0 (Windows NT 10.0; Win64; x64) AppleWebKit/537.36 (KHTML, like Gecko) Chrome/77.0.3865.120 Safari/537.36"
::1 - - [29/Oct/2019:16:58:34 +0000] "OPTIONS /profile/user-profile-data HTTP/1.1" 200 20 "http://localhost:4200/user_page/buyed" "Mozilla/5.0 (Windows NT 10.0; Win64; x64) AppleWebKit/537.36 (KHTML, like Gecko) Chrome/77.0.3865.120 Safari/537.36"
::1 - - [29/Oct/2019:16:58:34 +0000] "GET /profile/user-profile-data HTTP/1.1" 304 - "http://localhost:4200/user_page/buyed" "Mozilla/5.0 (Windows NT 10.0; Win64; x64) AppleWebKit/537.36 (KHTML, like Gecko) Chrome/77.0.3865.120 Safari/537.36"
::1 - - [29/Oct/2019:16:58:40 +0000] "OPTIONS /profile/user-profile-data HTTP/1.1" 200 20 "http://localhost:4200/user_page/buyed" "Mozilla/5.0 (Windows NT 10.0; Win64; x64) AppleWebKit/537.36 (KHTML, like Gecko) Chrome/77.0.3865.120 Safari/537.36"
::1 - - [29/Oct/2019:16:58:40 +0000] "GET /profile/user-profile-data HTTP/1.1" 304 - "http://localhost:4200/user_page/buyed" "Mozilla/5.0 (Windows NT 10.0; Win64; x64) AppleWebKit/537.36 (KHTML, like Gecko) Chrome/77.0.3865.120 Safari/537.36"
::1 - - [29/Oct/2019:16:58:53 +0000] "OPTIONS /search HTTP/1.1" 200 20 "http://localhost:4200/search" "Mozilla/5.0 (Windows NT 10.0; Win64; x64) AppleWebKit/537.36 (KHTML, like Gecko) Chrome/77.0.3865.120 Safari/537.36"
::1 - - [29/Oct/2019:16:58:54 +0000] "POST /search HTTP/1.1" 200 60182 "http://localhost:4200/search" "Mozilla/5.0 (Windows NT 10.0; Win64; x64) AppleWebKit/537.36 (KHTML, like Gecko) Chrome/77.0.3865.120 Safari/537.36"
::1 - - [29/Oct/2019:16:59:00 +0000] "OPTIONS /prod-page HTTP/1.1" 200 20 "http://localhost:4200/search" "Mozilla/5.0 (Windows NT 10.0; Win64; x64) AppleWebKit/537.36 (KHTML, like Gecko) Chrome/77.0.3865.120 Safari/537.36"
::1 - - [29/Oct/2019:16:59:00 +0000] "POST /prod-page HTTP/1.1" 200 31938 "http://localhost:4200/search" "Mozilla/5.0 (Windows NT 10.0; Win64; x64) AppleWebKit/537.36 (KHTML, like Gecko) Chrome/77.0.3865.120 Safari/537.36"
::1 - - [29/Oct/2019:17:29:18 +0000] "OPTIONS /profile/user-profile-data HTTP/1.1" 200 20 "http://localhost:4200/prod_page/2/1" "Mozilla/5.0 (Windows NT 10.0; Win64; x64) AppleWebKit/537.36 (KHTML, like Gecko) Chrome/77.0.3865.120 Safari/537.36"
::1 - - [29/Oct/2019:17:29:18 +0000] "GET /profile/user-profile-data HTTP/1.1" 304 - "http://localhost:4200/prod_page/2/1" "Mozilla/5.0 (Windows NT 10.0; Win64; x64) AppleWebKit/537.36 (KHTML, like Gecko) Chrome/77.0.3865.120 Safari/537.36"
::1 - - [29/Oct/2019:17:29:24 +0000] "OPTIONS /profile/user-profile-data HTTP/1.1" 200 20 "http://localhost:4200/user_page/buyed" "Mozilla/5.0 (Windows NT 10.0; Win64; x64) AppleWebKit/537.36 (KHTML, like Gecko) Chrome/77.0.3865.120 Safari/537.36"
::1 - - [29/Oct/2019:17:29:24 +0000] "GET /profile/user-profile-data HTTP/1.1" 304 - "http://localhost:4200/user_page/buyed" "Mozilla/5.0 (Windows NT 10.0; Win64; x64) AppleWebKit/537.36 (KHTML, like Gecko) Chrome/77.0.3865.120 Safari/537.36"
::1 - - [29/Oct/2019:17:43:10 +0000] "OPTIONS /profile/signin HTTP/1.1" 200 20 "http://localhost:4200/" "Mozilla/5.0 (Windows NT 10.0; Win64; x64) AppleWebKit/537.36 (KHTML, like Gecko) Chrome/77.0.3865.120 Safari/537.36"
::1 - - [29/Oct/2019:17:43:10 +0000] "POST /profile/signin HTTP/1.1" 200 108 "http://localhost:4200/" "Mozilla/5.0 (Windows NT 10.0; Win64; x64) AppleWebKit/537.36 (KHTML, like Gecko) Chrome/77.0.3865.120 Safari/537.36"
::1 - - [29/Oct/2019:17:43:10 +0000] "POST /profile/signin HTTP/1.1" 200 108 "http://localhost:4200/" "Mozilla/5.0 (Windows NT 10.0; Win64; x64) AppleWebKit/537.36 (KHTML, like Gecko) Chrome/77.0.3865.120 Safari/537.36"
::1 - - [29/Oct/2019:17:43:11 +0000] "POST /profile/signin HTTP/1.1" 200 108 "http://localhost:4200/" "Mozilla/5.0 (Windows NT 10.0; Win64; x64) AppleWebKit/537.36 (KHTML, like Gecko) Chrome/77.0.3865.120 Safari/537.36"
::1 - - [29/Oct/2019:17:43:13 +0000] "POST /profile/signin HTTP/1.1" 200 108 "http://localhost:4200/" "Mozilla/5.0 (Windows NT 10.0; Win64; x64) AppleWebKit/537.36 (KHTML, like Gecko) Chrome/77.0.3865.120 Safari/537.36"
::1 - - [29/Oct/2019:17:43:15 +0000] "POST /profile/signin HTTP/1.1" 200 108 "http://localhost:4200/" "Mozilla/5.0 (Windows NT 10.0; Win64; x64) AppleWebKit/537.36 (KHTML, like Gecko) Chrome/77.0.3865.120 Safari/537.36"
::1 - - [29/Oct/2019:17:43:15 +0000] "POST /profile/signin HTTP/1.1" 200 108 "http://localhost:4200/" "Mozilla/5.0 (Windows NT 10.0; Win64; x64) AppleWebKit/537.36 (KHTML, like Gecko) Chrome/77.0.3865.120 Safari/537.36"
::1 - - [29/Oct/2019:17:43:15 +0000] "OPTIONS /profile/signin HTTP/1.1" 200 20 "http://localhost:4200/" "Mozilla/5.0 (Windows NT 10.0; Win64; x64) AppleWebKit/537.36 (KHTML, like Gecko) Chrome/77.0.3865.120 Safari/537.36"
::1 - - [29/Oct/2019:17:43:15 +0000] "POST /profile/signin HTTP/1.1" 200 108 "http://localhost:4200/" "Mozilla/5.0 (Windows NT 10.0; Win64; x64) AppleWebKit/537.36 (KHTML, like Gecko) Chrome/77.0.3865.120 Safari/537.36"
::1 - - [29/Oct/2019:17:43:16 +0000] "POST /profile/signin HTTP/1.1" 200 108 "http://localhost:4200/" "Mozilla/5.0 (Windows NT 10.0; Win64; x64) AppleWebKit/537.36 (KHTML, like Gecko) Chrome/77.0.3865.120 Safari/537.36"
::1 - - [29/Oct/2019:17:43:16 +0000] "POST /profile/signin HTTP/1.1" 200 108 "http://localhost:4200/" "Mozilla/5.0 (Windows NT 10.0; Win64; x64) AppleWebKit/537.36 (KHTML, like Gecko) Chrome/77.0.3865.120 Safari/537.36"
::1 - - [29/Oct/2019:17:43:50 +0000] "OPTIONS /profile/signup HTTP/1.1" 200 20 "http://localhost:4200/" "Mozilla/5.0 (Windows NT 10.0; Win64; x64) AppleWebKit/537.36 (KHTML, like Gecko) Chrome/77.0.3865.120 Safari/537.36"
::1 - - [29/Oct/2019:17:43:50 +0000] "POST /profile/signup HTTP/1.1" 200 342 "http://localhost:4200/" "Mozilla/5.0 (Windows NT 10.0; Win64; x64) AppleWebKit/537.36 (KHTML, like Gecko) Chrome/77.0.3865.120 Safari/537.36"
::1 - - [29/Oct/2019:17:43:52 +0000] "OPTIONS /profile/user-profile-data HTTP/1.1" 200 20 "http://localhost:4200/" "Mozilla/5.0 (Windows NT 10.0; Win64; x64) AppleWebKit/537.36 (KHTML, like Gecko) Chrome/77.0.3865.120 Safari/537.36"
::1 - - [29/Oct/2019:17:43:53 +0000] "GET /profile/user-profile-data HTTP/1.1" 200 250 "http://localhost:4200/" "Mozilla/5.0 (Windows NT 10.0; Win64; x64) AppleWebKit/537.36 (KHTML, like Gecko) Chrome/77.0.3865.120 Safari/537.36"
::1 - - [29/Oct/2019:19:13:31 +0000] "OPTIONS /profile/update-profile-pic HTTP/1.1" 200 20 "http://localhost:4200/user_page/buyed" "Mozilla/5.0 (Windows NT 10.0; Win64; x64) AppleWebKit/537.36 (KHTML, like Gecko) Chrome/77.0.3865.120 Safari/537.36"
::1 - - [29/Oct/2019:19:13:53 +0000] "OPTIONS /profile/signin HTTP/1.1" 200 20 "http://localhost:4200/user_page/buyed" "Mozilla/5.0 (Windows NT 10.0; Win64; x64) AppleWebKit/537.36 (KHTML, like Gecko) Chrome/77.0.3865.120 Safari/537.36"
::1 - - [29/Oct/2019:19:13:54 +0000] "POST /profile/signin HTTP/1.1" 200 108 "http://localhost:4200/user_page/buyed" "Mozilla/5.0 (Windows NT 10.0; Win64; x64) AppleWebKit/537.36 (KHTML, like Gecko) Chrome/77.0.3865.120 Safari/537.36"
::1 - - [29/Oct/2019:19:13:55 +0000] "POST /profile/signin HTTP/1.1" 200 108 "http://localhost:4200/user_page/buyed" "Mozilla/5.0 (Windows NT 10.0; Win64; x64) AppleWebKit/537.36 (KHTML, like Gecko) Chrome/77.0.3865.120 Safari/537.36"
::1 - - [29/Oct/2019:19:14:03 +0000] "OPTIONS /profile/signin HTTP/1.1" 200 20 "http://localhost:4200/user_page/buyed" "Mozilla/5.0 (Windows NT 10.0; Win64; x64) AppleWebKit/537.36 (KHTML, like Gecko) Chrome/77.0.3865.120 Safari/537.36"
::1 - - [29/Oct/2019:19:14:04 +0000] "POST /profile/signin HTTP/1.1" 200 108 "http://localhost:4200/user_page/buyed" "Mozilla/5.0 (Windows NT 10.0; Win64; x64) AppleWebKit/537.36 (KHTML, like Gecko) Chrome/77.0.3865.120 Safari/537.36"
::1 - - [29/Oct/2019:19:14:06 +0000] "POST /profile/signin HTTP/1.1" 200 108 "http://localhost:4200/user_page/buyed" "Mozilla/5.0 (Windows NT 10.0; Win64; x64) AppleWebKit/537.36 (KHTML, like Gecko) Chrome/77.0.3865.120 Safari/537.36"
::1 - - [29/Oct/2019:19:15:31 +0000] "PATCH /profile/update-profile-pic HTTP/1.1" - - "http://localhost:4200/user_page/buyed" "Mozilla/5.0 (Windows NT 10.0; Win64; x64) AppleWebKit/537.36 (KHTML, like Gecko) Chrome/77.0.3865.120 Safari/537.36"
::1 - - [29/Oct/2019:19:17:31 +0000] "PATCH /profile/update-profile-pic HTTP/1.1" - - "http://localhost:4200/user_page/buyed" "Mozilla/5.0 (Windows NT 10.0; Win64; x64) AppleWebKit/537.36 (KHTML, like Gecko) Chrome/77.0.3865.120 Safari/537.36"
::1 - - [29/Oct/2019:22:21:17 +0000] "OPTIONS /profile/signin HTTP/1.1" 200 20 "http://localhost:4200/" "Mozilla/5.0 (Windows NT 10.0; Win64; x64) AppleWebKit/537.36 (KHTML, like Gecko) Chrome/77.0.3865.120 Safari/537.36"
::1 - - [29/Oct/2019:22:21:18 +0000] "POST /profile/signin HTTP/1.1" 200 108 "http://localhost:4200/" "Mozilla/5.0 (Windows NT 10.0; Win64; x64) AppleWebKit/537.36 (KHTML, like Gecko) Chrome/77.0.3865.120 Safari/537.36"
::1 - - [29/Oct/2019:22:23:27 +0000] "OPTIONS /profile/signup HTTP/1.1" 200 20 "http://localhost:4200/" "Mozilla/5.0 (Windows NT 10.0; Win64; x64) AppleWebKit/537.36 (KHTML, like Gecko) Chrome/77.0.3865.120 Safari/537.36"
::1 - - [29/Oct/2019:22:23:28 +0000] "POST /profile/signup HTTP/1.1" 200 108 "http://localhost:4200/" "Mozilla/5.0 (Windows NT 10.0; Win64; x64) AppleWebKit/537.36 (KHTML, like Gecko) Chrome/77.0.3865.120 Safari/537.36"
::1 - - [29/Oct/2019:22:23:52 +0000] "OPTIONS /profile/signup HTTP/1.1" 200 20 "http://localhost:4200/" "Mozilla/5.0 (Windows NT 10.0; Win64; x64) AppleWebKit/537.36 (KHTML, like Gecko) Chrome/77.0.3865.120 Safari/537.36"
::1 - - [29/Oct/2019:22:23:53 +0000] "POST /profile/signup HTTP/1.1" 200 108 "http://localhost:4200/" "Mozilla/5.0 (Windows NT 10.0; Win64; x64) AppleWebKit/537.36 (KHTML, like Gecko) Chrome/77.0.3865.120 Safari/537.36"
::1 - - [29/Oct/2019:22:24:36 +0000] "OPTIONS /profile/signup HTTP/1.1" 200 20 "http://localhost:4200/" "Mozilla/5.0 (Windows NT 10.0; Win64; x64) AppleWebKit/537.36 (KHTML, like Gecko) Chrome/77.0.3865.120 Safari/537.36"
::1 - - [29/Oct/2019:22:24:37 +0000] "POST /profile/signup HTTP/1.1" 200 108 "http://localhost:4200/" "Mozilla/5.0 (Windows NT 10.0; Win64; x64) AppleWebKit/537.36 (KHTML, like Gecko) Chrome/77.0.3865.120 Safari/537.36"
::1 - - [29/Oct/2019:22:33:49 +0000] "OPTIONS /profile/signup HTTP/1.1" 200 20 "http://localhost:4200/" "Mozilla/5.0 (Windows NT 10.0; Win64; x64) AppleWebKit/537.36 (KHTML, like Gecko) Chrome/77.0.3865.120 Safari/537.36"
::1 - - [29/Oct/2019:22:33:50 +0000] "POST /profile/signup HTTP/1.1" 200 108 "http://localhost:4200/" "Mozilla/5.0 (Windows NT 10.0; Win64; x64) AppleWebKit/537.36 (KHTML, like Gecko) Chrome/77.0.3865.120 Safari/537.36"
